
Running: ML Point cov=2 x1.05 [censoring=interpolate]
J:\Toni\Vibing\VN2_Opus\forecaster.py:57: FutureWarning: The previous implementation of stack is deprecated and will be removed in a future version of pandas. See the What's New notes for pandas 2.1.0 for details. Specify future_stack=True to adopt the new implementation and silence this warning.
  long = sales_clean.stack(dropna=False).reset_index()
J:\Toni\Vibing\VN2_Opus\forecaster.py:57: FutureWarning: The previous implementation of stack is deprecated and will be removed in a future version of pandas. See the What's New notes for pandas 2.1.0 for details. Specify future_stack=True to adopt the new implementation and silence this warning.
  long = sales_clean.stack(dropna=False).reset_index()
J:\Toni\Vibing\VN2_Opus\forecaster.py:57: FutureWarning: The previous implementation of stack is deprecated and will be removed in a future version of pandas. See the What's New notes for pandas 2.1.0 for details. Specify future_stack=True to adopt the new implementation and silence this warning.
  long = sales_clean.stack(dropna=False).reset_index()
J:\Toni\Vibing\VN2_Opus\forecaster.py:57: FutureWarning: The previous implementation of stack is deprecated and will be removed in a future version of pandas. See the What's New notes for pandas 2.1.0 for details. Specify future_stack=True to adopt the new implementation and silence this warning.
  long = sales_clean.stack(dropna=False).reset_index()
J:\Toni\Vibing\VN2_Opus\forecaster.py:57: FutureWarning: The previous implementation of stack is deprecated and will be removed in a future version of pandas. See the What's New notes for pandas 2.1.0 for details. Specify future_stack=True to adopt the new implementation and silence this warning.
  long = sales_clean.stack(dropna=False).reset_index()

=== ML Point cov=2 x1.05 [censoring=interpolate] ===
      competition_cost  comp_holding  comp_shortage  fc_mae  fc_wape  fc_bias
fold                                                                         
cv0           4,124.80      1,888.80       2,236.00    2.99     0.51     0.39
cv1           3,671.40      1,580.40       2,091.00    2.89     0.48     0.38
cv2           3,632.00      1,490.00       2,142.00    2.73     0.48     0.24
cv3           3,531.60      1,661.60       1,870.00    2.72     0.49     0.37
  MEAN  competition_cost = 3,739.95  (holding=1,655.20, shortage=2,084.75)
  MEAN  forecast MAE=2.83  WAPE=0.491  bias=+0.34
  VAL   competition_cost = 2,950.60  (holding=1,870.60, shortage=1,080.00)
  VAL   forecast MAE=2.42  WAPE=0.477  bias=+1.03
J:\Toni\Vibing\VN2_Opus\forecaster.py:57: FutureWarning: The previous implementation of stack is deprecated and will be removed in a future version of pandas. See the What's New notes for pandas 2.1.0 for details. Specify future_stack=True to adopt the new implementation and silence this warning.
  long = sales_clean.stack(dropna=False).reset_index()
  SACRED: 3,757.80  (h=1,343.80, s=2,414.00)

Running: ML Point cov=2 x1.05 [censoring=mean_impute]
J:\Toni\Vibing\VN2_Opus\forecaster.py:57: FutureWarning: The previous implementation of stack is deprecated and will be removed in a future version of pandas. See the What's New notes for pandas 2.1.0 for details. Specify future_stack=True to adopt the new implementation and silence this warning.
  long = sales_clean.stack(dropna=False).reset_index()
J:\Toni\Vibing\VN2_Opus\forecaster.py:57: FutureWarning: The previous implementation of stack is deprecated and will be removed in a future version of pandas. See the What's New notes for pandas 2.1.0 for details. Specify future_stack=True to adopt the new implementation and silence this warning.
  long = sales_clean.stack(dropna=False).reset_index()
J:\Toni\Vibing\VN2_Opus\forecaster.py:57: FutureWarning: The previous implementation of stack is deprecated and will be removed in a future version of pandas. See the What's New notes for pandas 2.1.0 for details. Specify future_stack=True to adopt the new implementation and silence this warning.
  long = sales_clean.stack(dropna=False).reset_index()
J:\Toni\Vibing\VN2_Opus\forecaster.py:57: FutureWarning: The previous implementation of stack is deprecated and will be removed in a future version of pandas. See the What's New notes for pandas 2.1.0 for details. Specify future_stack=True to adopt the new implementation and silence this warning.
  long = sales_clean.stack(dropna=False).reset_index()
J:\Toni\Vibing\VN2_Opus\forecaster.py:57: FutureWarning: The previous implementation of stack is deprecated and will be removed in a future version of pandas. See the What's New notes for pandas 2.1.0 for details. Specify future_stack=True to adopt the new implementation and silence this warning.
  long = sales_clean.stack(dropna=False).reset_index()

=== ML Point cov=2 x1.05 [censoring=mean_impute] ===
      competition_cost  comp_holding  comp_shortage  fc_mae  fc_wape  fc_bias
fold                                                                         
cv0           4,044.60      1,934.60       2,110.00    2.95     0.51     0.47
cv1           3,567.40      1,557.40       2,010.00    2.81     0.47     0.38
cv2           3,563.40      1,480.40       2,083.00    2.70     0.47     0.22
cv3           3,492.40      1,647.40       1,845.00    2.73     0.49     0.36
  MEAN  competition_cost = 3,666.95  (holding=1,654.95, shortage=2,012.00)
  MEAN  forecast MAE=2.80  WAPE=0.485  bias=+0.36
  VAL   competition_cost = 2,944.60  (holding=1,847.60, shortage=1,097.00)
  VAL   forecast MAE=2.42  WAPE=0.478  bias=+1.00
J:\Toni\Vibing\VN2_Opus\forecaster.py:57: FutureWarning: The previous implementation of stack is deprecated and will be removed in a future version of pandas. See the What's New notes for pandas 2.1.0 for details. Specify future_stack=True to adopt the new implementation and silence this warning.
  long = sales_clean.stack(dropna=False).reset_index()
  SACRED: 3,776.40  (h=1,384.40, s=2,392.00)

Running: ML Point cov=2 x1.05 [censoring=seasonal_impute]
J:\Toni\Vibing\VN2_Opus\forecaster.py:57: FutureWarning: The previous implementation of stack is deprecated and will be removed in a future version of pandas. See the What's New notes for pandas 2.1.0 for details. Specify future_stack=True to adopt the new implementation and silence this warning.
  long = sales_clean.stack(dropna=False).reset_index()
J:\Toni\Vibing\VN2_Opus\forecaster.py:57: FutureWarning: The previous implementation of stack is deprecated and will be removed in a future version of pandas. See the What's New notes for pandas 2.1.0 for details. Specify future_stack=True to adopt the new implementation and silence this warning.
  long = sales_clean.stack(dropna=False).reset_index()
J:\Toni\Vibing\VN2_Opus\forecaster.py:57: FutureWarning: The previous implementation of stack is deprecated and will be removed in a future version of pandas. See the What's New notes for pandas 2.1.0 for details. Specify future_stack=True to adopt the new implementation and silence this warning.
  long = sales_clean.stack(dropna=False).reset_index()
J:\Toni\Vibing\VN2_Opus\forecaster.py:57: FutureWarning: The previous implementation of stack is deprecated and will be removed in a future version of pandas. See the What's New notes for pandas 2.1.0 for details. Specify future_stack=True to adopt the new implementation and silence this warning.
  long = sales_clean.stack(dropna=False).reset_index()
J:\Toni\Vibing\VN2_Opus\forecaster.py:57: FutureWarning: The previous implementation of stack is deprecated and will be removed in a future version of pandas. See the What's New notes for pandas 2.1.0 for details. Specify future_stack=True to adopt the new implementation and silence this warning.
  long = sales_clean.stack(dropna=False).reset_index()

=== ML Point cov=2 x1.05 [censoring=seasonal_impute] ===
      competition_cost  comp_holding  comp_shortage  fc_mae  fc_wape  fc_bias
fold                                                                         
cv0           4,128.40      1,766.40       2,362.00    2.95     0.51     0.11
cv1           3,819.40      1,544.40       2,275.00    2.90     0.49     0.15
cv2           3,637.80      1,515.80       2,122.00    2.72     0.47     0.20
cv3           3,485.20      1,604.20       1,881.00    2.75     0.49     0.27
  MEAN  competition_cost = 3,767.70  (holding=1,607.70, shortage=2,160.00)
  MEAN  forecast MAE=2.83  WAPE=0.490  bias=+0.18
  VAL   competition_cost = 3,022.00  (holding=1,958.00, shortage=1,064.00)
  VAL   forecast MAE=2.49  WAPE=0.492  bias=+1.13
J:\Toni\Vibing\VN2_Opus\forecaster.py:57: FutureWarning: The previous implementation of stack is deprecated and will be removed in a future version of pandas. See the What's New notes for pandas 2.1.0 for details. Specify future_stack=True to adopt the new implementation and silence this warning.
  long = sales_clean.stack(dropna=False).reset_index()
  SACRED: 3,836.40  (h=1,489.40, s=2,347.00)

Running: ML Point cov=2 x1.05 [censoring=zero]
J:\Toni\Vibing\VN2_Opus\forecaster.py:57: FutureWarning: The previous implementation of stack is deprecated and will be removed in a future version of pandas. See the What's New notes for pandas 2.1.0 for details. Specify future_stack=True to adopt the new implementation and silence this warning.
  long = sales_clean.stack(dropna=False).reset_index()
J:\Toni\Vibing\VN2_Opus\forecaster.py:57: FutureWarning: The previous implementation of stack is deprecated and will be removed in a future version of pandas. See the What's New notes for pandas 2.1.0 for details. Specify future_stack=True to adopt the new implementation and silence this warning.
  long = sales_clean.stack(dropna=False).reset_index()
J:\Toni\Vibing\VN2_Opus\forecaster.py:57: FutureWarning: The previous implementation of stack is deprecated and will be removed in a future version of pandas. See the What's New notes for pandas 2.1.0 for details. Specify future_stack=True to adopt the new implementation and silence this warning.
  long = sales_clean.stack(dropna=False).reset_index()
J:\Toni\Vibing\VN2_Opus\forecaster.py:57: FutureWarning: The previous implementation of stack is deprecated and will be removed in a future version of pandas. See the What's New notes for pandas 2.1.0 for details. Specify future_stack=True to adopt the new implementation and silence this warning.
  long = sales_clean.stack(dropna=False).reset_index()
J:\Toni\Vibing\VN2_Opus\forecaster.py:57: FutureWarning: The previous implementation of stack is deprecated and will be removed in a future version of pandas. See the What's New notes for pandas 2.1.0 for details. Specify future_stack=True to adopt the new implementation and silence this warning.
  long = sales_clean.stack(dropna=False).reset_index()

=== ML Point cov=2 x1.05 [censoring=zero] ===
      competition_cost  comp_holding  comp_shortage  fc_mae  fc_wape  fc_bias
fold                                                                         
cv0           4,149.40      1,783.40       2,366.00    2.96     0.51     0.16
cv1           3,674.60      1,545.60       2,129.00    2.86     0.48     0.32
cv2           3,631.60      1,446.60       2,185.00    2.71     0.47     0.17
cv3           3,580.20      1,702.20       1,878.00    2.79     0.50     0.42
  MEAN  competition_cost = 3,758.95  (holding=1,619.45, shortage=2,139.50)
  MEAN  forecast MAE=2.83  WAPE=0.490  bias=+0.27
  VAL   competition_cost = 2,964.20  (holding=1,893.20, shortage=1,071.00)
  VAL   forecast MAE=2.48  WAPE=0.488  bias=+1.08
J:\Toni\Vibing\VN2_Opus\forecaster.py:57: FutureWarning: The previous implementation of stack is deprecated and will be removed in a future version of pandas. See the What's New notes for pandas 2.1.0 for details. Specify future_stack=True to adopt the new implementation and silence this warning.
  long = sales_clean.stack(dropna=False).reset_index()
  SACRED: 3,821.80  (h=1,341.80, s=2,480.00)


================================================================================
  CENSORING STRATEGY COMPARISON (cov=2 x1.05)
================================================================================
  Strategy                                        CV mean       VAL    SACRED
  ------------------------------------------------------------------------------
  ML Point cov=2 x1.05 [censoring=interpolate]      3,740     2,951     3,758
  ML Point cov=2 x1.05 [censoring=mean_impute]      3,667     2,945     3,776
  ML Point cov=2 x1.05 [censoring=seasonal_impute]     3,768     3,022     3,836
  ML Point cov=2 x1.05 [censoring=zero]             3,759     2,964     3,822
