J:\Toni\Vibing\VN2_Opus\forecaster.py:57: FutureWarning: The previous implementation of stack is deprecated and will be removed in a future version of pandas. See the What's New notes for pandas 2.1.0 for details. Specify future_stack=True to adopt the new implementation and silence this warning.
  long = sales_clean.stack(dropna=False).reset_index()
J:\Toni\Vibing\VN2_Opus\forecaster.py:57: FutureWarning: The previous implementation of stack is deprecated and will be removed in a future version of pandas. See the What's New notes for pandas 2.1.0 for details. Specify future_stack=True to adopt the new implementation and silence this warning.
  long = sales_clean.stack(dropna=False).reset_index()
J:\Toni\Vibing\VN2_Opus\forecaster.py:57: FutureWarning: The previous implementation of stack is deprecated and will be removed in a future version of pandas. See the What's New notes for pandas 2.1.0 for details. Specify future_stack=True to adopt the new implementation and silence this warning.
  long = sales_clean.stack(dropna=False).reset_index()
J:\Toni\Vibing\VN2_Opus\forecaster.py:57: FutureWarning: The previous implementation of stack is deprecated and will be removed in a future version of pandas. See the What's New notes for pandas 2.1.0 for details. Specify future_stack=True to adopt the new implementation and silence this warning.
  long = sales_clean.stack(dropna=False).reset_index()
J:\Toni\Vibing\VN2_Opus\forecaster.py:57: FutureWarning: The previous implementation of stack is deprecated and will be removed in a future version of pandas. See the What's New notes for pandas 2.1.0 for details. Specify future_stack=True to adopt the new implementation and silence this warning.
  long = sales_clean.stack(dropna=False).reset_index()
J:\Toni\Vibing\VN2_Opus\forecaster.py:57: FutureWarning: The previous implementation of stack is deprecated and will be removed in a future version of pandas. See the What's New notes for pandas 2.1.0 for details. Specify future_stack=True to adopt the new implementation and silence this warning.
  long = sales_clean.stack(dropna=False).reset_index()
J:\Toni\Vibing\VN2_Opus\forecaster.py:57: FutureWarning: The previous implementation of stack is deprecated and will be removed in a future version of pandas. See the What's New notes for pandas 2.1.0 for details. Specify future_stack=True to adopt the new implementation and silence this warning.
  long = sales_clean.stack(dropna=False).reset_index()
J:\Toni\Vibing\VN2_Opus\forecaster.py:57: FutureWarning: The previous implementation of stack is deprecated and will be removed in a future version of pandas. See the What's New notes for pandas 2.1.0 for details. Specify future_stack=True to adopt the new implementation and silence this warning.
  long = sales_clean.stack(dropna=False).reset_index()
J:\Toni\Vibing\VN2_Opus\forecaster.py:57: FutureWarning: The previous implementation of stack is deprecated and will be removed in a future version of pandas. See the What's New notes for pandas 2.1.0 for details. Specify future_stack=True to adopt the new implementation and silence this warning.
  long = sales_clean.stack(dropna=False).reset_index()
J:\Toni\Vibing\VN2_Opus\forecaster.py:57: FutureWarning: The previous implementation of stack is deprecated and will be removed in a future version of pandas. See the What's New notes for pandas 2.1.0 for details. Specify future_stack=True to adopt the new implementation and silence this warning.
  long = sales_clean.stack(dropna=False).reset_index()
J:\Toni\Vibing\VN2_Opus\forecaster.py:57: FutureWarning: The previous implementation of stack is deprecated and will be removed in a future version of pandas. See the What's New notes for pandas 2.1.0 for details. Specify future_stack=True to adopt the new implementation and silence this warning.
  long = sales_clean.stack(dropna=False).reset_index()
J:\Toni\Vibing\VN2_Opus\forecaster.py:57: FutureWarning: The previous implementation of stack is deprecated and will be removed in a future version of pandas. See the What's New notes for pandas 2.1.0 for details. Specify future_stack=True to adopt the new implementation and silence this warning.
  long = sales_clean.stack(dropna=False).reset_index()
J:\Toni\Vibing\VN2_Opus\forecaster.py:57: FutureWarning: The previous implementation of stack is deprecated and will be removed in a future version of pandas. See the What's New notes for pandas 2.1.0 for details. Specify future_stack=True to adopt the new implementation and silence this warning.
  long = sales_clean.stack(dropna=False).reset_index()
J:\Toni\Vibing\VN2_Opus\forecaster.py:57: FutureWarning: The previous implementation of stack is deprecated and will be removed in a future version of pandas. See the What's New notes for pandas 2.1.0 for details. Specify future_stack=True to adopt the new implementation and silence this warning.
  long = sales_clean.stack(dropna=False).reset_index()
J:\Toni\Vibing\VN2_Opus\forecaster.py:57: FutureWarning: The previous implementation of stack is deprecated and will be removed in a future version of pandas. See the What's New notes for pandas 2.1.0 for details. Specify future_stack=True to adopt the new implementation and silence this warning.
  long = sales_clean.stack(dropna=False).reset_index()
J:\Toni\Vibing\VN2_Opus\forecaster.py:57: FutureWarning: The previous implementation of stack is deprecated and will be removed in a future version of pandas. See the What's New notes for pandas 2.1.0 for details. Specify future_stack=True to adopt the new implementation and silence this warning.
  long = sales_clean.stack(dropna=False).reset_index()
J:\Toni\Vibing\VN2_Opus\forecaster.py:57: FutureWarning: The previous implementation of stack is deprecated and will be removed in a future version of pandas. See the What's New notes for pandas 2.1.0 for details. Specify future_stack=True to adopt the new implementation and silence this warning.
  long = sales_clean.stack(dropna=False).reset_index()
J:\Toni\Vibing\VN2_Opus\forecaster.py:57: FutureWarning: The previous implementation of stack is deprecated and will be removed in a future version of pandas. See the What's New notes for pandas 2.1.0 for details. Specify future_stack=True to adopt the new implementation and silence this warning.
  long = sales_clean.stack(dropna=False).reset_index()
J:\Toni\Vibing\VN2_Opus\forecaster.py:57: FutureWarning: The previous implementation of stack is deprecated and will be removed in a future version of pandas. See the What's New notes for pandas 2.1.0 for details. Specify future_stack=True to adopt the new implementation and silence this warning.
  long = sales_clean.stack(dropna=False).reset_index()
J:\Toni\Vibing\VN2_Opus\forecaster.py:57: FutureWarning: The previous implementation of stack is deprecated and will be removed in a future version of pandas. See the What's New notes for pandas 2.1.0 for details. Specify future_stack=True to adopt the new implementation and silence this warning.
  long = sales_clean.stack(dropna=False).reset_index()
J:\Toni\Vibing\VN2_Opus\forecaster.py:57: FutureWarning: The previous implementation of stack is deprecated and will be removed in a future version of pandas. See the What's New notes for pandas 2.1.0 for details. Specify future_stack=True to adopt the new implementation and silence this warning.
  long = sales_clean.stack(dropna=False).reset_index()
J:\Toni\Vibing\VN2_Opus\forecaster.py:57: FutureWarning: The previous implementation of stack is deprecated and will be removed in a future version of pandas. See the What's New notes for pandas 2.1.0 for details. Specify future_stack=True to adopt the new implementation and silence this warning.
  long = sales_clean.stack(dropna=False).reset_index()
J:\Toni\Vibing\VN2_Opus\forecaster.py:57: FutureWarning: The previous implementation of stack is deprecated and will be removed in a future version of pandas. See the What's New notes for pandas 2.1.0 for details. Specify future_stack=True to adopt the new implementation and silence this warning.
  long = sales_clean.stack(dropna=False).reset_index()
J:\Toni\Vibing\VN2_Opus\forecaster.py:57: FutureWarning: The previous implementation of stack is deprecated and will be removed in a future version of pandas. See the What's New notes for pandas 2.1.0 for details. Specify future_stack=True to adopt the new implementation and silence this warning.
  long = sales_clean.stack(dropna=False).reset_index()
J:\Toni\Vibing\VN2_Opus\forecaster.py:57: FutureWarning: The previous implementation of stack is deprecated and will be removed in a future version of pandas. See the What's New notes for pandas 2.1.0 for details. Specify future_stack=True to adopt the new implementation and silence this warning.
  long = sales_clean.stack(dropna=False).reset_index()
J:\Toni\Vibing\VN2_Opus\forecaster.py:57: FutureWarning: The previous implementation of stack is deprecated and will be removed in a future version of pandas. See the What's New notes for pandas 2.1.0 for details. Specify future_stack=True to adopt the new implementation and silence this warning.
  long = sales_clean.stack(dropna=False).reset_index()
J:\Toni\Vibing\VN2_Opus\forecaster.py:57: FutureWarning: The previous implementation of stack is deprecated and will be removed in a future version of pandas. See the What's New notes for pandas 2.1.0 for details. Specify future_stack=True to adopt the new implementation and silence this warning.
  long = sales_clean.stack(dropna=False).reset_index()
J:\Toni\Vibing\VN2_Opus\forecaster.py:57: FutureWarning: The previous implementation of stack is deprecated and will be removed in a future version of pandas. See the What's New notes for pandas 2.1.0 for details. Specify future_stack=True to adopt the new implementation and silence this warning.
  long = sales_clean.stack(dropna=False).reset_index()
J:\Toni\Vibing\VN2_Opus\forecaster.py:57: FutureWarning: The previous implementation of stack is deprecated and will be removed in a future version of pandas. See the What's New notes for pandas 2.1.0 for details. Specify future_stack=True to adopt the new implementation and silence this warning.
  long = sales_clean.stack(dropna=False).reset_index()
J:\Toni\Vibing\VN2_Opus\forecaster.py:57: FutureWarning: The previous implementation of stack is deprecated and will be removed in a future version of pandas. See the What's New notes for pandas 2.1.0 for details. Specify future_stack=True to adopt the new implementation and silence this warning.
  long = sales_clean.stack(dropna=False).reset_index()
J:\Toni\Vibing\VN2_Opus\forecaster.py:57: FutureWarning: The previous implementation of stack is deprecated and will be removed in a future version of pandas. See the What's New notes for pandas 2.1.0 for details. Specify future_stack=True to adopt the new implementation and silence this warning.
  long = sales_clean.stack(dropna=False).reset_index()
J:\Toni\Vibing\VN2_Opus\forecaster.py:57: FutureWarning: The previous implementation of stack is deprecated and will be removed in a future version of pandas. See the What's New notes for pandas 2.1.0 for details. Specify future_stack=True to adopt the new implementation and silence this warning.
  long = sales_clean.stack(dropna=False).reset_index()
J:\Toni\Vibing\VN2_Opus\forecaster.py:57: FutureWarning: The previous implementation of stack is deprecated and will be removed in a future version of pandas. See the What's New notes for pandas 2.1.0 for details. Specify future_stack=True to adopt the new implementation and silence this warning.
  long = sales_clean.stack(dropna=False).reset_index()
J:\Toni\Vibing\VN2_Opus\forecaster.py:57: FutureWarning: The previous implementation of stack is deprecated and will be removed in a future version of pandas. See the What's New notes for pandas 2.1.0 for details. Specify future_stack=True to adopt the new implementation and silence this warning.
  long = sales_clean.stack(dropna=False).reset_index()
J:\Toni\Vibing\VN2_Opus\forecaster.py:57: FutureWarning: The previous implementation of stack is deprecated and will be removed in a future version of pandas. See the What's New notes for pandas 2.1.0 for details. Specify future_stack=True to adopt the new implementation and silence this warning.
  long = sales_clean.stack(dropna=False).reset_index()
J:\Toni\Vibing\VN2_Opus\forecaster.py:57: FutureWarning: The previous implementation of stack is deprecated and will be removed in a future version of pandas. See the What's New notes for pandas 2.1.0 for details. Specify future_stack=True to adopt the new implementation and silence this warning.
  long = sales_clean.stack(dropna=False).reset_index()
J:\Toni\Vibing\VN2_Opus\forecaster.py:57: FutureWarning: The previous implementation of stack is deprecated and will be removed in a future version of pandas. See the What's New notes for pandas 2.1.0 for details. Specify future_stack=True to adopt the new implementation and silence this warning.
  long = sales_clean.stack(dropna=False).reset_index()
J:\Toni\Vibing\VN2_Opus\forecaster.py:57: FutureWarning: The previous implementation of stack is deprecated and will be removed in a future version of pandas. See the What's New notes for pandas 2.1.0 for details. Specify future_stack=True to adopt the new implementation and silence this warning.
  long = sales_clean.stack(dropna=False).reset_index()
J:\Toni\Vibing\VN2_Opus\forecaster.py:57: FutureWarning: The previous implementation of stack is deprecated and will be removed in a future version of pandas. See the What's New notes for pandas 2.1.0 for details. Specify future_stack=True to adopt the new implementation and silence this warning.
  long = sales_clean.stack(dropna=False).reset_index()
J:\Toni\Vibing\VN2_Opus\forecaster.py:57: FutureWarning: The previous implementation of stack is deprecated and will be removed in a future version of pandas. See the What's New notes for pandas 2.1.0 for details. Specify future_stack=True to adopt the new implementation and silence this warning.
  long = sales_clean.stack(dropna=False).reset_index()
J:\Toni\Vibing\VN2_Opus\forecaster.py:57: FutureWarning: The previous implementation of stack is deprecated and will be removed in a future version of pandas. See the What's New notes for pandas 2.1.0 for details. Specify future_stack=True to adopt the new implementation and silence this warning.
  long = sales_clean.stack(dropna=False).reset_index()
J:\Toni\Vibing\VN2_Opus\forecaster.py:57: FutureWarning: The previous implementation of stack is deprecated and will be removed in a future version of pandas. See the What's New notes for pandas 2.1.0 for details. Specify future_stack=True to adopt the new implementation and silence this warning.
  long = sales_clean.stack(dropna=False).reset_index()
J:\Toni\Vibing\VN2_Opus\forecaster.py:57: FutureWarning: The previous implementation of stack is deprecated and will be removed in a future version of pandas. See the What's New notes for pandas 2.1.0 for details. Specify future_stack=True to adopt the new implementation and silence this warning.
  long = sales_clean.stack(dropna=False).reset_index()
J:\Toni\Vibing\VN2_Opus\forecaster.py:57: FutureWarning: The previous implementation of stack is deprecated and will be removed in a future version of pandas. See the What's New notes for pandas 2.1.0 for details. Specify future_stack=True to adopt the new implementation and silence this warning.
  long = sales_clean.stack(dropna=False).reset_index()
J:\Toni\Vibing\VN2_Opus\forecaster.py:57: FutureWarning: The previous implementation of stack is deprecated and will be removed in a future version of pandas. See the What's New notes for pandas 2.1.0 for details. Specify future_stack=True to adopt the new implementation and silence this warning.
  long = sales_clean.stack(dropna=False).reset_index()
J:\Toni\Vibing\VN2_Opus\forecaster.py:57: FutureWarning: The previous implementation of stack is deprecated and will be removed in a future version of pandas. See the What's New notes for pandas 2.1.0 for details. Specify future_stack=True to adopt the new implementation and silence this warning.
  long = sales_clean.stack(dropna=False).reset_index()
J:\Toni\Vibing\VN2_Opus\forecaster.py:57: FutureWarning: The previous implementation of stack is deprecated and will be removed in a future version of pandas. See the What's New notes for pandas 2.1.0 for details. Specify future_stack=True to adopt the new implementation and silence this warning.
  long = sales_clean.stack(dropna=False).reset_index()
J:\Toni\Vibing\VN2_Opus\forecaster.py:57: FutureWarning: The previous implementation of stack is deprecated and will be removed in a future version of pandas. See the What's New notes for pandas 2.1.0 for details. Specify future_stack=True to adopt the new implementation and silence this warning.
  long = sales_clean.stack(dropna=False).reset_index()
J:\Toni\Vibing\VN2_Opus\forecaster.py:57: FutureWarning: The previous implementation of stack is deprecated and will be removed in a future version of pandas. See the What's New notes for pandas 2.1.0 for details. Specify future_stack=True to adopt the new implementation and silence this warning.
  long = sales_clean.stack(dropna=False).reset_index()
J:\Toni\Vibing\VN2_Opus\forecaster.py:57: FutureWarning: The previous implementation of stack is deprecated and will be removed in a future version of pandas. See the What's New notes for pandas 2.1.0 for details. Specify future_stack=True to adopt the new implementation and silence this warning.
  long = sales_clean.stack(dropna=False).reset_index()
J:\Toni\Vibing\VN2_Opus\forecaster.py:57: FutureWarning: The previous implementation of stack is deprecated and will be removed in a future version of pandas. See the What's New notes for pandas 2.1.0 for details. Specify future_stack=True to adopt the new implementation and silence this warning.
  long = sales_clean.stack(dropna=False).reset_index()
J:\Toni\Vibing\VN2_Opus\forecaster.py:57: FutureWarning: The previous implementation of stack is deprecated and will be removed in a future version of pandas. See the What's New notes for pandas 2.1.0 for details. Specify future_stack=True to adopt the new implementation and silence this warning.
  long = sales_clean.stack(dropna=False).reset_index()
J:\Toni\Vibing\VN2_Opus\forecaster.py:57: FutureWarning: The previous implementation of stack is deprecated and will be removed in a future version of pandas. See the What's New notes for pandas 2.1.0 for details. Specify future_stack=True to adopt the new implementation and silence this warning.
  long = sales_clean.stack(dropna=False).reset_index()
J:\Toni\Vibing\VN2_Opus\forecaster.py:57: FutureWarning: The previous implementation of stack is deprecated and will be removed in a future version of pandas. See the What's New notes for pandas 2.1.0 for details. Specify future_stack=True to adopt the new implementation and silence this warning.
  long = sales_clean.stack(dropna=False).reset_index()
J:\Toni\Vibing\VN2_Opus\forecaster.py:57: FutureWarning: The previous implementation of stack is deprecated and will be removed in a future version of pandas. See the What's New notes for pandas 2.1.0 for details. Specify future_stack=True to adopt the new implementation and silence this warning.
  long = sales_clean.stack(dropna=False).reset_index()
J:\Toni\Vibing\VN2_Opus\forecaster.py:57: FutureWarning: The previous implementation of stack is deprecated and will be removed in a future version of pandas. See the What's New notes for pandas 2.1.0 for details. Specify future_stack=True to adopt the new implementation and silence this warning.
  long = sales_clean.stack(dropna=False).reset_index()
J:\Toni\Vibing\VN2_Opus\forecaster.py:57: FutureWarning: The previous implementation of stack is deprecated and will be removed in a future version of pandas. See the What's New notes for pandas 2.1.0 for details. Specify future_stack=True to adopt the new implementation and silence this warning.
  long = sales_clean.stack(dropna=False).reset_index()
J:\Toni\Vibing\VN2_Opus\forecaster.py:57: FutureWarning: The previous implementation of stack is deprecated and will be removed in a future version of pandas. See the What's New notes for pandas 2.1.0 for details. Specify future_stack=True to adopt the new implementation and silence this warning.
  long = sales_clean.stack(dropna=False).reset_index()
J:\Toni\Vibing\VN2_Opus\forecaster.py:57: FutureWarning: The previous implementation of stack is deprecated and will be removed in a future version of pandas. See the What's New notes for pandas 2.1.0 for details. Specify future_stack=True to adopt the new implementation and silence this warning.
  long = sales_clean.stack(dropna=False).reset_index()
J:\Toni\Vibing\VN2_Opus\forecaster.py:57: FutureWarning: The previous implementation of stack is deprecated and will be removed in a future version of pandas. See the What's New notes for pandas 2.1.0 for details. Specify future_stack=True to adopt the new implementation and silence this warning.
  long = sales_clean.stack(dropna=False).reset_index()
J:\Toni\Vibing\VN2_Opus\forecaster.py:57: FutureWarning: The previous implementation of stack is deprecated and will be removed in a future version of pandas. See the What's New notes for pandas 2.1.0 for details. Specify future_stack=True to adopt the new implementation and silence this warning.
  long = sales_clean.stack(dropna=False).reset_index()
J:\Toni\Vibing\VN2_Opus\forecaster.py:57: FutureWarning: The previous implementation of stack is deprecated and will be removed in a future version of pandas. See the What's New notes for pandas 2.1.0 for details. Specify future_stack=True to adopt the new implementation and silence this warning.
  long = sales_clean.stack(dropna=False).reset_index()
J:\Toni\Vibing\VN2_Opus\forecaster.py:57: FutureWarning: The previous implementation of stack is deprecated and will be removed in a future version of pandas. See the What's New notes for pandas 2.1.0 for details. Specify future_stack=True to adopt the new implementation and silence this warning.
  long = sales_clean.stack(dropna=False).reset_index()
J:\Toni\Vibing\VN2_Opus\forecaster.py:57: FutureWarning: The previous implementation of stack is deprecated and will be removed in a future version of pandas. See the What's New notes for pandas 2.1.0 for details. Specify future_stack=True to adopt the new implementation and silence this warning.
  long = sales_clean.stack(dropna=False).reset_index()
J:\Toni\Vibing\VN2_Opus\forecaster.py:57: FutureWarning: The previous implementation of stack is deprecated and will be removed in a future version of pandas. See the What's New notes for pandas 2.1.0 for details. Specify future_stack=True to adopt the new implementation and silence this warning.
  long = sales_clean.stack(dropna=False).reset_index()
J:\Toni\Vibing\VN2_Opus\forecaster.py:57: FutureWarning: The previous implementation of stack is deprecated and will be removed in a future version of pandas. See the What's New notes for pandas 2.1.0 for details. Specify future_stack=True to adopt the new implementation and silence this warning.
  long = sales_clean.stack(dropna=False).reset_index()
J:\Toni\Vibing\VN2_Opus\forecaster.py:57: FutureWarning: The previous implementation of stack is deprecated and will be removed in a future version of pandas. See the What's New notes for pandas 2.1.0 for details. Specify future_stack=True to adopt the new implementation and silence this warning.
  long = sales_clean.stack(dropna=False).reset_index()
J:\Toni\Vibing\VN2_Opus\forecaster.py:57: FutureWarning: The previous implementation of stack is deprecated and will be removed in a future version of pandas. See the What's New notes for pandas 2.1.0 for details. Specify future_stack=True to adopt the new implementation and silence this warning.
  long = sales_clean.stack(dropna=False).reset_index()
J:\Toni\Vibing\VN2_Opus\forecaster.py:57: FutureWarning: The previous implementation of stack is deprecated and will be removed in a future version of pandas. See the What's New notes for pandas 2.1.0 for details. Specify future_stack=True to adopt the new implementation and silence this warning.
  long = sales_clean.stack(dropna=False).reset_index()
J:\Toni\Vibing\VN2_Opus\forecaster.py:57: FutureWarning: The previous implementation of stack is deprecated and will be removed in a future version of pandas. See the What's New notes for pandas 2.1.0 for details. Specify future_stack=True to adopt the new implementation and silence this warning.
  long = sales_clean.stack(dropna=False).reset_index()
J:\Toni\Vibing\VN2_Opus\forecaster.py:57: FutureWarning: The previous implementation of stack is deprecated and will be removed in a future version of pandas. See the What's New notes for pandas 2.1.0 for details. Specify future_stack=True to adopt the new implementation and silence this warning.
  long = sales_clean.stack(dropna=False).reset_index()
J:\Toni\Vibing\VN2_Opus\forecaster.py:57: FutureWarning: The previous implementation of stack is deprecated and will be removed in a future version of pandas. See the What's New notes for pandas 2.1.0 for details. Specify future_stack=True to adopt the new implementation and silence this warning.
  long = sales_clean.stack(dropna=False).reset_index()
J:\Toni\Vibing\VN2_Opus\forecaster.py:57: FutureWarning: The previous implementation of stack is deprecated and will be removed in a future version of pandas. See the What's New notes for pandas 2.1.0 for details. Specify future_stack=True to adopt the new implementation and silence this warning.
  long = sales_clean.stack(dropna=False).reset_index()
J:\Toni\Vibing\VN2_Opus\forecaster.py:57: FutureWarning: The previous implementation of stack is deprecated and will be removed in a future version of pandas. See the What's New notes for pandas 2.1.0 for details. Specify future_stack=True to adopt the new implementation and silence this warning.
  long = sales_clean.stack(dropna=False).reset_index()
J:\Toni\Vibing\VN2_Opus\forecaster.py:57: FutureWarning: The previous implementation of stack is deprecated and will be removed in a future version of pandas. See the What's New notes for pandas 2.1.0 for details. Specify future_stack=True to adopt the new implementation and silence this warning.
  long = sales_clean.stack(dropna=False).reset_index()
J:\Toni\Vibing\VN2_Opus\forecaster.py:57: FutureWarning: The previous implementation of stack is deprecated and will be removed in a future version of pandas. See the What's New notes for pandas 2.1.0 for details. Specify future_stack=True to adopt the new implementation and silence this warning.
  long = sales_clean.stack(dropna=False).reset_index()
J:\Toni\Vibing\VN2_Opus\forecaster.py:57: FutureWarning: The previous implementation of stack is deprecated and will be removed in a future version of pandas. See the What's New notes for pandas 2.1.0 for details. Specify future_stack=True to adopt the new implementation and silence this warning.
  long = sales_clean.stack(dropna=False).reset_index()
J:\Toni\Vibing\VN2_Opus\forecaster.py:57: FutureWarning: The previous implementation of stack is deprecated and will be removed in a future version of pandas. See the What's New notes for pandas 2.1.0 for details. Specify future_stack=True to adopt the new implementation and silence this warning.
  long = sales_clean.stack(dropna=False).reset_index()
J:\Toni\Vibing\VN2_Opus\forecaster.py:57: FutureWarning: The previous implementation of stack is deprecated and will be removed in a future version of pandas. See the What's New notes for pandas 2.1.0 for details. Specify future_stack=True to adopt the new implementation and silence this warning.
  long = sales_clean.stack(dropna=False).reset_index()
J:\Toni\Vibing\VN2_Opus\forecaster.py:57: FutureWarning: The previous implementation of stack is deprecated and will be removed in a future version of pandas. See the What's New notes for pandas 2.1.0 for details. Specify future_stack=True to adopt the new implementation and silence this warning.
  long = sales_clean.stack(dropna=False).reset_index()
J:\Toni\Vibing\VN2_Opus\forecaster.py:57: FutureWarning: The previous implementation of stack is deprecated and will be removed in a future version of pandas. See the What's New notes for pandas 2.1.0 for details. Specify future_stack=True to adopt the new implementation and silence this warning.
  long = sales_clean.stack(dropna=False).reset_index()
J:\Toni\Vibing\VN2_Opus\forecaster.py:57: FutureWarning: The previous implementation of stack is deprecated and will be removed in a future version of pandas. See the What's New notes for pandas 2.1.0 for details. Specify future_stack=True to adopt the new implementation and silence this warning.
  long = sales_clean.stack(dropna=False).reset_index()
J:\Toni\Vibing\VN2_Opus\forecaster.py:57: FutureWarning: The previous implementation of stack is deprecated and will be removed in a future version of pandas. See the What's New notes for pandas 2.1.0 for details. Specify future_stack=True to adopt the new implementation and silence this warning.
  long = sales_clean.stack(dropna=False).reset_index()
J:\Toni\Vibing\VN2_Opus\forecaster.py:57: FutureWarning: The previous implementation of stack is deprecated and will be removed in a future version of pandas. See the What's New notes for pandas 2.1.0 for details. Specify future_stack=True to adopt the new implementation and silence this warning.
  long = sales_clean.stack(dropna=False).reset_index()
J:\Toni\Vibing\VN2_Opus\forecaster.py:57: FutureWarning: The previous implementation of stack is deprecated and will be removed in a future version of pandas. See the What's New notes for pandas 2.1.0 for details. Specify future_stack=True to adopt the new implementation and silence this warning.
  long = sales_clean.stack(dropna=False).reset_index()
J:\Toni\Vibing\VN2_Opus\forecaster.py:57: FutureWarning: The previous implementation of stack is deprecated and will be removed in a future version of pandas. See the What's New notes for pandas 2.1.0 for details. Specify future_stack=True to adopt the new implementation and silence this warning.
  long = sales_clean.stack(dropna=False).reset_index()
J:\Toni\Vibing\VN2_Opus\forecaster.py:57: FutureWarning: The previous implementation of stack is deprecated and will be removed in a future version of pandas. See the What's New notes for pandas 2.1.0 for details. Specify future_stack=True to adopt the new implementation and silence this warning.
  long = sales_clean.stack(dropna=False).reset_index()
D:\miniconda\envs\forecasting_2026\Lib\site-packages\mlforecast\core.py:683: UserWarning: The following series were dropped completely due to the transformations and features: ['0_126', '0_182', '10_126', '11_126', '12_124', '13_103', ...].
These series won't show up if you use `MLForecast.forecast_fitted_values()`.
You can set `dropna=False` or use transformations that require less samples to mitigate this
  warnings.warn(
Running experiment: conformal  kwargs={}

Running: Conformal alpha_cp=0.50 x1.00

=== Conformal alpha_cp=0.50 x1.00 ===
      competition_cost  comp_holding  comp_shortage  fc_mae  fc_wape  fc_bias  fc_pinball_0.833
fold                                                                                           
cv0           4,264.60      2,126.60       2,138.00    2.86     0.49     0.20              1.72
cv1           3,559.60      1,340.60       2,219.00    2.74     0.46     0.26              1.37
cv2           3,615.40      1,823.40       1,792.00    2.75     0.48     0.48              1.51
cv3           3,546.60      1,705.60       1,841.00    2.63     0.47     0.29              1.37
  MEAN  competition_cost = 3,746.55  (holding=1,749.05, shortage=1,997.50)
  MEAN  forecast MAE=2.74  WAPE=0.475  bias=+0.31  pinball@0.833=1.494
  VAL   competition_cost = 3,041.00  (holding=1,927.00, shortage=1,114.00)
  VAL   forecast MAE=2.32  WAPE=0.458  bias=+0.86  pinball@0.833=1.335
  SACRED: 3,846.40  (h=1,412.40, s=2,434.00)

Running: Conformal alpha_cp=0.60 x1.00

=== Conformal alpha_cp=0.60 x1.00 ===
      competition_cost  comp_holding  comp_shortage  fc_mae  fc_wape  fc_bias  fc_pinball_0.833
fold                                                                                           
cv0           4,363.00      2,402.00       1,961.00    2.86     0.49     0.20              1.85
cv1           3,515.00      1,381.00       2,134.00    2.74     0.46     0.26              1.37
cv2           3,584.60      2,040.60       1,544.00    2.75     0.48     0.48              1.61
cv3           3,576.00      1,901.00       1,675.00    2.63     0.47     0.29              1.45
  MEAN  competition_cost = 3,759.65  (holding=1,931.15, shortage=1,828.50)
  MEAN  forecast MAE=2.74  WAPE=0.475  bias=+0.31  pinball@0.833=1.571
  VAL   competition_cost = 3,173.40  (holding=2,151.40, shortage=1,022.00)
  VAL   forecast MAE=2.32  WAPE=0.458  bias=+0.86  pinball@0.833=1.467
  SACRED: 3,830.80  (h=1,556.80, s=2,274.00)

Running: Conformal alpha_cp=0.70 x1.00

=== Conformal alpha_cp=0.70 x1.00 ===
      competition_cost  comp_holding  comp_shortage  fc_mae  fc_wape  fc_bias  fc_pinball_0.833
fold                                                                                           
cv0           4,558.40      2,863.40       1,695.00    2.86     0.49     0.20              2.07
cv1           3,487.80      1,448.80       2,039.00    2.74     0.46     0.26              1.39
cv2           3,675.60      2,386.60       1,289.00    2.75     0.48     0.48              1.79
cv3           3,673.40      2,261.40       1,412.00    2.63     0.47     0.29              1.62
  MEAN  competition_cost = 3,848.80  (holding=2,240.05, shortage=1,608.75)
  MEAN  forecast MAE=2.74  WAPE=0.475  bias=+0.31  pinball@0.833=1.717
  VAL   competition_cost = 3,484.60  (holding=2,565.60, shortage=919.00)
  VAL   forecast MAE=2.32  WAPE=0.458  bias=+0.86  pinball@0.833=1.720
  SACRED: 3,882.40  (h=1,879.40, s=2,003.00)

Running: Conformal alpha_cp=0.80 x1.00

=== Conformal alpha_cp=0.80 x1.00 ===
      competition_cost  comp_holding  comp_shortage  fc_mae  fc_wape  fc_bias  fc_pinball_0.833
fold                                                                                           
cv0           4,902.60      3,552.60       1,350.00    2.86     0.49     0.20              2.44
cv1           3,481.40      1,622.40       1,859.00    2.74     0.46     0.26              1.46
cv2           3,909.80      2,922.80         987.00    2.75     0.48     0.48              2.08
cv3           4,079.40      3,094.40         985.00    2.63     0.47     0.29              2.10
  MEAN  competition_cost = 4,093.30  (holding=2,798.05, shortage=1,295.25)
  MEAN  forecast MAE=2.74  WAPE=0.475  bias=+0.31  pinball@0.833=2.021
  VAL   competition_cost = 3,982.00  (holding=3,240.00, shortage=742.00)
  VAL   forecast MAE=2.32  WAPE=0.458  bias=+0.86  pinball@0.833=2.139
  SACRED: 4,132.60  (h=2,479.60, s=1,653.00)

Running: Conformal alpha_cp=0.833 x1.00

=== Conformal alpha_cp=0.833 x1.00 ===
      competition_cost  comp_holding  comp_shortage  fc_mae  fc_wape  fc_bias  fc_pinball_0.833
fold                                                                                           
cv0           5,099.80      3,888.80       1,211.00    2.86     0.49     0.20              2.63
cv1           3,502.20      1,726.20       1,776.00    2.74     0.46     0.26              1.50
cv2           4,022.20      3,148.20         874.00    2.75     0.48     0.48              2.21
cv3           4,317.20      3,424.20         893.00    2.63     0.47     0.29              2.30
  MEAN  competition_cost = 4,235.35  (holding=3,046.85, shortage=1,188.50)
  MEAN  forecast MAE=2.74  WAPE=0.475  bias=+0.31  pinball@0.833=2.160
  VAL   competition_cost = 4,275.80  (holding=3,606.80, shortage=669.00)
  VAL   forecast MAE=2.32  WAPE=0.458  bias=+0.86  pinball@0.833=2.372
  SACRED: 4,275.40  (h=2,795.40, s=1,480.00)

Running: Conformal alpha_cp=0.70 x1.05

=== Conformal alpha_cp=0.70 x1.05 ===
      competition_cost  comp_holding  comp_shortage  fc_mae  fc_wape  fc_bias  fc_pinball_0.833
fold                                                                                           
cv0           4,611.40      3,044.40       1,567.00    2.86     0.49     0.20              2.15
cv1           3,450.80      1,611.80       1,839.00    2.74     0.46     0.26              1.44
cv2           3,711.60      2,557.60       1,154.00    2.75     0.48     0.48              1.87
cv3           3,684.00      2,429.00       1,255.00    2.63     0.47     0.29              1.69
  MEAN  competition_cost = 3,864.45  (holding=2,410.70, shortage=1,453.75)
  MEAN  forecast MAE=2.74  WAPE=0.475  bias=+0.31  pinball@0.833=1.788
  VAL   competition_cost = 3,566.20  (holding=2,766.20, shortage=800.00)
  VAL   forecast MAE=2.32  WAPE=0.458  bias=+0.86  pinball@0.833=1.817
  SACRED: 3,852.40  (h=2,035.40, s=1,817.00)

Running: Conformal alpha_cp=0.60 x1.05 clip

=== Conformal alpha_cp=0.60 x1.05 clip ===
      competition_cost  comp_holding  comp_shortage  fc_mae  fc_wape  fc_bias  fc_pinball_0.833
fold                                                                                           
cv0           4,407.40      2,578.40       1,829.00    2.86     0.49     0.20              1.92
cv1           3,468.80      1,536.80       1,932.00    2.74     0.46     0.26              1.42
cv2           3,579.40      2,204.40       1,375.00    2.75     0.48     0.48              1.68
cv3           3,555.60      2,065.60       1,490.00    2.63     0.47     0.29              1.51
  MEAN  competition_cost = 3,752.80  (holding=2,096.30, shortage=1,656.50)
  MEAN  forecast MAE=2.74  WAPE=0.475  bias=+0.31  pinball@0.833=1.631
  VAL   competition_cost = 3,235.80  (holding=2,342.80, shortage=893.00)
  VAL   forecast MAE=2.32  WAPE=0.458  bias=+0.86  pinball@0.833=1.555
  SACRED: 3,765.40  (h=1,701.40, s=2,064.00)

Running: Conformal alpha_cp=0.70 K=52
joblib.externals.loky.process_executor._RemoteTraceback: 
"""
Traceback (most recent call last):
  File "D:\miniconda\envs\forecasting_2026\Lib\site-packages\joblib\externals\loky\process_executor.py", line 490, in _process_worker
    r = call_item()
  File "D:\miniconda\envs\forecasting_2026\Lib\site-packages\joblib\externals\loky\process_executor.py", line 291, in __call__
    return self.fn(*self.args, **self.kwargs)
           ~~~~~~~^^^^^^^^^^^^^^^^^^^^^^^^^^^
  File "D:\miniconda\envs\forecasting_2026\Lib\site-packages\joblib\parallel.py", line 607, in __call__
    return [func(*args, **kwargs) for func, args, kwargs in self.items]
            ~~~~^^^^^^^^^^^^^^^^^
  File "J:\Toni\Vibing\VN2_Opus\benchmark\cv_harness.py", line 177, in _run_one_window
    res = run_window(
        full_sales=full_sales,
    ...<4 lines>...
        policy_fn=wrapper,
    )
  File "J:\Toni\Vibing\VN2_Opus\simulation.py", line 260, in run_window
    return sim.run_simulation(policy_fn)
           ~~~~~~~~~~~~~~~~~~^^^^^^^^^^^
  File "J:\Toni\Vibing\VN2_Opus\simulation.py", line 160, in run_simulation
    order = order_policy_fn(self, round_idx, sales_hist)
  File "J:\Toni\Vibing\VN2_Opus\benchmark\cv_harness.py", line 95, in __call__
    order = self.inner(sim, round_idx, sales_hist)
  File "J:\Toni\Vibing\VN2_Opus\policies.py", line 588, in __call__
    self._calibrate(sales_hist, sim.in_stock)
    ~~~~~~~~~~~~~~~^^^^^^^^^^^^^^^^^^^^^^^^^^
  File "J:\Toni\Vibing\VN2_Opus\policies.py", line 553, in _calibrate
    ml.fit(train, is_train)
    ~~~~~~^^^^^^^^^^^^^^^^^
  File "J:\Toni\Vibing\VN2_Opus\forecaster.py", line 140, in fit
    self.model.fit(long_df, static_features=static_cols)
    ~~~~~~~~~~~~~~^^^^^^^^^^^^^^^^^^^^^^^^^^^^^^^^^^^^^^
  File "D:\miniconda\envs\forecasting_2026\Lib\site-packages\mlforecast\forecast.py", line 703, in fit
    self.fit_models(X, y, models_fit_kwargs)
    ~~~~~~~~~~~~~~~^^^^^^^^^^^^^^^^^^^^^^^^^
  File "D:\miniconda\envs\forecasting_2026\Lib\site-packages\mlforecast\forecast.py", line 328, in fit_models
    self.models_[name] = fit_model(
                         ~~~~~~~~~^
        model, X, y, self.ts.weight_col, model_fit_kwargs
        ^^^^^^^^^^^^^^^^^^^^^^^^^^^^^^^^^^^^^^^^^^^^^^^^^
    )
    ^
  File "D:\miniconda\envs\forecasting_2026\Lib\site-packages\mlforecast\forecast.py", line 308, in fit_model
    return clone(model).fit(X, y, **fit_kwargs)
           ~~~~~~~~~~~~~~~~^^^^^^^^^^^^^^^^^^^^
  File "D:\miniconda\envs\forecasting_2026\Lib\site-packages\lightgbm\sklearn.py", line 1398, in fit
    super().fit(
    ~~~~~~~~~~~^
        X,
        ^^
    ...<11 lines>...
        init_model=init_model,
        ^^^^^^^^^^^^^^^^^^^^^^
    )
    ^
  File "D:\miniconda\envs\forecasting_2026\Lib\site-packages\lightgbm\sklearn.py", line 1049, in fit
    self._Booster = train(
                    ~~~~~^
        params=params,
        ^^^^^^^^^^^^^^
    ...<6 lines>...
        callbacks=callbacks,
        ^^^^^^^^^^^^^^^^^^^^
    )
    ^
  File "D:\miniconda\envs\forecasting_2026\Lib\site-packages\lightgbm\engine.py", line 297, in train
    booster = Booster(params=params, train_set=train_set)
  File "D:\miniconda\envs\forecasting_2026\Lib\site-packages\lightgbm\basic.py", line 3656, in __init__
    train_set.construct()
    ~~~~~~~~~~~~~~~~~~~^^
  File "D:\miniconda\envs\forecasting_2026\Lib\site-packages\lightgbm\basic.py", line 2590, in construct
    self._lazy_init(
    ~~~~~~~~~~~~~~~^
        data=self.data,
        ^^^^^^^^^^^^^^^
    ...<9 lines>...
        position=self.position,
        ^^^^^^^^^^^^^^^^^^^^^^^
    )
    ^
  File "D:\miniconda\envs\forecasting_2026\Lib\site-packages\lightgbm\basic.py", line 2123, in _lazy_init
    data, feature_name, categorical_feature, self.pandas_categorical = _data_from_pandas(
                                                                       ~~~~~~~~~~~~~~~~~^
        data=data,
        ^^^^^^^^^^
    ...<2 lines>...
        pandas_categorical=self.pandas_categorical,
        ^^^^^^^^^^^^^^^^^^^^^^^^^^^^^^^^^^^^^^^^^^^
    )
    ^
  File "D:\miniconda\envs\forecasting_2026\Lib\site-packages\lightgbm\basic.py", line 834, in _data_from_pandas
    raise ValueError("Input data must be 2 dimensional and non empty.")
ValueError: Input data must be 2 dimensional and non empty.
"""

The above exception was the direct cause of the following exception:

Traceback (most recent call last):
  File "J:\Toni\Vibing\VN2_Opus\pipeline.py", line 109, in <module>
    main()
    ~~~~^^
  File "J:\Toni\Vibing\VN2_Opus\pipeline.py", line 93, in main
    REGISTRY[args.name]["fn"](**kwargs)
    ~~~~~~~~~~~~~~~~~~~~~~~~~^^^^^^^^^^
  File "J:\Toni\Vibing\VN2_Opus\experiments\__init__.py", line 27, in _wrap
    return getattr(mod, func_name)(*args, **kwargs)
           ~~~~~~~~~~~~~~~~~~~~~~~^^^^^^^^^^^^^^^^^
  File "J:\Toni\Vibing\VN2_Opus\experiments\conformal.py", line 42, in run
    res = run_and_log(name, factory, fs, fis, master, coverage_weeks=2)
  File "J:\Toni\Vibing\VN2_Opus\experiments\_shared.py", line 28, in run_and_log
    res = score_policy_on_folds(
        policy_factory=factory,
    ...<2 lines>...
        n_workers=nw, include_val=include_val,
    )
  File "J:\Toni\Vibing\VN2_Opus\benchmark\cv_harness.py", line 221, in score_policy_on_folds
    outs = Parallel(n_jobs=n_workers, backend="loky")(
        delayed(_run_one_window)(args) for _, args in tasks
    )
  File "D:\miniconda\envs\forecasting_2026\Lib\site-packages\joblib\parallel.py", line 2072, in __call__
    return output if self.return_generator else list(output)
                                                ~~~~^^^^^^^^
  File "D:\miniconda\envs\forecasting_2026\Lib\site-packages\joblib\parallel.py", line 1682, in _get_outputs
    yield from self._retrieve()
  File "D:\miniconda\envs\forecasting_2026\Lib\site-packages\joblib\parallel.py", line 1784, in _retrieve
    self._raise_error_fast()
    ~~~~~~~~~~~~~~~~~~~~~~^^
  File "D:\miniconda\envs\forecasting_2026\Lib\site-packages\joblib\parallel.py", line 1859, in _raise_error_fast
    error_job.get_result(self.timeout)
    ~~~~~~~~~~~~~~~~~~~~^^^^^^^^^^^^^^
  File "D:\miniconda\envs\forecasting_2026\Lib\site-packages\joblib\parallel.py", line 758, in get_result
    return self._return_or_raise()
           ~~~~~~~~~~~~~~~~~~~~~^^
  File "D:\miniconda\envs\forecasting_2026\Lib\site-packages\joblib\parallel.py", line 773, in _return_or_raise
    raise self._result
ValueError: Input data must be 2 dimensional and non empty.
