J:\Toni\Vibing\VN2_Opus\forecaster.py:214: FutureWarning: The previous implementation of stack is deprecated and will be removed in a future version of pandas. See the What's New notes for pandas 2.1.0 for details. Specify future_stack=True to adopt the new implementation and silence this warning.
  long = sales_clean.stack(dropna=False).reset_index()
J:\Toni\Vibing\VN2_Opus\forecaster.py:214: FutureWarning: The previous implementation of stack is deprecated and will be removed in a future version of pandas. See the What's New notes for pandas 2.1.0 for details. Specify future_stack=True to adopt the new implementation and silence this warning.
  long = sales_clean.stack(dropna=False).reset_index()
J:\Toni\Vibing\VN2_Opus\forecaster.py:214: FutureWarning: The previous implementation of stack is deprecated and will be removed in a future version of pandas. See the What's New notes for pandas 2.1.0 for details. Specify future_stack=True to adopt the new implementation and silence this warning.
  long = sales_clean.stack(dropna=False).reset_index()
J:\Toni\Vibing\VN2_Opus\forecaster.py:214: FutureWarning: The previous implementation of stack is deprecated and will be removed in a future version of pandas. See the What's New notes for pandas 2.1.0 for details. Specify future_stack=True to adopt the new implementation and silence this warning.
  long = sales_clean.stack(dropna=False).reset_index()
J:\Toni\Vibing\VN2_Opus\forecaster.py:214: FutureWarning: The previous implementation of stack is deprecated and will be removed in a future version of pandas. See the What's New notes for pandas 2.1.0 for details. Specify future_stack=True to adopt the new implementation and silence this warning.
  long = sales_clean.stack(dropna=False).reset_index()
J:\Toni\Vibing\VN2_Opus\forecaster.py:214: FutureWarning: The previous implementation of stack is deprecated and will be removed in a future version of pandas. See the What's New notes for pandas 2.1.0 for details. Specify future_stack=True to adopt the new implementation and silence this warning.
  long = sales_clean.stack(dropna=False).reset_index()
J:\Toni\Vibing\VN2_Opus\forecaster.py:214: FutureWarning: The previous implementation of stack is deprecated and will be removed in a future version of pandas. See the What's New notes for pandas 2.1.0 for details. Specify future_stack=True to adopt the new implementation and silence this warning.
  long = sales_clean.stack(dropna=False).reset_index()
J:\Toni\Vibing\VN2_Opus\forecaster.py:214: FutureWarning: The previous implementation of stack is deprecated and will be removed in a future version of pandas. See the What's New notes for pandas 2.1.0 for details. Specify future_stack=True to adopt the new implementation and silence this warning.
  long = sales_clean.stack(dropna=False).reset_index()
J:\Toni\Vibing\VN2_Opus\forecaster.py:214: FutureWarning: The previous implementation of stack is deprecated and will be removed in a future version of pandas. See the What's New notes for pandas 2.1.0 for details. Specify future_stack=True to adopt the new implementation and silence this warning.
  long = sales_clean.stack(dropna=False).reset_index()
J:\Toni\Vibing\VN2_Opus\forecaster.py:214: FutureWarning: The previous implementation of stack is deprecated and will be removed in a future version of pandas. See the What's New notes for pandas 2.1.0 for details. Specify future_stack=True to adopt the new implementation and silence this warning.
  long = sales_clean.stack(dropna=False).reset_index()
J:\Toni\Vibing\VN2_Opus\forecaster.py:214: FutureWarning: The previous implementation of stack is deprecated and will be removed in a future version of pandas. See the What's New notes for pandas 2.1.0 for details. Specify future_stack=True to adopt the new implementation and silence this warning.
  long = sales_clean.stack(dropna=False).reset_index()
J:\Toni\Vibing\VN2_Opus\forecaster.py:214: FutureWarning: The previous implementation of stack is deprecated and will be removed in a future version of pandas. See the What's New notes for pandas 2.1.0 for details. Specify future_stack=True to adopt the new implementation and silence this warning.
  long = sales_clean.stack(dropna=False).reset_index()
J:\Toni\Vibing\VN2_Opus\forecaster.py:214: FutureWarning: The previous implementation of stack is deprecated and will be removed in a future version of pandas. See the What's New notes for pandas 2.1.0 for details. Specify future_stack=True to adopt the new implementation and silence this warning.
  long = sales_clean.stack(dropna=False).reset_index()
J:\Toni\Vibing\VN2_Opus\forecaster.py:214: FutureWarning: The previous implementation of stack is deprecated and will be removed in a future version of pandas. See the What's New notes for pandas 2.1.0 for details. Specify future_stack=True to adopt the new implementation and silence this warning.
  long = sales_clean.stack(dropna=False).reset_index()
J:\Toni\Vibing\VN2_Opus\forecaster.py:214: FutureWarning: The previous implementation of stack is deprecated and will be removed in a future version of pandas. See the What's New notes for pandas 2.1.0 for details. Specify future_stack=True to adopt the new implementation and silence this warning.
  long = sales_clean.stack(dropna=False).reset_index()
J:\Toni\Vibing\VN2_Opus\forecaster.py:214: FutureWarning: The previous implementation of stack is deprecated and will be removed in a future version of pandas. See the What's New notes for pandas 2.1.0 for details. Specify future_stack=True to adopt the new implementation and silence this warning.
  long = sales_clean.stack(dropna=False).reset_index()
J:\Toni\Vibing\VN2_Opus\forecaster.py:214: FutureWarning: The previous implementation of stack is deprecated and will be removed in a future version of pandas. See the What's New notes for pandas 2.1.0 for details. Specify future_stack=True to adopt the new implementation and silence this warning.
  long = sales_clean.stack(dropna=False).reset_index()
J:\Toni\Vibing\VN2_Opus\forecaster.py:214: FutureWarning: The previous implementation of stack is deprecated and will be removed in a future version of pandas. See the What's New notes for pandas 2.1.0 for details. Specify future_stack=True to adopt the new implementation and silence this warning.
  long = sales_clean.stack(dropna=False).reset_index()
J:\Toni\Vibing\VN2_Opus\forecaster.py:214: FutureWarning: The previous implementation of stack is deprecated and will be removed in a future version of pandas. See the What's New notes for pandas 2.1.0 for details. Specify future_stack=True to adopt the new implementation and silence this warning.
  long = sales_clean.stack(dropna=False).reset_index()
J:\Toni\Vibing\VN2_Opus\forecaster.py:214: FutureWarning: The previous implementation of stack is deprecated and will be removed in a future version of pandas. See the What's New notes for pandas 2.1.0 for details. Specify future_stack=True to adopt the new implementation and silence this warning.
  long = sales_clean.stack(dropna=False).reset_index()
J:\Toni\Vibing\VN2_Opus\forecaster.py:214: FutureWarning: The previous implementation of stack is deprecated and will be removed in a future version of pandas. See the What's New notes for pandas 2.1.0 for details. Specify future_stack=True to adopt the new implementation and silence this warning.
  long = sales_clean.stack(dropna=False).reset_index()
J:\Toni\Vibing\VN2_Opus\forecaster.py:214: FutureWarning: The previous implementation of stack is deprecated and will be removed in a future version of pandas. See the What's New notes for pandas 2.1.0 for details. Specify future_stack=True to adopt the new implementation and silence this warning.
  long = sales_clean.stack(dropna=False).reset_index()
J:\Toni\Vibing\VN2_Opus\forecaster.py:214: FutureWarning: The previous implementation of stack is deprecated and will be removed in a future version of pandas. See the What's New notes for pandas 2.1.0 for details. Specify future_stack=True to adopt the new implementation and silence this warning.
  long = sales_clean.stack(dropna=False).reset_index()
J:\Toni\Vibing\VN2_Opus\forecaster.py:214: FutureWarning: The previous implementation of stack is deprecated and will be removed in a future version of pandas. See the What's New notes for pandas 2.1.0 for details. Specify future_stack=True to adopt the new implementation and silence this warning.
  long = sales_clean.stack(dropna=False).reset_index()
J:\Toni\Vibing\VN2_Opus\forecaster.py:214: FutureWarning: The previous implementation of stack is deprecated and will be removed in a future version of pandas. See the What's New notes for pandas 2.1.0 for details. Specify future_stack=True to adopt the new implementation and silence this warning.
  long = sales_clean.stack(dropna=False).reset_index()
J:\Toni\Vibing\VN2_Opus\forecaster.py:214: FutureWarning: The previous implementation of stack is deprecated and will be removed in a future version of pandas. See the What's New notes for pandas 2.1.0 for details. Specify future_stack=True to adopt the new implementation and silence this warning.
  long = sales_clean.stack(dropna=False).reset_index()
J:\Toni\Vibing\VN2_Opus\forecaster.py:214: FutureWarning: The previous implementation of stack is deprecated and will be removed in a future version of pandas. See the What's New notes for pandas 2.1.0 for details. Specify future_stack=True to adopt the new implementation and silence this warning.
  long = sales_clean.stack(dropna=False).reset_index()

>>> conf_cap_a0.55_m1.0  (n_windows=2, h=11)

=== conf_cap_a0.55_m1.0 ===
      competition_cost  comp_holding  comp_shortage  fc_mae  fc_wape  fc_bias  fc_pinball_0.833
fold                                                                                           
cv0           6,625.40      1,834.40       4,791.00    5.80     0.66    -4.46              3.12
cv1           3,771.00      1,298.00       2,473.00    5.95     0.67    -5.53              3.25
cv2           4,419.60      1,001.60       3,418.00    7.27     0.69    -7.02              3.98
cv3           3,377.40      1,239.40       2,138.00    5.53     0.63    -5.13              3.02
cv4           3,500.60      1,095.60       2,405.00    5.98     0.66    -5.53              3.27
cv5           3,328.40      1,126.40       2,202.00    6.33     0.69    -5.83              3.46
cv6           7,905.80      1,676.80       6,229.00   10.23     0.69    -9.45              5.59
cv7           3,376.20      1,347.20       2,029.00    5.68     0.67    -5.07              3.09
  MEAN  competition_cost = 4,538.05  (holding=1,327.42, shortage=3,210.62)
  MEAN  forecast MAE=6.60  WAPE=0.671  bias=-6.00  pinball@0.833=3.598
  VAL   competition_cost = 2,583.00  (holding=1,440.00, shortage=1,143.00)
  VAL   forecast MAE=5.01  WAPE=0.641  bias=-4.42  pinball@0.833=2.725
[conf_cap_a0.55_m1.0] wall-time: 52.3s

>>> conf_cap_a0.65_m1.0  (n_windows=2, h=11)

=== conf_cap_a0.65_m1.0 ===
      competition_cost  comp_holding  comp_shortage  fc_mae  fc_wape  fc_bias  fc_pinball_0.833
fold                                                                                           
cv0           6,478.20      2,158.20       4,320.00    5.58     0.64    -3.85              3.36
cv1           3,721.00      1,684.00       2,037.00    5.53     0.63    -4.84              3.49
cv2           4,205.60      1,461.60       2,744.00    6.64     0.63    -6.14              4.24
cv3           3,369.80      1,755.80       1,614.00    4.99     0.57    -4.24              3.13
cv4           3,375.20      1,424.20       1,951.00    5.58     0.62    -4.90              3.53
cv5           3,316.20      1,467.20       1,849.00    6.00     0.66    -5.22              3.78
cv6           7,668.40      1,991.40       5,677.00    9.87     0.67    -8.83              6.26
cv7           3,419.60      1,737.60       1,682.00    5.41     0.64    -4.43              3.37
  MEAN  competition_cost = 4,444.25  (holding=1,710.00, shortage=2,734.25)
  MEAN  forecast MAE=6.20  WAPE=0.630  bias=-5.31  pinball@0.833=3.896
  VAL   competition_cost = 2,786.60  (holding=1,860.60, shortage=926.00)
  VAL   forecast MAE=4.74  WAPE=0.607  bias=-3.79  pinball@0.833=2.940
[conf_cap_a0.65_m1.0] wall-time: 47.2s

>>> conf_cap_a0.7_m1.0  (n_windows=2, h=11)

=== conf_cap_a0.7_m1.0 ===
      competition_cost  comp_holding  comp_shortage  fc_mae  fc_wape  fc_bias  fc_pinball_0.833
fold                                                                                           
cv0           6,432.80      2,292.80       4,140.00    5.49     0.63    -3.60              3.46
cv1           3,729.00      1,882.00       1,847.00    5.35     0.61    -4.50              3.58
cv2           4,147.00      1,673.00       2,474.00    6.35     0.60    -5.73              4.32
cv3           3,384.80      1,945.80       1,439.00    4.81     0.55    -3.90              3.19
cv4           3,317.00      1,548.00       1,769.00    5.44     0.60    -4.65              3.65
cv5           3,280.20      1,608.20       1,672.00    5.87     0.64    -4.96              3.93
cv6           7,588.20      2,118.20       5,470.00    9.73     0.66    -8.60              6.59
cv7           3,449.00      1,910.00       1,539.00    5.28     0.62    -4.14              3.47
  MEAN  competition_cost = 4,416.00  (holding=1,872.25, shortage=2,543.75)
  MEAN  forecast MAE=6.04  WAPE=0.613  bias=-5.01  pinball@0.833=4.022
  VAL   competition_cost = 2,885.20  (holding=2,046.20, shortage=839.00)
  VAL   forecast MAE=4.65  WAPE=0.595  bias=-3.51  pinball@0.833=3.025
[conf_cap_a0.7_m1.0] wall-time: 51.8s

=== SUMMARY ===
 alpha         cv        val
 0.700   4,416.00   2,885.20
 0.650   4,444.25   2,786.60
 0.550   4,538.05   2,583.00
