
>>> diverse5_a0.55_m1.0_w0.25
    [diverse] fitting 5-model diverse forecaster...
J:\Toni\Vibing\VN2_Opus\forecaster.py:214: FutureWarning: The previous implementation of stack is deprecated and will be removed in a future version of pandas. See the What's New notes for pandas 2.1.0 for details. Specify future_stack=True to adopt the new implementation and silence this warning.
  long = sales_clean.stack(dropna=False).reset_index()
    [diverse] fit done, predicting...
    [diverse] got 5 models: ['lgbm_default', 'lgbm_shallow', 'lgbm_tweedie', 'catboost_default', 'catboost_deep']
    [diverse] backtest for sigma (re-fitting 5 models on train-W)...
J:\Toni\Vibing\VN2_Opus\forecaster.py:214: FutureWarning: The previous implementation of stack is deprecated and will be removed in a future version of pandas. See the What's New notes for pandas 2.1.0 for details. Specify future_stack=True to adopt the new implementation and silence this warning.
  long = sales_clean.stack(dropna=False).reset_index()
    [diverse] fit complete.
    [diverse] fitting 5-model diverse forecaster...
J:\Toni\Vibing\VN2_Opus\forecaster.py:214: FutureWarning: The previous implementation of stack is deprecated and will be removed in a future version of pandas. See the What's New notes for pandas 2.1.0 for details. Specify future_stack=True to adopt the new implementation and silence this warning.
  long = sales_clean.stack(dropna=False).reset_index()
    [diverse] fit done, predicting...
    [diverse] got 5 models: ['lgbm_default', 'lgbm_shallow', 'lgbm_tweedie', 'catboost_default', 'catboost_deep']
    [diverse] backtest for sigma (re-fitting 5 models on train-W)...
J:\Toni\Vibing\VN2_Opus\forecaster.py:214: FutureWarning: The previous implementation of stack is deprecated and will be removed in a future version of pandas. See the What's New notes for pandas 2.1.0 for details. Specify future_stack=True to adopt the new implementation and silence this warning.
  long = sales_clean.stack(dropna=False).reset_index()
    [diverse] fit complete.
    [diverse] fitting 5-model diverse forecaster...
J:\Toni\Vibing\VN2_Opus\forecaster.py:214: FutureWarning: The previous implementation of stack is deprecated and will be removed in a future version of pandas. See the What's New notes for pandas 2.1.0 for details. Specify future_stack=True to adopt the new implementation and silence this warning.
  long = sales_clean.stack(dropna=False).reset_index()
    [diverse] fit done, predicting...
    [diverse] got 5 models: ['lgbm_default', 'lgbm_shallow', 'lgbm_tweedie', 'catboost_default', 'catboost_deep']
    [diverse] backtest for sigma (re-fitting 5 models on train-W)...
J:\Toni\Vibing\VN2_Opus\forecaster.py:214: FutureWarning: The previous implementation of stack is deprecated and will be removed in a future version of pandas. See the What's New notes for pandas 2.1.0 for details. Specify future_stack=True to adopt the new implementation and silence this warning.
  long = sales_clean.stack(dropna=False).reset_index()
    [diverse] fit complete.
    [diverse] fitting 5-model diverse forecaster...
J:\Toni\Vibing\VN2_Opus\forecaster.py:214: FutureWarning: The previous implementation of stack is deprecated and will be removed in a future version of pandas. See the What's New notes for pandas 2.1.0 for details. Specify future_stack=True to adopt the new implementation and silence this warning.
  long = sales_clean.stack(dropna=False).reset_index()
    [diverse] fit done, predicting...
    [diverse] got 5 models: ['lgbm_default', 'lgbm_shallow', 'lgbm_tweedie', 'catboost_default', 'catboost_deep']
    [diverse] backtest for sigma (re-fitting 5 models on train-W)...
J:\Toni\Vibing\VN2_Opus\forecaster.py:214: FutureWarning: The previous implementation of stack is deprecated and will be removed in a future version of pandas. See the What's New notes for pandas 2.1.0 for details. Specify future_stack=True to adopt the new implementation and silence this warning.
  long = sales_clean.stack(dropna=False).reset_index()
    [diverse] fit complete.
    [diverse] fitting 5-model diverse forecaster...
J:\Toni\Vibing\VN2_Opus\forecaster.py:214: FutureWarning: The previous implementation of stack is deprecated and will be removed in a future version of pandas. See the What's New notes for pandas 2.1.0 for details. Specify future_stack=True to adopt the new implementation and silence this warning.
  long = sales_clean.stack(dropna=False).reset_index()
    [diverse] fit done, predicting...
    [diverse] got 5 models: ['lgbm_default', 'lgbm_shallow', 'lgbm_tweedie', 'catboost_default', 'catboost_deep']
    [diverse] backtest for sigma (re-fitting 5 models on train-W)...
J:\Toni\Vibing\VN2_Opus\forecaster.py:214: FutureWarning: The previous implementation of stack is deprecated and will be removed in a future version of pandas. See the What's New notes for pandas 2.1.0 for details. Specify future_stack=True to adopt the new implementation and silence this warning.
  long = sales_clean.stack(dropna=False).reset_index()
    [diverse] fit complete.
    [diverse] fitting 5-model diverse forecaster...
J:\Toni\Vibing\VN2_Opus\forecaster.py:214: FutureWarning: The previous implementation of stack is deprecated and will be removed in a future version of pandas. See the What's New notes for pandas 2.1.0 for details. Specify future_stack=True to adopt the new implementation and silence this warning.
  long = sales_clean.stack(dropna=False).reset_index()
    [diverse] fit done, predicting...
    [diverse] got 5 models: ['lgbm_default', 'lgbm_shallow', 'lgbm_tweedie', 'catboost_default', 'catboost_deep']
    [diverse] backtest for sigma (re-fitting 5 models on train-W)...
J:\Toni\Vibing\VN2_Opus\forecaster.py:214: FutureWarning: The previous implementation of stack is deprecated and will be removed in a future version of pandas. See the What's New notes for pandas 2.1.0 for details. Specify future_stack=True to adopt the new implementation and silence this warning.
  long = sales_clean.stack(dropna=False).reset_index()
    [diverse] fit complete.
    [diverse] fitting 5-model diverse forecaster...
J:\Toni\Vibing\VN2_Opus\forecaster.py:214: FutureWarning: The previous implementation of stack is deprecated and will be removed in a future version of pandas. See the What's New notes for pandas 2.1.0 for details. Specify future_stack=True to adopt the new implementation and silence this warning.
  long = sales_clean.stack(dropna=False).reset_index()
    [diverse] fit done, predicting...
    [diverse] got 5 models: ['lgbm_default', 'lgbm_shallow', 'lgbm_tweedie', 'catboost_default', 'catboost_deep']
    [diverse] backtest for sigma (re-fitting 5 models on train-W)...
J:\Toni\Vibing\VN2_Opus\forecaster.py:214: FutureWarning: The previous implementation of stack is deprecated and will be removed in a future version of pandas. See the What's New notes for pandas 2.1.0 for details. Specify future_stack=True to adopt the new implementation and silence this warning.
  long = sales_clean.stack(dropna=False).reset_index()
    [diverse] fit complete.
    [diverse] fitting 5-model diverse forecaster...
J:\Toni\Vibing\VN2_Opus\forecaster.py:214: FutureWarning: The previous implementation of stack is deprecated and will be removed in a future version of pandas. See the What's New notes for pandas 2.1.0 for details. Specify future_stack=True to adopt the new implementation and silence this warning.
  long = sales_clean.stack(dropna=False).reset_index()
    [diverse] fit done, predicting...
    [diverse] got 5 models: ['lgbm_default', 'lgbm_shallow', 'lgbm_tweedie', 'catboost_default', 'catboost_deep']
    [diverse] backtest for sigma (re-fitting 5 models on train-W)...
J:\Toni\Vibing\VN2_Opus\forecaster.py:214: FutureWarning: The previous implementation of stack is deprecated and will be removed in a future version of pandas. See the What's New notes for pandas 2.1.0 for details. Specify future_stack=True to adopt the new implementation and silence this warning.
  long = sales_clean.stack(dropna=False).reset_index()
    [diverse] fit complete.
    [diverse] fitting 5-model diverse forecaster...
J:\Toni\Vibing\VN2_Opus\forecaster.py:214: FutureWarning: The previous implementation of stack is deprecated and will be removed in a future version of pandas. See the What's New notes for pandas 2.1.0 for details. Specify future_stack=True to adopt the new implementation and silence this warning.
  long = sales_clean.stack(dropna=False).reset_index()
    [diverse] fit done, predicting...
    [diverse] got 5 models: ['lgbm_default', 'lgbm_shallow', 'lgbm_tweedie', 'catboost_default', 'catboost_deep']
    [diverse] backtest for sigma (re-fitting 5 models on train-W)...
J:\Toni\Vibing\VN2_Opus\forecaster.py:214: FutureWarning: The previous implementation of stack is deprecated and will be removed in a future version of pandas. See the What's New notes for pandas 2.1.0 for details. Specify future_stack=True to adopt the new implementation and silence this warning.
  long = sales_clean.stack(dropna=False).reset_index()
    [diverse] fit complete.

=== diverse5_a0.55_m1.0_w0.25 ===
      competition_cost  comp_holding  comp_shortage  fc_mae  fc_wape  fc_bias  fc_pinball_0.833
fold                                                                                           
cv0           6,118.20      1,652.20       4,466.00    5.81     0.66    -4.73              3.09
cv1           3,713.20      1,112.20       2,601.00    6.30     0.71    -5.98              3.36
cv2           4,513.40        858.40       3,655.00    7.71     0.73    -7.52              4.14
cv3           3,365.00      1,122.00       2,243.00    5.93     0.67    -5.67              3.10
cv4           3,477.20      1,013.20       2,464.00    6.23     0.69    -5.88              3.31
cv5           3,264.00      1,115.00       2,149.00    6.50     0.71    -6.07              3.45
cv6           7,928.80      1,625.80       6,303.00   10.47     0.71    -9.83              5.61
cv7           3,387.60      1,168.60       2,219.00    5.94     0.70    -5.53              3.17
  MEAN  competition_cost = 4,470.92  (holding=1,208.43, shortage=3,262.50)
  MEAN  forecast MAE=6.86  WAPE=0.699  bias=-6.40  pinball@0.833=3.653
  VAL   competition_cost = 2,547.40  (holding=1,295.40, shortage=1,252.00)
  VAL   forecast MAE=5.25  WAPE=0.672  bias=-4.82  pinball@0.833=2.805
[diverse5_a0.55_m1.0_w0.25] wall-time: 417.6s

>>> diverse5_a0.6_m1.0_w0.25
    [diverse] fitting 5-model diverse forecaster...
J:\Toni\Vibing\VN2_Opus\forecaster.py:214: FutureWarning: The previous implementation of stack is deprecated and will be removed in a future version of pandas. See the What's New notes for pandas 2.1.0 for details. Specify future_stack=True to adopt the new implementation and silence this warning.
  long = sales_clean.stack(dropna=False).reset_index()
    [diverse] fit done, predicting...
    [diverse] got 5 models: ['lgbm_default', 'lgbm_shallow', 'lgbm_tweedie', 'catboost_default', 'catboost_deep']
    [diverse] backtest for sigma (re-fitting 5 models on train-W)...
J:\Toni\Vibing\VN2_Opus\forecaster.py:214: FutureWarning: The previous implementation of stack is deprecated and will be removed in a future version of pandas. See the What's New notes for pandas 2.1.0 for details. Specify future_stack=True to adopt the new implementation and silence this warning.
  long = sales_clean.stack(dropna=False).reset_index()
    [diverse] fit complete.
    [diverse] fitting 5-model diverse forecaster...
J:\Toni\Vibing\VN2_Opus\forecaster.py:214: FutureWarning: The previous implementation of stack is deprecated and will be removed in a future version of pandas. See the What's New notes for pandas 2.1.0 for details. Specify future_stack=True to adopt the new implementation and silence this warning.
  long = sales_clean.stack(dropna=False).reset_index()
    [diverse] fit done, predicting...
    [diverse] got 5 models: ['lgbm_default', 'lgbm_shallow', 'lgbm_tweedie', 'catboost_default', 'catboost_deep']
    [diverse] backtest for sigma (re-fitting 5 models on train-W)...
J:\Toni\Vibing\VN2_Opus\forecaster.py:214: FutureWarning: The previous implementation of stack is deprecated and will be removed in a future version of pandas. See the What's New notes for pandas 2.1.0 for details. Specify future_stack=True to adopt the new implementation and silence this warning.
  long = sales_clean.stack(dropna=False).reset_index()
    [diverse] fit complete.
    [diverse] fitting 5-model diverse forecaster...
J:\Toni\Vibing\VN2_Opus\forecaster.py:214: FutureWarning: The previous implementation of stack is deprecated and will be removed in a future version of pandas. See the What's New notes for pandas 2.1.0 for details. Specify future_stack=True to adopt the new implementation and silence this warning.
  long = sales_clean.stack(dropna=False).reset_index()
    [diverse] fit done, predicting...
    [diverse] got 5 models: ['lgbm_default', 'lgbm_shallow', 'lgbm_tweedie', 'catboost_default', 'catboost_deep']
    [diverse] backtest for sigma (re-fitting 5 models on train-W)...
J:\Toni\Vibing\VN2_Opus\forecaster.py:214: FutureWarning: The previous implementation of stack is deprecated and will be removed in a future version of pandas. See the What's New notes for pandas 2.1.0 for details. Specify future_stack=True to adopt the new implementation and silence this warning.
  long = sales_clean.stack(dropna=False).reset_index()
    [diverse] fit complete.
    [diverse] fitting 5-model diverse forecaster...
J:\Toni\Vibing\VN2_Opus\forecaster.py:214: FutureWarning: The previous implementation of stack is deprecated and will be removed in a future version of pandas. See the What's New notes for pandas 2.1.0 for details. Specify future_stack=True to adopt the new implementation and silence this warning.
  long = sales_clean.stack(dropna=False).reset_index()
    [diverse] fit done, predicting...
    [diverse] got 5 models: ['lgbm_default', 'lgbm_shallow', 'lgbm_tweedie', 'catboost_default', 'catboost_deep']
    [diverse] backtest for sigma (re-fitting 5 models on train-W)...
J:\Toni\Vibing\VN2_Opus\forecaster.py:214: FutureWarning: The previous implementation of stack is deprecated and will be removed in a future version of pandas. See the What's New notes for pandas 2.1.0 for details. Specify future_stack=True to adopt the new implementation and silence this warning.
  long = sales_clean.stack(dropna=False).reset_index()
    [diverse] fit complete.
    [diverse] fitting 5-model diverse forecaster...
J:\Toni\Vibing\VN2_Opus\forecaster.py:214: FutureWarning: The previous implementation of stack is deprecated and will be removed in a future version of pandas. See the What's New notes for pandas 2.1.0 for details. Specify future_stack=True to adopt the new implementation and silence this warning.
  long = sales_clean.stack(dropna=False).reset_index()
    [diverse] fit done, predicting...
    [diverse] got 5 models: ['lgbm_default', 'lgbm_shallow', 'lgbm_tweedie', 'catboost_default', 'catboost_deep']
    [diverse] backtest for sigma (re-fitting 5 models on train-W)...
J:\Toni\Vibing\VN2_Opus\forecaster.py:214: FutureWarning: The previous implementation of stack is deprecated and will be removed in a future version of pandas. See the What's New notes for pandas 2.1.0 for details. Specify future_stack=True to adopt the new implementation and silence this warning.
  long = sales_clean.stack(dropna=False).reset_index()
    [diverse] fit complete.
    [diverse] fitting 5-model diverse forecaster...
J:\Toni\Vibing\VN2_Opus\forecaster.py:214: FutureWarning: The previous implementation of stack is deprecated and will be removed in a future version of pandas. See the What's New notes for pandas 2.1.0 for details. Specify future_stack=True to adopt the new implementation and silence this warning.
  long = sales_clean.stack(dropna=False).reset_index()
    [diverse] fit done, predicting...
    [diverse] got 5 models: ['lgbm_default', 'lgbm_shallow', 'lgbm_tweedie', 'catboost_default', 'catboost_deep']
    [diverse] backtest for sigma (re-fitting 5 models on train-W)...
J:\Toni\Vibing\VN2_Opus\forecaster.py:214: FutureWarning: The previous implementation of stack is deprecated and will be removed in a future version of pandas. See the What's New notes for pandas 2.1.0 for details. Specify future_stack=True to adopt the new implementation and silence this warning.
  long = sales_clean.stack(dropna=False).reset_index()
    [diverse] fit complete.
    [diverse] fitting 5-model diverse forecaster...
J:\Toni\Vibing\VN2_Opus\forecaster.py:214: FutureWarning: The previous implementation of stack is deprecated and will be removed in a future version of pandas. See the What's New notes for pandas 2.1.0 for details. Specify future_stack=True to adopt the new implementation and silence this warning.
  long = sales_clean.stack(dropna=False).reset_index()
    [diverse] fit done, predicting...
    [diverse] got 5 models: ['lgbm_default', 'lgbm_shallow', 'lgbm_tweedie', 'catboost_default', 'catboost_deep']
    [diverse] backtest for sigma (re-fitting 5 models on train-W)...
J:\Toni\Vibing\VN2_Opus\forecaster.py:214: FutureWarning: The previous implementation of stack is deprecated and will be removed in a future version of pandas. See the What's New notes for pandas 2.1.0 for details. Specify future_stack=True to adopt the new implementation and silence this warning.
  long = sales_clean.stack(dropna=False).reset_index()
    [diverse] fit complete.
    [diverse] fitting 5-model diverse forecaster...
J:\Toni\Vibing\VN2_Opus\forecaster.py:214: FutureWarning: The previous implementation of stack is deprecated and will be removed in a future version of pandas. See the What's New notes for pandas 2.1.0 for details. Specify future_stack=True to adopt the new implementation and silence this warning.
  long = sales_clean.stack(dropna=False).reset_index()
    [diverse] fit done, predicting...
    [diverse] got 5 models: ['lgbm_default', 'lgbm_shallow', 'lgbm_tweedie', 'catboost_default', 'catboost_deep']
    [diverse] backtest for sigma (re-fitting 5 models on train-W)...
J:\Toni\Vibing\VN2_Opus\forecaster.py:214: FutureWarning: The previous implementation of stack is deprecated and will be removed in a future version of pandas. See the What's New notes for pandas 2.1.0 for details. Specify future_stack=True to adopt the new implementation and silence this warning.
  long = sales_clean.stack(dropna=False).reset_index()
    [diverse] fit complete.
    [diverse] fitting 5-model diverse forecaster...
J:\Toni\Vibing\VN2_Opus\forecaster.py:214: FutureWarning: The previous implementation of stack is deprecated and will be removed in a future version of pandas. See the What's New notes for pandas 2.1.0 for details. Specify future_stack=True to adopt the new implementation and silence this warning.
  long = sales_clean.stack(dropna=False).reset_index()
    [diverse] fit done, predicting...
    [diverse] got 5 models: ['lgbm_default', 'lgbm_shallow', 'lgbm_tweedie', 'catboost_default', 'catboost_deep']
    [diverse] backtest for sigma (re-fitting 5 models on train-W)...
J:\Toni\Vibing\VN2_Opus\forecaster.py:214: FutureWarning: The previous implementation of stack is deprecated and will be removed in a future version of pandas. See the What's New notes for pandas 2.1.0 for details. Specify future_stack=True to adopt the new implementation and silence this warning.
  long = sales_clean.stack(dropna=False).reset_index()
    [diverse] fit complete.

=== diverse5_a0.6_m1.0_w0.25 ===
      competition_cost  comp_holding  comp_shortage  fc_mae  fc_wape  fc_bias  fc_pinball_0.833
fold                                                                                           
cv0           6,061.00      1,733.00       4,328.00    5.81     0.66    -4.73              3.25
cv1           3,657.40      1,223.40       2,434.00    6.30     0.71    -5.98              3.56
cv2           4,430.40        949.40       3,481.00    7.71     0.73    -7.52              4.41
cv3           3,301.00      1,294.00       2,007.00    5.93     0.67    -5.67              3.21
cv4           3,390.00      1,116.00       2,274.00    6.23     0.69    -5.88              3.49
cv5           3,195.00      1,239.00       1,956.00    6.50     0.71    -6.07              3.62
cv6           7,811.00      1,766.00       6,045.00   10.47     0.71    -9.83              5.96
cv7           3,328.20      1,272.20       2,056.00    5.94     0.70    -5.53              3.35
  MEAN  competition_cost = 4,396.75  (holding=1,324.12, shortage=3,072.62)
  MEAN  forecast MAE=6.86  WAPE=0.699  bias=-6.40  pinball@0.833=3.857
  VAL   competition_cost = 2,553.80  (holding=1,395.80, shortage=1,158.00)
  VAL   forecast MAE=5.25  WAPE=0.672  bias=-4.82  pinball@0.833=2.973
[diverse5_a0.6_m1.0_w0.25] wall-time: 436.7s

>>> diverse5_a0.7_m1.0_w0.25
    [diverse] fitting 5-model diverse forecaster...
J:\Toni\Vibing\VN2_Opus\forecaster.py:214: FutureWarning: The previous implementation of stack is deprecated and will be removed in a future version of pandas. See the What's New notes for pandas 2.1.0 for details. Specify future_stack=True to adopt the new implementation and silence this warning.
  long = sales_clean.stack(dropna=False).reset_index()
    [diverse] fit done, predicting...
    [diverse] got 5 models: ['lgbm_default', 'lgbm_shallow', 'lgbm_tweedie', 'catboost_default', 'catboost_deep']
    [diverse] backtest for sigma (re-fitting 5 models on train-W)...
J:\Toni\Vibing\VN2_Opus\forecaster.py:214: FutureWarning: The previous implementation of stack is deprecated and will be removed in a future version of pandas. See the What's New notes for pandas 2.1.0 for details. Specify future_stack=True to adopt the new implementation and silence this warning.
  long = sales_clean.stack(dropna=False).reset_index()
    [diverse] fit complete.
    [diverse] fitting 5-model diverse forecaster...
J:\Toni\Vibing\VN2_Opus\forecaster.py:214: FutureWarning: The previous implementation of stack is deprecated and will be removed in a future version of pandas. See the What's New notes for pandas 2.1.0 for details. Specify future_stack=True to adopt the new implementation and silence this warning.
  long = sales_clean.stack(dropna=False).reset_index()
    [diverse] fit done, predicting...
    [diverse] got 5 models: ['lgbm_default', 'lgbm_shallow', 'lgbm_tweedie', 'catboost_default', 'catboost_deep']
    [diverse] backtest for sigma (re-fitting 5 models on train-W)...
J:\Toni\Vibing\VN2_Opus\forecaster.py:214: FutureWarning: The previous implementation of stack is deprecated and will be removed in a future version of pandas. See the What's New notes for pandas 2.1.0 for details. Specify future_stack=True to adopt the new implementation and silence this warning.
  long = sales_clean.stack(dropna=False).reset_index()
    [diverse] fit complete.
    [diverse] fitting 5-model diverse forecaster...
J:\Toni\Vibing\VN2_Opus\forecaster.py:214: FutureWarning: The previous implementation of stack is deprecated and will be removed in a future version of pandas. See the What's New notes for pandas 2.1.0 for details. Specify future_stack=True to adopt the new implementation and silence this warning.
  long = sales_clean.stack(dropna=False).reset_index()
    [diverse] fit done, predicting...
    [diverse] got 5 models: ['lgbm_default', 'lgbm_shallow', 'lgbm_tweedie', 'catboost_default', 'catboost_deep']
    [diverse] backtest for sigma (re-fitting 5 models on train-W)...
J:\Toni\Vibing\VN2_Opus\forecaster.py:214: FutureWarning: The previous implementation of stack is deprecated and will be removed in a future version of pandas. See the What's New notes for pandas 2.1.0 for details. Specify future_stack=True to adopt the new implementation and silence this warning.
  long = sales_clean.stack(dropna=False).reset_index()
    [diverse] fit complete.
    [diverse] fitting 5-model diverse forecaster...
J:\Toni\Vibing\VN2_Opus\forecaster.py:214: FutureWarning: The previous implementation of stack is deprecated and will be removed in a future version of pandas. See the What's New notes for pandas 2.1.0 for details. Specify future_stack=True to adopt the new implementation and silence this warning.
  long = sales_clean.stack(dropna=False).reset_index()
    [diverse] fit done, predicting...
    [diverse] got 5 models: ['lgbm_default', 'lgbm_shallow', 'lgbm_tweedie', 'catboost_default', 'catboost_deep']
    [diverse] backtest for sigma (re-fitting 5 models on train-W)...
J:\Toni\Vibing\VN2_Opus\forecaster.py:214: FutureWarning: The previous implementation of stack is deprecated and will be removed in a future version of pandas. See the What's New notes for pandas 2.1.0 for details. Specify future_stack=True to adopt the new implementation and silence this warning.
  long = sales_clean.stack(dropna=False).reset_index()
    [diverse] fit complete.
    [diverse] fitting 5-model diverse forecaster...
J:\Toni\Vibing\VN2_Opus\forecaster.py:214: FutureWarning: The previous implementation of stack is deprecated and will be removed in a future version of pandas. See the What's New notes for pandas 2.1.0 for details. Specify future_stack=True to adopt the new implementation and silence this warning.
  long = sales_clean.stack(dropna=False).reset_index()
    [diverse] fit done, predicting...
    [diverse] got 5 models: ['lgbm_default', 'lgbm_shallow', 'lgbm_tweedie', 'catboost_default', 'catboost_deep']
    [diverse] backtest for sigma (re-fitting 5 models on train-W)...
J:\Toni\Vibing\VN2_Opus\forecaster.py:214: FutureWarning: The previous implementation of stack is deprecated and will be removed in a future version of pandas. See the What's New notes for pandas 2.1.0 for details. Specify future_stack=True to adopt the new implementation and silence this warning.
  long = sales_clean.stack(dropna=False).reset_index()
    [diverse] fit complete.
    [diverse] fitting 5-model diverse forecaster...
J:\Toni\Vibing\VN2_Opus\forecaster.py:214: FutureWarning: The previous implementation of stack is deprecated and will be removed in a future version of pandas. See the What's New notes for pandas 2.1.0 for details. Specify future_stack=True to adopt the new implementation and silence this warning.
  long = sales_clean.stack(dropna=False).reset_index()
    [diverse] fit done, predicting...
    [diverse] got 5 models: ['lgbm_default', 'lgbm_shallow', 'lgbm_tweedie', 'catboost_default', 'catboost_deep']
    [diverse] backtest for sigma (re-fitting 5 models on train-W)...
J:\Toni\Vibing\VN2_Opus\forecaster.py:214: FutureWarning: The previous implementation of stack is deprecated and will be removed in a future version of pandas. See the What's New notes for pandas 2.1.0 for details. Specify future_stack=True to adopt the new implementation and silence this warning.
  long = sales_clean.stack(dropna=False).reset_index()
    [diverse] fit complete.
    [diverse] fitting 5-model diverse forecaster...
J:\Toni\Vibing\VN2_Opus\forecaster.py:214: FutureWarning: The previous implementation of stack is deprecated and will be removed in a future version of pandas. See the What's New notes for pandas 2.1.0 for details. Specify future_stack=True to adopt the new implementation and silence this warning.
  long = sales_clean.stack(dropna=False).reset_index()
    [diverse] fit done, predicting...
    [diverse] got 5 models: ['lgbm_default', 'lgbm_shallow', 'lgbm_tweedie', 'catboost_default', 'catboost_deep']
    [diverse] backtest for sigma (re-fitting 5 models on train-W)...
J:\Toni\Vibing\VN2_Opus\forecaster.py:214: FutureWarning: The previous implementation of stack is deprecated and will be removed in a future version of pandas. See the What's New notes for pandas 2.1.0 for details. Specify future_stack=True to adopt the new implementation and silence this warning.
  long = sales_clean.stack(dropna=False).reset_index()
    [diverse] fit complete.
    [diverse] fitting 5-model diverse forecaster...
J:\Toni\Vibing\VN2_Opus\forecaster.py:214: FutureWarning: The previous implementation of stack is deprecated and will be removed in a future version of pandas. See the What's New notes for pandas 2.1.0 for details. Specify future_stack=True to adopt the new implementation and silence this warning.
  long = sales_clean.stack(dropna=False).reset_index()
    [diverse] fit done, predicting...
    [diverse] got 5 models: ['lgbm_default', 'lgbm_shallow', 'lgbm_tweedie', 'catboost_default', 'catboost_deep']
    [diverse] backtest for sigma (re-fitting 5 models on train-W)...
J:\Toni\Vibing\VN2_Opus\forecaster.py:214: FutureWarning: The previous implementation of stack is deprecated and will be removed in a future version of pandas. See the What's New notes for pandas 2.1.0 for details. Specify future_stack=True to adopt the new implementation and silence this warning.
  long = sales_clean.stack(dropna=False).reset_index()
    [diverse] fit complete.
    [diverse] fitting 5-model diverse forecaster...
J:\Toni\Vibing\VN2_Opus\forecaster.py:214: FutureWarning: The previous implementation of stack is deprecated and will be removed in a future version of pandas. See the What's New notes for pandas 2.1.0 for details. Specify future_stack=True to adopt the new implementation and silence this warning.
  long = sales_clean.stack(dropna=False).reset_index()
    [diverse] fit done, predicting...
    [diverse] got 5 models: ['lgbm_default', 'lgbm_shallow', 'lgbm_tweedie', 'catboost_default', 'catboost_deep']
    [diverse] backtest for sigma (re-fitting 5 models on train-W)...
J:\Toni\Vibing\VN2_Opus\forecaster.py:214: FutureWarning: The previous implementation of stack is deprecated and will be removed in a future version of pandas. See the What's New notes for pandas 2.1.0 for details. Specify future_stack=True to adopt the new implementation and silence this warning.
  long = sales_clean.stack(dropna=False).reset_index()
    [diverse] fit complete.

=== diverse5_a0.7_m1.0_w0.25 ===
      competition_cost  comp_holding  comp_shortage  fc_mae  fc_wape  fc_bias  fc_pinball_0.833
fold                                                                                           
cv0           5,966.40      1,926.40       4,040.00    5.81     0.66    -4.73              3.53
cv1           3,616.60      1,459.60       2,157.00    6.30     0.71    -5.98              3.89
cv2           4,273.20      1,131.20       3,142.00    7.71     0.73    -7.52              4.89
cv3           3,349.60      1,733.60       1,616.00    5.93     0.67    -5.67              3.32
cv4           3,261.60      1,353.60       1,908.00    6.23     0.69    -5.88              3.77
cv5           3,149.40      1,538.40       1,611.00    6.50     0.71    -6.07              3.90
cv6           7,628.80      2,061.80       5,567.00   10.47     0.71    -9.83              6.57
cv7           3,297.00      1,513.00       1,784.00    5.94     0.70    -5.53              3.66
  MEAN  competition_cost = 4,317.82  (holding=1,589.70, shortage=2,728.12)
  MEAN  forecast MAE=6.86  WAPE=0.699  bias=-6.40  pinball@0.833=4.194
  VAL   competition_cost = 2,614.40  (holding=1,622.40, shortage=992.00)
  VAL   forecast MAE=5.25  WAPE=0.672  bias=-4.82  pinball@0.833=3.260
[diverse5_a0.7_m1.0_w0.25] wall-time: 405.8s

>>> diverse5_a0.75_m1.0_w0.25
    [diverse] fitting 5-model diverse forecaster...
J:\Toni\Vibing\VN2_Opus\forecaster.py:214: FutureWarning: The previous implementation of stack is deprecated and will be removed in a future version of pandas. See the What's New notes for pandas 2.1.0 for details. Specify future_stack=True to adopt the new implementation and silence this warning.
  long = sales_clean.stack(dropna=False).reset_index()
    [diverse] fit done, predicting...
    [diverse] got 5 models: ['lgbm_default', 'lgbm_shallow', 'lgbm_tweedie', 'catboost_default', 'catboost_deep']
    [diverse] backtest for sigma (re-fitting 5 models on train-W)...
J:\Toni\Vibing\VN2_Opus\forecaster.py:214: FutureWarning: The previous implementation of stack is deprecated and will be removed in a future version of pandas. See the What's New notes for pandas 2.1.0 for details. Specify future_stack=True to adopt the new implementation and silence this warning.
  long = sales_clean.stack(dropna=False).reset_index()
    [diverse] fit complete.
    [diverse] fitting 5-model diverse forecaster...
J:\Toni\Vibing\VN2_Opus\forecaster.py:214: FutureWarning: The previous implementation of stack is deprecated and will be removed in a future version of pandas. See the What's New notes for pandas 2.1.0 for details. Specify future_stack=True to adopt the new implementation and silence this warning.
  long = sales_clean.stack(dropna=False).reset_index()
    [diverse] fit done, predicting...
    [diverse] got 5 models: ['lgbm_default', 'lgbm_shallow', 'lgbm_tweedie', 'catboost_default', 'catboost_deep']
    [diverse] backtest for sigma (re-fitting 5 models on train-W)...
J:\Toni\Vibing\VN2_Opus\forecaster.py:214: FutureWarning: The previous implementation of stack is deprecated and will be removed in a future version of pandas. See the What's New notes for pandas 2.1.0 for details. Specify future_stack=True to adopt the new implementation and silence this warning.
  long = sales_clean.stack(dropna=False).reset_index()
    [diverse] fit complete.
    [diverse] fitting 5-model diverse forecaster...
J:\Toni\Vibing\VN2_Opus\forecaster.py:214: FutureWarning: The previous implementation of stack is deprecated and will be removed in a future version of pandas. See the What's New notes for pandas 2.1.0 for details. Specify future_stack=True to adopt the new implementation and silence this warning.
  long = sales_clean.stack(dropna=False).reset_index()
    [diverse] fit done, predicting...
    [diverse] got 5 models: ['lgbm_default', 'lgbm_shallow', 'lgbm_tweedie', 'catboost_default', 'catboost_deep']
    [diverse] backtest for sigma (re-fitting 5 models on train-W)...
J:\Toni\Vibing\VN2_Opus\forecaster.py:214: FutureWarning: The previous implementation of stack is deprecated and will be removed in a future version of pandas. See the What's New notes for pandas 2.1.0 for details. Specify future_stack=True to adopt the new implementation and silence this warning.
  long = sales_clean.stack(dropna=False).reset_index()
    [diverse] fit complete.
    [diverse] fitting 5-model diverse forecaster...
J:\Toni\Vibing\VN2_Opus\forecaster.py:214: FutureWarning: The previous implementation of stack is deprecated and will be removed in a future version of pandas. See the What's New notes for pandas 2.1.0 for details. Specify future_stack=True to adopt the new implementation and silence this warning.
  long = sales_clean.stack(dropna=False).reset_index()
    [diverse] fit done, predicting...
    [diverse] got 5 models: ['lgbm_default', 'lgbm_shallow', 'lgbm_tweedie', 'catboost_default', 'catboost_deep']
    [diverse] backtest for sigma (re-fitting 5 models on train-W)...
J:\Toni\Vibing\VN2_Opus\forecaster.py:214: FutureWarning: The previous implementation of stack is deprecated and will be removed in a future version of pandas. See the What's New notes for pandas 2.1.0 for details. Specify future_stack=True to adopt the new implementation and silence this warning.
  long = sales_clean.stack(dropna=False).reset_index()
    [diverse] fit complete.
    [diverse] fitting 5-model diverse forecaster...
J:\Toni\Vibing\VN2_Opus\forecaster.py:214: FutureWarning: The previous implementation of stack is deprecated and will be removed in a future version of pandas. See the What's New notes for pandas 2.1.0 for details. Specify future_stack=True to adopt the new implementation and silence this warning.
  long = sales_clean.stack(dropna=False).reset_index()
    [diverse] fit done, predicting...
    [diverse] got 5 models: ['lgbm_default', 'lgbm_shallow', 'lgbm_tweedie', 'catboost_default', 'catboost_deep']
    [diverse] backtest for sigma (re-fitting 5 models on train-W)...
J:\Toni\Vibing\VN2_Opus\forecaster.py:214: FutureWarning: The previous implementation of stack is deprecated and will be removed in a future version of pandas. See the What's New notes for pandas 2.1.0 for details. Specify future_stack=True to adopt the new implementation and silence this warning.
  long = sales_clean.stack(dropna=False).reset_index()
    [diverse] fit complete.
    [diverse] fitting 5-model diverse forecaster...
J:\Toni\Vibing\VN2_Opus\forecaster.py:214: FutureWarning: The previous implementation of stack is deprecated and will be removed in a future version of pandas. See the What's New notes for pandas 2.1.0 for details. Specify future_stack=True to adopt the new implementation and silence this warning.
  long = sales_clean.stack(dropna=False).reset_index()
    [diverse] fit done, predicting...
    [diverse] got 5 models: ['lgbm_default', 'lgbm_shallow', 'lgbm_tweedie', 'catboost_default', 'catboost_deep']
    [diverse] backtest for sigma (re-fitting 5 models on train-W)...
J:\Toni\Vibing\VN2_Opus\forecaster.py:214: FutureWarning: The previous implementation of stack is deprecated and will be removed in a future version of pandas. See the What's New notes for pandas 2.1.0 for details. Specify future_stack=True to adopt the new implementation and silence this warning.
  long = sales_clean.stack(dropna=False).reset_index()
    [diverse] fit complete.
    [diverse] fitting 5-model diverse forecaster...
J:\Toni\Vibing\VN2_Opus\forecaster.py:214: FutureWarning: The previous implementation of stack is deprecated and will be removed in a future version of pandas. See the What's New notes for pandas 2.1.0 for details. Specify future_stack=True to adopt the new implementation and silence this warning.
  long = sales_clean.stack(dropna=False).reset_index()
    [diverse] fit done, predicting...
    [diverse] got 5 models: ['lgbm_default', 'lgbm_shallow', 'lgbm_tweedie', 'catboost_default', 'catboost_deep']
    [diverse] backtest for sigma (re-fitting 5 models on train-W)...
J:\Toni\Vibing\VN2_Opus\forecaster.py:214: FutureWarning: The previous implementation of stack is deprecated and will be removed in a future version of pandas. See the What's New notes for pandas 2.1.0 for details. Specify future_stack=True to adopt the new implementation and silence this warning.
  long = sales_clean.stack(dropna=False).reset_index()
    [diverse] fit complete.
    [diverse] fitting 5-model diverse forecaster...
J:\Toni\Vibing\VN2_Opus\forecaster.py:214: FutureWarning: The previous implementation of stack is deprecated and will be removed in a future version of pandas. See the What's New notes for pandas 2.1.0 for details. Specify future_stack=True to adopt the new implementation and silence this warning.
  long = sales_clean.stack(dropna=False).reset_index()
    [diverse] fit done, predicting...
    [diverse] got 5 models: ['lgbm_default', 'lgbm_shallow', 'lgbm_tweedie', 'catboost_default', 'catboost_deep']
    [diverse] backtest for sigma (re-fitting 5 models on train-W)...
J:\Toni\Vibing\VN2_Opus\forecaster.py:214: FutureWarning: The previous implementation of stack is deprecated and will be removed in a future version of pandas. See the What's New notes for pandas 2.1.0 for details. Specify future_stack=True to adopt the new implementation and silence this warning.
  long = sales_clean.stack(dropna=False).reset_index()
    [diverse] fit complete.
    [diverse] fitting 5-model diverse forecaster...
J:\Toni\Vibing\VN2_Opus\forecaster.py:214: FutureWarning: The previous implementation of stack is deprecated and will be removed in a future version of pandas. See the What's New notes for pandas 2.1.0 for details. Specify future_stack=True to adopt the new implementation and silence this warning.
  long = sales_clean.stack(dropna=False).reset_index()
    [diverse] fit done, predicting...
    [diverse] got 5 models: ['lgbm_default', 'lgbm_shallow', 'lgbm_tweedie', 'catboost_default', 'catboost_deep']
    [diverse] backtest for sigma (re-fitting 5 models on train-W)...
J:\Toni\Vibing\VN2_Opus\forecaster.py:214: FutureWarning: The previous implementation of stack is deprecated and will be removed in a future version of pandas. See the What's New notes for pandas 2.1.0 for details. Specify future_stack=True to adopt the new implementation and silence this warning.
  long = sales_clean.stack(dropna=False).reset_index()
    [diverse] fit complete.

=== diverse5_a0.75_m1.0_w0.25 ===
      competition_cost  comp_holding  comp_shortage  fc_mae  fc_wape  fc_bias  fc_pinball_0.833
fold                                                                                           
cv0           5,929.80      2,033.80       3,896.00    5.81     0.66    -4.73              3.63
cv1           3,630.80      1,604.80       2,026.00    6.30     0.71    -5.98              4.02
cv2           4,214.00      1,244.00       2,970.00    7.71     0.73    -7.52              5.09
cv3           3,438.20      1,979.20       1,459.00    5.93     0.67    -5.67              3.32
cv4           3,255.60      1,509.60       1,746.00    6.23     0.69    -5.88              3.87
cv5           3,175.40      1,715.40       1,460.00    6.50     0.71    -6.07              4.00
cv6           7,566.40      2,241.40       5,325.00   10.47     0.71    -9.83              6.83
cv7           3,307.20      1,651.20       1,656.00    5.94     0.70    -5.53              3.78
  MEAN  competition_cost = 4,314.67  (holding=1,747.43, shortage=2,567.25)
  MEAN  forecast MAE=6.86  WAPE=0.699  bias=-6.40  pinball@0.833=4.318
  VAL   competition_cost = 2,667.00  (holding=1,753.00, shortage=914.00)
  VAL   forecast MAE=5.25  WAPE=0.672  bias=-4.82  pinball@0.833=3.372
[diverse5_a0.75_m1.0_w0.25] wall-time: 537.8s

=== ALPHA SWEEP SUMMARY (5-model) ===
 alpha         cv        val
 0.750   4,314.67   2,667.00
 0.700   4,317.82   2,614.40
 0.600   4,396.75   2,553.80
 0.550   4,470.92   2,547.40
