J:\Toni\Vibing\VN2_Opus\forecaster.py:57: FutureWarning: The previous implementation of stack is deprecated and will be removed in a future version of pandas. See the What's New notes for pandas 2.1.0 for details. Specify future_stack=True to adopt the new implementation and silence this warning.
  long = sales_clean.stack(dropna=False).reset_index()
J:\Toni\Vibing\VN2_Opus\forecaster.py:57: FutureWarning: The previous implementation of stack is deprecated and will be removed in a future version of pandas. See the What's New notes for pandas 2.1.0 for details. Specify future_stack=True to adopt the new implementation and silence this warning.
  long = sales_clean.stack(dropna=False).reset_index()
J:\Toni\Vibing\VN2_Opus\forecaster.py:57: FutureWarning: The previous implementation of stack is deprecated and will be removed in a future version of pandas. See the What's New notes for pandas 2.1.0 for details. Specify future_stack=True to adopt the new implementation and silence this warning.
  long = sales_clean.stack(dropna=False).reset_index()
J:\Toni\Vibing\VN2_Opus\forecaster.py:57: FutureWarning: The previous implementation of stack is deprecated and will be removed in a future version of pandas. See the What's New notes for pandas 2.1.0 for details. Specify future_stack=True to adopt the new implementation and silence this warning.
  long = sales_clean.stack(dropna=False).reset_index()
J:\Toni\Vibing\VN2_Opus\forecaster.py:57: FutureWarning: The previous implementation of stack is deprecated and will be removed in a future version of pandas. See the What's New notes for pandas 2.1.0 for details. Specify future_stack=True to adopt the new implementation and silence this warning.
  long = sales_clean.stack(dropna=False).reset_index()
J:\Toni\Vibing\VN2_Opus\forecaster.py:57: FutureWarning: The previous implementation of stack is deprecated and will be removed in a future version of pandas. See the What's New notes for pandas 2.1.0 for details. Specify future_stack=True to adopt the new implementation and silence this warning.
  long = sales_clean.stack(dropna=False).reset_index()
J:\Toni\Vibing\VN2_Opus\forecaster.py:57: FutureWarning: The previous implementation of stack is deprecated and will be removed in a future version of pandas. See the What's New notes for pandas 2.1.0 for details. Specify future_stack=True to adopt the new implementation and silence this warning.
  long = sales_clean.stack(dropna=False).reset_index()
J:\Toni\Vibing\VN2_Opus\forecaster.py:57: FutureWarning: The previous implementation of stack is deprecated and will be removed in a future version of pandas. See the What's New notes for pandas 2.1.0 for details. Specify future_stack=True to adopt the new implementation and silence this warning.
  long = sales_clean.stack(dropna=False).reset_index()
J:\Toni\Vibing\VN2_Opus\forecaster.py:57: FutureWarning: The previous implementation of stack is deprecated and will be removed in a future version of pandas. See the What's New notes for pandas 2.1.0 for details. Specify future_stack=True to adopt the new implementation and silence this warning.
  long = sales_clean.stack(dropna=False).reset_index()
J:\Toni\Vibing\VN2_Opus\forecaster.py:57: FutureWarning: The previous implementation of stack is deprecated and will be removed in a future version of pandas. See the What's New notes for pandas 2.1.0 for details. Specify future_stack=True to adopt the new implementation and silence this warning.
  long = sales_clean.stack(dropna=False).reset_index()
J:\Toni\Vibing\VN2_Opus\forecaster.py:57: FutureWarning: The previous implementation of stack is deprecated and will be removed in a future version of pandas. See the What's New notes for pandas 2.1.0 for details. Specify future_stack=True to adopt the new implementation and silence this warning.
  long = sales_clean.stack(dropna=False).reset_index()
J:\Toni\Vibing\VN2_Opus\forecaster.py:57: FutureWarning: The previous implementation of stack is deprecated and will be removed in a future version of pandas. See the What's New notes for pandas 2.1.0 for details. Specify future_stack=True to adopt the new implementation and silence this warning.
  long = sales_clean.stack(dropna=False).reset_index()
J:\Toni\Vibing\VN2_Opus\forecaster.py:57: FutureWarning: The previous implementation of stack is deprecated and will be removed in a future version of pandas. See the What's New notes for pandas 2.1.0 for details. Specify future_stack=True to adopt the new implementation and silence this warning.
  long = sales_clean.stack(dropna=False).reset_index()
J:\Toni\Vibing\VN2_Opus\forecaster.py:57: FutureWarning: The previous implementation of stack is deprecated and will be removed in a future version of pandas. See the What's New notes for pandas 2.1.0 for details. Specify future_stack=True to adopt the new implementation and silence this warning.
  long = sales_clean.stack(dropna=False).reset_index()
J:\Toni\Vibing\VN2_Opus\forecaster.py:57: FutureWarning: The previous implementation of stack is deprecated and will be removed in a future version of pandas. See the What's New notes for pandas 2.1.0 for details. Specify future_stack=True to adopt the new implementation and silence this warning.
  long = sales_clean.stack(dropna=False).reset_index()
J:\Toni\Vibing\VN2_Opus\forecaster.py:57: FutureWarning: The previous implementation of stack is deprecated and will be removed in a future version of pandas. See the What's New notes for pandas 2.1.0 for details. Specify future_stack=True to adopt the new implementation and silence this warning.
  long = sales_clean.stack(dropna=False).reset_index()
J:\Toni\Vibing\VN2_Opus\forecaster.py:57: FutureWarning: The previous implementation of stack is deprecated and will be removed in a future version of pandas. See the What's New notes for pandas 2.1.0 for details. Specify future_stack=True to adopt the new implementation and silence this warning.
  long = sales_clean.stack(dropna=False).reset_index()
J:\Toni\Vibing\VN2_Opus\forecaster.py:57: FutureWarning: The previous implementation of stack is deprecated and will be removed in a future version of pandas. See the What's New notes for pandas 2.1.0 for details. Specify future_stack=True to adopt the new implementation and silence this warning.
  long = sales_clean.stack(dropna=False).reset_index()
J:\Toni\Vibing\VN2_Opus\forecaster.py:57: FutureWarning: The previous implementation of stack is deprecated and will be removed in a future version of pandas. See the What's New notes for pandas 2.1.0 for details. Specify future_stack=True to adopt the new implementation and silence this warning.
  long = sales_clean.stack(dropna=False).reset_index()
J:\Toni\Vibing\VN2_Opus\forecaster.py:57: FutureWarning: The previous implementation of stack is deprecated and will be removed in a future version of pandas. See the What's New notes for pandas 2.1.0 for details. Specify future_stack=True to adopt the new implementation and silence this warning.
  long = sales_clean.stack(dropna=False).reset_index()
J:\Toni\Vibing\VN2_Opus\forecaster.py:57: FutureWarning: The previous implementation of stack is deprecated and will be removed in a future version of pandas. See the What's New notes for pandas 2.1.0 for details. Specify future_stack=True to adopt the new implementation and silence this warning.
  long = sales_clean.stack(dropna=False).reset_index()
J:\Toni\Vibing\VN2_Opus\forecaster.py:57: FutureWarning: The previous implementation of stack is deprecated and will be removed in a future version of pandas. See the What's New notes for pandas 2.1.0 for details. Specify future_stack=True to adopt the new implementation and silence this warning.
  long = sales_clean.stack(dropna=False).reset_index()
J:\Toni\Vibing\VN2_Opus\forecaster.py:57: FutureWarning: The previous implementation of stack is deprecated and will be removed in a future version of pandas. See the What's New notes for pandas 2.1.0 for details. Specify future_stack=True to adopt the new implementation and silence this warning.
  long = sales_clean.stack(dropna=False).reset_index()
J:\Toni\Vibing\VN2_Opus\forecaster.py:57: FutureWarning: The previous implementation of stack is deprecated and will be removed in a future version of pandas. See the What's New notes for pandas 2.1.0 for details. Specify future_stack=True to adopt the new implementation and silence this warning.
  long = sales_clean.stack(dropna=False).reset_index()
J:\Toni\Vibing\VN2_Opus\forecaster.py:57: FutureWarning: The previous implementation of stack is deprecated and will be removed in a future version of pandas. See the What's New notes for pandas 2.1.0 for details. Specify future_stack=True to adopt the new implementation and silence this warning.
  long = sales_clean.stack(dropna=False).reset_index()
J:\Toni\Vibing\VN2_Opus\forecaster.py:57: FutureWarning: The previous implementation of stack is deprecated and will be removed in a future version of pandas. See the What's New notes for pandas 2.1.0 for details. Specify future_stack=True to adopt the new implementation and silence this warning.
  long = sales_clean.stack(dropna=False).reset_index()
J:\Toni\Vibing\VN2_Opus\forecaster.py:57: FutureWarning: The previous implementation of stack is deprecated and will be removed in a future version of pandas. See the What's New notes for pandas 2.1.0 for details. Specify future_stack=True to adopt the new implementation and silence this warning.
  long = sales_clean.stack(dropna=False).reset_index()
J:\Toni\Vibing\VN2_Opus\forecaster.py:57: FutureWarning: The previous implementation of stack is deprecated and will be removed in a future version of pandas. See the What's New notes for pandas 2.1.0 for details. Specify future_stack=True to adopt the new implementation and silence this warning.
  long = sales_clean.stack(dropna=False).reset_index()
J:\Toni\Vibing\VN2_Opus\forecaster.py:57: FutureWarning: The previous implementation of stack is deprecated and will be removed in a future version of pandas. See the What's New notes for pandas 2.1.0 for details. Specify future_stack=True to adopt the new implementation and silence this warning.
  long = sales_clean.stack(dropna=False).reset_index()
J:\Toni\Vibing\VN2_Opus\forecaster.py:57: FutureWarning: The previous implementation of stack is deprecated and will be removed in a future version of pandas. See the What's New notes for pandas 2.1.0 for details. Specify future_stack=True to adopt the new implementation and silence this warning.
  long = sales_clean.stack(dropna=False).reset_index()
J:\Toni\Vibing\VN2_Opus\forecaster.py:57: FutureWarning: The previous implementation of stack is deprecated and will be removed in a future version of pandas. See the What's New notes for pandas 2.1.0 for details. Specify future_stack=True to adopt the new implementation and silence this warning.
  long = sales_clean.stack(dropna=False).reset_index()
J:\Toni\Vibing\VN2_Opus\forecaster.py:57: FutureWarning: The previous implementation of stack is deprecated and will be removed in a future version of pandas. See the What's New notes for pandas 2.1.0 for details. Specify future_stack=True to adopt the new implementation and silence this warning.
  long = sales_clean.stack(dropna=False).reset_index()
J:\Toni\Vibing\VN2_Opus\forecaster.py:57: FutureWarning: The previous implementation of stack is deprecated and will be removed in a future version of pandas. See the What's New notes for pandas 2.1.0 for details. Specify future_stack=True to adopt the new implementation and silence this warning.
  long = sales_clean.stack(dropna=False).reset_index()
J:\Toni\Vibing\VN2_Opus\forecaster.py:57: FutureWarning: The previous implementation of stack is deprecated and will be removed in a future version of pandas. See the What's New notes for pandas 2.1.0 for details. Specify future_stack=True to adopt the new implementation and silence this warning.
  long = sales_clean.stack(dropna=False).reset_index()
J:\Toni\Vibing\VN2_Opus\forecaster.py:57: FutureWarning: The previous implementation of stack is deprecated and will be removed in a future version of pandas. See the What's New notes for pandas 2.1.0 for details. Specify future_stack=True to adopt the new implementation and silence this warning.
  long = sales_clean.stack(dropna=False).reset_index()
J:\Toni\Vibing\VN2_Opus\forecaster.py:57: FutureWarning: The previous implementation of stack is deprecated and will be removed in a future version of pandas. See the What's New notes for pandas 2.1.0 for details. Specify future_stack=True to adopt the new implementation and silence this warning.
  long = sales_clean.stack(dropna=False).reset_index()
J:\Toni\Vibing\VN2_Opus\forecaster.py:57: FutureWarning: The previous implementation of stack is deprecated and will be removed in a future version of pandas. See the What's New notes for pandas 2.1.0 for details. Specify future_stack=True to adopt the new implementation and silence this warning.
  long = sales_clean.stack(dropna=False).reset_index()
J:\Toni\Vibing\VN2_Opus\forecaster.py:57: FutureWarning: The previous implementation of stack is deprecated and will be removed in a future version of pandas. See the What's New notes for pandas 2.1.0 for details. Specify future_stack=True to adopt the new implementation and silence this warning.
  long = sales_clean.stack(dropna=False).reset_index()
J:\Toni\Vibing\VN2_Opus\forecaster.py:57: FutureWarning: The previous implementation of stack is deprecated and will be removed in a future version of pandas. See the What's New notes for pandas 2.1.0 for details. Specify future_stack=True to adopt the new implementation and silence this warning.
  long = sales_clean.stack(dropna=False).reset_index()
J:\Toni\Vibing\VN2_Opus\forecaster.py:57: FutureWarning: The previous implementation of stack is deprecated and will be removed in a future version of pandas. See the What's New notes for pandas 2.1.0 for details. Specify future_stack=True to adopt the new implementation and silence this warning.
  long = sales_clean.stack(dropna=False).reset_index()
J:\Toni\Vibing\VN2_Opus\forecaster.py:57: FutureWarning: The previous implementation of stack is deprecated and will be removed in a future version of pandas. See the What's New notes for pandas 2.1.0 for details. Specify future_stack=True to adopt the new implementation and silence this warning.
  long = sales_clean.stack(dropna=False).reset_index()
J:\Toni\Vibing\VN2_Opus\forecaster.py:57: FutureWarning: The previous implementation of stack is deprecated and will be removed in a future version of pandas. See the What's New notes for pandas 2.1.0 for details. Specify future_stack=True to adopt the new implementation and silence this warning.
  long = sales_clean.stack(dropna=False).reset_index()
J:\Toni\Vibing\VN2_Opus\forecaster.py:57: FutureWarning: The previous implementation of stack is deprecated and will be removed in a future version of pandas. See the What's New notes for pandas 2.1.0 for details. Specify future_stack=True to adopt the new implementation and silence this warning.
  long = sales_clean.stack(dropna=False).reset_index()
J:\Toni\Vibing\VN2_Opus\forecaster.py:57: FutureWarning: The previous implementation of stack is deprecated and will be removed in a future version of pandas. See the What's New notes for pandas 2.1.0 for details. Specify future_stack=True to adopt the new implementation and silence this warning.
  long = sales_clean.stack(dropna=False).reset_index()
J:\Toni\Vibing\VN2_Opus\forecaster.py:57: FutureWarning: The previous implementation of stack is deprecated and will be removed in a future version of pandas. See the What's New notes for pandas 2.1.0 for details. Specify future_stack=True to adopt the new implementation and silence this warning.
  long = sales_clean.stack(dropna=False).reset_index()
J:\Toni\Vibing\VN2_Opus\forecaster.py:57: FutureWarning: The previous implementation of stack is deprecated and will be removed in a future version of pandas. See the What's New notes for pandas 2.1.0 for details. Specify future_stack=True to adopt the new implementation and silence this warning.
  long = sales_clean.stack(dropna=False).reset_index()
J:\Toni\Vibing\VN2_Opus\forecaster.py:57: FutureWarning: The previous implementation of stack is deprecated and will be removed in a future version of pandas. See the What's New notes for pandas 2.1.0 for details. Specify future_stack=True to adopt the new implementation and silence this warning.
  long = sales_clean.stack(dropna=False).reset_index()
J:\Toni\Vibing\VN2_Opus\forecaster.py:57: FutureWarning: The previous implementation of stack is deprecated and will be removed in a future version of pandas. See the What's New notes for pandas 2.1.0 for details. Specify future_stack=True to adopt the new implementation and silence this warning.
  long = sales_clean.stack(dropna=False).reset_index()
J:\Toni\Vibing\VN2_Opus\forecaster.py:57: FutureWarning: The previous implementation of stack is deprecated and will be removed in a future version of pandas. See the What's New notes for pandas 2.1.0 for details. Specify future_stack=True to adopt the new implementation and silence this warning.
  long = sales_clean.stack(dropna=False).reset_index()
J:\Toni\Vibing\VN2_Opus\forecaster.py:57: FutureWarning: The previous implementation of stack is deprecated and will be removed in a future version of pandas. See the What's New notes for pandas 2.1.0 for details. Specify future_stack=True to adopt the new implementation and silence this warning.
  long = sales_clean.stack(dropna=False).reset_index()
J:\Toni\Vibing\VN2_Opus\forecaster.py:57: FutureWarning: The previous implementation of stack is deprecated and will be removed in a future version of pandas. See the What's New notes for pandas 2.1.0 for details. Specify future_stack=True to adopt the new implementation and silence this warning.
  long = sales_clean.stack(dropna=False).reset_index()
J:\Toni\Vibing\VN2_Opus\forecaster.py:57: FutureWarning: The previous implementation of stack is deprecated and will be removed in a future version of pandas. See the What's New notes for pandas 2.1.0 for details. Specify future_stack=True to adopt the new implementation and silence this warning.
  long = sales_clean.stack(dropna=False).reset_index()
J:\Toni\Vibing\VN2_Opus\forecaster.py:57: FutureWarning: The previous implementation of stack is deprecated and will be removed in a future version of pandas. See the What's New notes for pandas 2.1.0 for details. Specify future_stack=True to adopt the new implementation and silence this warning.
  long = sales_clean.stack(dropna=False).reset_index()
J:\Toni\Vibing\VN2_Opus\forecaster.py:57: FutureWarning: The previous implementation of stack is deprecated and will be removed in a future version of pandas. See the What's New notes for pandas 2.1.0 for details. Specify future_stack=True to adopt the new implementation and silence this warning.
  long = sales_clean.stack(dropna=False).reset_index()
J:\Toni\Vibing\VN2_Opus\forecaster.py:57: FutureWarning: The previous implementation of stack is deprecated and will be removed in a future version of pandas. See the What's New notes for pandas 2.1.0 for details. Specify future_stack=True to adopt the new implementation and silence this warning.
  long = sales_clean.stack(dropna=False).reset_index()
J:\Toni\Vibing\VN2_Opus\forecaster.py:57: FutureWarning: The previous implementation of stack is deprecated and will be removed in a future version of pandas. See the What's New notes for pandas 2.1.0 for details. Specify future_stack=True to adopt the new implementation and silence this warning.
  long = sales_clean.stack(dropna=False).reset_index()
J:\Toni\Vibing\VN2_Opus\forecaster.py:57: FutureWarning: The previous implementation of stack is deprecated and will be removed in a future version of pandas. See the What's New notes for pandas 2.1.0 for details. Specify future_stack=True to adopt the new implementation and silence this warning.
  long = sales_clean.stack(dropna=False).reset_index()
J:\Toni\Vibing\VN2_Opus\forecaster.py:57: FutureWarning: The previous implementation of stack is deprecated and will be removed in a future version of pandas. See the What's New notes for pandas 2.1.0 for details. Specify future_stack=True to adopt the new implementation and silence this warning.
  long = sales_clean.stack(dropna=False).reset_index()
J:\Toni\Vibing\VN2_Opus\forecaster.py:57: FutureWarning: The previous implementation of stack is deprecated and will be removed in a future version of pandas. See the What's New notes for pandas 2.1.0 for details. Specify future_stack=True to adopt the new implementation and silence this warning.
  long = sales_clean.stack(dropna=False).reset_index()
J:\Toni\Vibing\VN2_Opus\forecaster.py:57: FutureWarning: The previous implementation of stack is deprecated and will be removed in a future version of pandas. See the What's New notes for pandas 2.1.0 for details. Specify future_stack=True to adopt the new implementation and silence this warning.
  long = sales_clean.stack(dropna=False).reset_index()
Running experiment: ensemble_plus  kwargs={}

Running: Ensemble w_ma=0.25 x1.05 [baseline]

=== Ensemble w_ma=0.25 x1.05 [baseline] ===
      competition_cost  comp_holding  comp_shortage  fc_mae  fc_wape  fc_bias
fold                                                                         
cv0           3,996.00      1,755.00       2,241.00    2.86     0.49     0.20
cv1           3,531.20      1,469.20       2,062.00    2.74     0.46     0.26
cv2           3,570.60      1,596.60       1,974.00    2.75     0.48     0.48
cv3           3,519.20      1,591.20       1,928.00    2.63     0.47     0.29
  MEAN  competition_cost = 3,654.25  (holding=1,603.00, shortage=2,051.25)
  MEAN  forecast MAE=2.74  WAPE=0.475  bias=+0.31
  VAL   competition_cost = 2,855.20  (holding=1,737.20, shortage=1,118.00)
  VAL   forecast MAE=2.32  WAPE=0.458  bias=+0.86
  SACRED: 3,710.20  (h=1,307.20, s=2,403.00)

Running: Ensemble w_ma=0.25 per_round=[1.05,1.05,1.10,1.10,1.10,1.10]

=== Ensemble w_ma=0.25 per_round=[1.05,1.05,1.10,1.10,1.10,1.10] ===
      competition_cost  comp_holding  comp_shortage  fc_mae  fc_wape  fc_bias
fold                                                                         
cv0           4,000.00      1,869.00       2,131.00    2.86     0.49     0.20
cv1           3,487.60      1,565.60       1,922.00    2.74     0.46     0.26
cv2           3,537.80      1,688.80       1,849.00    2.75     0.48     0.48
cv3           3,480.40      1,687.40       1,793.00    2.63     0.47     0.29
  MEAN  competition_cost = 3,626.45  (holding=1,702.70, shortage=1,923.75)
  MEAN  forecast MAE=2.74  WAPE=0.475  bias=+0.31
  VAL   competition_cost = 2,875.20  (holding=1,844.20, shortage=1,031.00)
  VAL   forecast MAE=2.32  WAPE=0.458  bias=+0.86
  SACRED: 3,683.20  (h=1,404.20, s=2,279.00)

Running: Ensemble w_ma=0.25 per_round=[1.00,1.05,1.05,1.10,1.10,1.15]

=== Ensemble w_ma=0.25 per_round=[1.00,1.05,1.05,1.10,1.10,1.15] ===
      competition_cost  comp_holding  comp_shortage  fc_mae  fc_wape  fc_bias
fold                                                                         
cv0           3,964.00      1,814.00       2,150.00    2.86     0.49     0.20
cv1           3,455.00      1,526.00       1,929.00    2.74     0.46     0.26
cv2           3,579.20      1,670.20       1,909.00    2.75     0.48     0.48
cv3           3,394.80      1,628.80       1,766.00    2.63     0.47     0.29
  MEAN  competition_cost = 3,598.25  (holding=1,659.75, shortage=1,938.50)
  MEAN  forecast MAE=2.74  WAPE=0.475  bias=+0.31
  VAL   competition_cost = 2,838.20  (holding=1,786.20, shortage=1,052.00)
  VAL   forecast MAE=2.32  WAPE=0.458  bias=+0.86
  SACRED: 3,725.20  (h=1,388.20, s=2,337.00)

Running: Ensemble w_ma=0.25 per_round=[1.10,1.10,1.10,1.05,1.05,1.00]

=== Ensemble w_ma=0.25 per_round=[1.10,1.10,1.10,1.05,1.05,1.00] ===
      competition_cost  comp_holding  comp_shortage  fc_mae  fc_wape  fc_bias
fold                                                                         
cv0           4,030.00      1,823.00       2,207.00    2.86     0.49     0.20
cv1           3,586.80      1,539.80       2,047.00    2.74     0.46     0.26
cv2           3,493.60      1,633.60       1,860.00    2.75     0.48     0.48
cv3           3,593.60      1,662.60       1,931.00    2.63     0.47     0.29
  MEAN  competition_cost = 3,676.00  (holding=1,664.75, shortage=2,011.25)
  MEAN  forecast MAE=2.74  WAPE=0.475  bias=+0.31
  VAL   competition_cost = 2,928.60  (holding=1,820.60, shortage=1,108.00)
  VAL   forecast MAE=2.32  WAPE=0.458  bias=+0.86
  SACRED: 3,640.20  (h=1,338.20, s=2,302.00)

Running: Ensemble per-SKU w_ma [backtest-MAE] x1.05

=== Ensemble per-SKU w_ma [backtest-MAE] x1.05 ===
      competition_cost  comp_holding  comp_shortage  fc_mae  fc_wape  fc_bias
fold                                                                         
cv0           4,015.60      1,629.60       2,386.00    2.84     0.49    -0.00
cv1           3,546.20      1,387.20       2,159.00    2.69     0.45     0.13
cv2           3,657.80      1,743.80       1,914.00    2.84     0.50     0.72
cv3           3,560.40      1,554.40       2,006.00    2.58     0.46     0.26
  MEAN  competition_cost = 3,695.00  (holding=1,578.75, shortage=2,116.25)
  MEAN  forecast MAE=2.74  WAPE=0.474  bias=+0.28
  VAL   competition_cost = 2,837.20  (holding=1,632.20, shortage=1,205.00)
  VAL   forecast MAE=2.25  WAPE=0.444  bias=+0.74
  SACRED: 3,685.20  (h=1,229.20, s=2,456.00)

Running: Ensemble per-SKU w_ma [backtest-MAE] x1.10

=== Ensemble per-SKU w_ma [backtest-MAE] x1.10 ===
      competition_cost  comp_holding  comp_shortage  fc_mae  fc_wape  fc_bias
fold                                                                         
cv0           3,995.20      1,782.20       2,213.00    2.84     0.49    -0.00
cv1           3,506.00      1,541.00       1,965.00    2.69     0.45     0.13
cv2           3,612.80      1,891.80       1,721.00    2.84     0.50     0.72
cv3           3,520.20      1,711.20       1,809.00    2.58     0.46     0.26
  MEAN  competition_cost = 3,658.55  (holding=1,731.55, shortage=1,927.00)
  MEAN  forecast MAE=2.74  WAPE=0.474  bias=+0.28
  VAL   competition_cost = 2,875.00  (holding=1,801.00, shortage=1,074.00)
  VAL   forecast MAE=2.25  WAPE=0.444  bias=+0.74
  SACRED: 3,623.80  (h=1,359.80, s=2,264.00)

Running: Ensemble per-SKU per_round=[1.05,1.05,1.10,1.10,1.10,1.10]

=== Ensemble per-SKU per_round=[1.05,1.05,1.10,1.10,1.10,1.10] ===
      competition_cost  comp_holding  comp_shortage  fc_mae  fc_wape  fc_bias
fold                                                                         
cv0           3,990.60      1,726.60       2,264.00    2.84     0.49    -0.00
cv1           3,489.40      1,475.40       2,014.00    2.69     0.45     0.13
cv2           3,629.40      1,839.40       1,790.00    2.84     0.50     0.72
cv3           3,520.40      1,652.40       1,868.00    2.58     0.46     0.26
  MEAN  competition_cost = 3,657.45  (holding=1,673.45, shortage=1,984.00)
  MEAN  forecast MAE=2.74  WAPE=0.474  bias=+0.28
  VAL   competition_cost = 2,853.00  (holding=1,733.00, shortage=1,120.00)
  VAL   forecast MAE=2.25  WAPE=0.444  bias=+0.74
  SACRED: 3,673.40  (h=1,323.40, s=2,350.00)

================================================================================
  Policy                                                CV mean      VAL   SACRED
  ------------------------------------------------------------------------------
  Ensemble w_ma=0.25 x1.05 [baseline]                     3,654    2,855    3,710
  Ensemble w_ma=0.25 per_round=[1.05,1.05,1.10,1.10,1.10,1.10]    3,626    2,875    3,683
  Ensemble w_ma=0.25 per_round=[1.00,1.05,1.05,1.10,1.10,1.15]    3,598    2,838    3,725
  Ensemble w_ma=0.25 per_round=[1.10,1.10,1.10,1.05,1.05,1.00]    3,676    2,929    3,640
  Ensemble per-SKU w_ma [backtest-MAE] x1.05              3,695    2,837    3,685
  Ensemble per-SKU w_ma [backtest-MAE] x1.10              3,659    2,875    3,624
  Ensemble per-SKU per_round=[1.05,1.05,1.10,1.10,1.10,1.10]    3,657    2,853    3,673
