J:\Toni\Vibing\VN2_Opus\forecaster.py:57: FutureWarning: The previous implementation of stack is deprecated and will be removed in a future version of pandas. See the What's New notes for pandas 2.1.0 for details. Specify future_stack=True to adopt the new implementation and silence this warning.
  long = sales_clean.stack(dropna=False).reset_index()
J:\Toni\Vibing\VN2_Opus\forecaster.py:57: FutureWarning: The previous implementation of stack is deprecated and will be removed in a future version of pandas. See the What's New notes for pandas 2.1.0 for details. Specify future_stack=True to adopt the new implementation and silence this warning.
  long = sales_clean.stack(dropna=False).reset_index()
J:\Toni\Vibing\VN2_Opus\forecaster.py:57: FutureWarning: The previous implementation of stack is deprecated and will be removed in a future version of pandas. See the What's New notes for pandas 2.1.0 for details. Specify future_stack=True to adopt the new implementation and silence this warning.
  long = sales_clean.stack(dropna=False).reset_index()
J:\Toni\Vibing\VN2_Opus\forecaster.py:57: FutureWarning: The previous implementation of stack is deprecated and will be removed in a future version of pandas. See the What's New notes for pandas 2.1.0 for details. Specify future_stack=True to adopt the new implementation and silence this warning.
  long = sales_clean.stack(dropna=False).reset_index()
J:\Toni\Vibing\VN2_Opus\forecaster.py:57: FutureWarning: The previous implementation of stack is deprecated and will be removed in a future version of pandas. See the What's New notes for pandas 2.1.0 for details. Specify future_stack=True to adopt the new implementation and silence this warning.
  long = sales_clean.stack(dropna=False).reset_index()
J:\Toni\Vibing\VN2_Opus\forecaster.py:57: FutureWarning: The previous implementation of stack is deprecated and will be removed in a future version of pandas. See the What's New notes for pandas 2.1.0 for details. Specify future_stack=True to adopt the new implementation and silence this warning.
  long = sales_clean.stack(dropna=False).reset_index()
J:\Toni\Vibing\VN2_Opus\forecaster.py:57: FutureWarning: The previous implementation of stack is deprecated and will be removed in a future version of pandas. See the What's New notes for pandas 2.1.0 for details. Specify future_stack=True to adopt the new implementation and silence this warning.
  long = sales_clean.stack(dropna=False).reset_index()
J:\Toni\Vibing\VN2_Opus\forecaster.py:57: FutureWarning: The previous implementation of stack is deprecated and will be removed in a future version of pandas. See the What's New notes for pandas 2.1.0 for details. Specify future_stack=True to adopt the new implementation and silence this warning.
  long = sales_clean.stack(dropna=False).reset_index()
J:\Toni\Vibing\VN2_Opus\forecaster.py:57: FutureWarning: The previous implementation of stack is deprecated and will be removed in a future version of pandas. See the What's New notes for pandas 2.1.0 for details. Specify future_stack=True to adopt the new implementation and silence this warning.
  long = sales_clean.stack(dropna=False).reset_index()
J:\Toni\Vibing\VN2_Opus\forecaster.py:57: FutureWarning: The previous implementation of stack is deprecated and will be removed in a future version of pandas. See the What's New notes for pandas 2.1.0 for details. Specify future_stack=True to adopt the new implementation and silence this warning.
  long = sales_clean.stack(dropna=False).reset_index()
J:\Toni\Vibing\VN2_Opus\forecaster.py:57: FutureWarning: The previous implementation of stack is deprecated and will be removed in a future version of pandas. See the What's New notes for pandas 2.1.0 for details. Specify future_stack=True to adopt the new implementation and silence this warning.
  long = sales_clean.stack(dropna=False).reset_index()
J:\Toni\Vibing\VN2_Opus\forecaster.py:57: FutureWarning: The previous implementation of stack is deprecated and will be removed in a future version of pandas. See the What's New notes for pandas 2.1.0 for details. Specify future_stack=True to adopt the new implementation and silence this warning.
  long = sales_clean.stack(dropna=False).reset_index()
J:\Toni\Vibing\VN2_Opus\forecaster.py:57: FutureWarning: The previous implementation of stack is deprecated and will be removed in a future version of pandas. See the What's New notes for pandas 2.1.0 for details. Specify future_stack=True to adopt the new implementation and silence this warning.
  long = sales_clean.stack(dropna=False).reset_index()
J:\Toni\Vibing\VN2_Opus\forecaster.py:57: FutureWarning: The previous implementation of stack is deprecated and will be removed in a future version of pandas. See the What's New notes for pandas 2.1.0 for details. Specify future_stack=True to adopt the new implementation and silence this warning.
  long = sales_clean.stack(dropna=False).reset_index()
J:\Toni\Vibing\VN2_Opus\forecaster.py:57: FutureWarning: The previous implementation of stack is deprecated and will be removed in a future version of pandas. See the What's New notes for pandas 2.1.0 for details. Specify future_stack=True to adopt the new implementation and silence this warning.
  long = sales_clean.stack(dropna=False).reset_index()
J:\Toni\Vibing\VN2_Opus\forecaster.py:57: FutureWarning: The previous implementation of stack is deprecated and will be removed in a future version of pandas. See the What's New notes for pandas 2.1.0 for details. Specify future_stack=True to adopt the new implementation and silence this warning.
  long = sales_clean.stack(dropna=False).reset_index()
J:\Toni\Vibing\VN2_Opus\forecaster.py:57: FutureWarning: The previous implementation of stack is deprecated and will be removed in a future version of pandas. See the What's New notes for pandas 2.1.0 for details. Specify future_stack=True to adopt the new implementation and silence this warning.
  long = sales_clean.stack(dropna=False).reset_index()
J:\Toni\Vibing\VN2_Opus\forecaster.py:57: FutureWarning: The previous implementation of stack is deprecated and will be removed in a future version of pandas. See the What's New notes for pandas 2.1.0 for details. Specify future_stack=True to adopt the new implementation and silence this warning.
  long = sales_clean.stack(dropna=False).reset_index()
J:\Toni\Vibing\VN2_Opus\forecaster.py:57: FutureWarning: The previous implementation of stack is deprecated and will be removed in a future version of pandas. See the What's New notes for pandas 2.1.0 for details. Specify future_stack=True to adopt the new implementation and silence this warning.
  long = sales_clean.stack(dropna=False).reset_index()
J:\Toni\Vibing\VN2_Opus\forecaster.py:57: FutureWarning: The previous implementation of stack is deprecated and will be removed in a future version of pandas. See the What's New notes for pandas 2.1.0 for details. Specify future_stack=True to adopt the new implementation and silence this warning.
  long = sales_clean.stack(dropna=False).reset_index()
J:\Toni\Vibing\VN2_Opus\forecaster.py:57: FutureWarning: The previous implementation of stack is deprecated and will be removed in a future version of pandas. See the What's New notes for pandas 2.1.0 for details. Specify future_stack=True to adopt the new implementation and silence this warning.
  long = sales_clean.stack(dropna=False).reset_index()
J:\Toni\Vibing\VN2_Opus\forecaster.py:57: FutureWarning: The previous implementation of stack is deprecated and will be removed in a future version of pandas. See the What's New notes for pandas 2.1.0 for details. Specify future_stack=True to adopt the new implementation and silence this warning.
  long = sales_clean.stack(dropna=False).reset_index()
J:\Toni\Vibing\VN2_Opus\forecaster.py:57: FutureWarning: The previous implementation of stack is deprecated and will be removed in a future version of pandas. See the What's New notes for pandas 2.1.0 for details. Specify future_stack=True to adopt the new implementation and silence this warning.
  long = sales_clean.stack(dropna=False).reset_index()
J:\Toni\Vibing\VN2_Opus\forecaster.py:57: FutureWarning: The previous implementation of stack is deprecated and will be removed in a future version of pandas. See the What's New notes for pandas 2.1.0 for details. Specify future_stack=True to adopt the new implementation and silence this warning.
  long = sales_clean.stack(dropna=False).reset_index()
J:\Toni\Vibing\VN2_Opus\forecaster.py:57: FutureWarning: The previous implementation of stack is deprecated and will be removed in a future version of pandas. See the What's New notes for pandas 2.1.0 for details. Specify future_stack=True to adopt the new implementation and silence this warning.
  long = sales_clean.stack(dropna=False).reset_index()
J:\Toni\Vibing\VN2_Opus\forecaster.py:57: FutureWarning: The previous implementation of stack is deprecated and will be removed in a future version of pandas. See the What's New notes for pandas 2.1.0 for details. Specify future_stack=True to adopt the new implementation and silence this warning.
  long = sales_clean.stack(dropna=False).reset_index()
J:\Toni\Vibing\VN2_Opus\forecaster.py:57: FutureWarning: The previous implementation of stack is deprecated and will be removed in a future version of pandas. See the What's New notes for pandas 2.1.0 for details. Specify future_stack=True to adopt the new implementation and silence this warning.
  long = sales_clean.stack(dropna=False).reset_index()
J:\Toni\Vibing\VN2_Opus\forecaster.py:57: FutureWarning: The previous implementation of stack is deprecated and will be removed in a future version of pandas. See the What's New notes for pandas 2.1.0 for details. Specify future_stack=True to adopt the new implementation and silence this warning.
  long = sales_clean.stack(dropna=False).reset_index()
J:\Toni\Vibing\VN2_Opus\forecaster.py:57: FutureWarning: The previous implementation of stack is deprecated and will be removed in a future version of pandas. See the What's New notes for pandas 2.1.0 for details. Specify future_stack=True to adopt the new implementation and silence this warning.
  long = sales_clean.stack(dropna=False).reset_index()
J:\Toni\Vibing\VN2_Opus\forecaster.py:57: FutureWarning: The previous implementation of stack is deprecated and will be removed in a future version of pandas. See the What's New notes for pandas 2.1.0 for details. Specify future_stack=True to adopt the new implementation and silence this warning.
  long = sales_clean.stack(dropna=False).reset_index()
J:\Toni\Vibing\VN2_Opus\forecaster.py:57: FutureWarning: The previous implementation of stack is deprecated and will be removed in a future version of pandas. See the What's New notes for pandas 2.1.0 for details. Specify future_stack=True to adopt the new implementation and silence this warning.
  long = sales_clean.stack(dropna=False).reset_index()
J:\Toni\Vibing\VN2_Opus\forecaster.py:57: FutureWarning: The previous implementation of stack is deprecated and will be removed in a future version of pandas. See the What's New notes for pandas 2.1.0 for details. Specify future_stack=True to adopt the new implementation and silence this warning.
  long = sales_clean.stack(dropna=False).reset_index()
J:\Toni\Vibing\VN2_Opus\forecaster.py:57: FutureWarning: The previous implementation of stack is deprecated and will be removed in a future version of pandas. See the What's New notes for pandas 2.1.0 for details. Specify future_stack=True to adopt the new implementation and silence this warning.
  long = sales_clean.stack(dropna=False).reset_index()
J:\Toni\Vibing\VN2_Opus\forecaster.py:57: FutureWarning: The previous implementation of stack is deprecated and will be removed in a future version of pandas. See the What's New notes for pandas 2.1.0 for details. Specify future_stack=True to adopt the new implementation and silence this warning.
  long = sales_clean.stack(dropna=False).reset_index()
J:\Toni\Vibing\VN2_Opus\forecaster.py:57: FutureWarning: The previous implementation of stack is deprecated and will be removed in a future version of pandas. See the What's New notes for pandas 2.1.0 for details. Specify future_stack=True to adopt the new implementation and silence this warning.
  long = sales_clean.stack(dropna=False).reset_index()
J:\Toni\Vibing\VN2_Opus\forecaster.py:57: FutureWarning: The previous implementation of stack is deprecated and will be removed in a future version of pandas. See the What's New notes for pandas 2.1.0 for details. Specify future_stack=True to adopt the new implementation and silence this warning.
  long = sales_clean.stack(dropna=False).reset_index()
Running experiment: ensemble  kwargs={}

Running: Ensemble w_ma=0.0 cov=2 x1.05

=== Ensemble w_ma=0.0 cov=2 x1.05 ===
      competition_cost  comp_holding  comp_shortage  fc_mae  fc_wape  fc_bias
fold                                                                         
cv0           4,044.60      1,934.60       2,110.00    2.95     0.51     0.47
cv1           3,567.40      1,557.40       2,010.00    2.81     0.47     0.38
cv2           3,563.40      1,480.40       2,083.00    2.70     0.47     0.22
cv3           3,492.40      1,647.40       1,845.00    2.73     0.49     0.36
  MEAN  competition_cost = 3,666.95  (holding=1,654.95, shortage=2,012.00)
  MEAN  forecast MAE=2.80  WAPE=0.485  bias=+0.36
  VAL   competition_cost = 2,944.60  (holding=1,847.60, shortage=1,097.00)
  VAL   forecast MAE=2.42  WAPE=0.478  bias=+1.00
  SACRED: 3,776.40  (h=1,384.40, s=2,392.00)

Running: Ensemble w_ma=0.25 cov=2 x1.05

=== Ensemble w_ma=0.25 cov=2 x1.05 ===
      competition_cost  comp_holding  comp_shortage  fc_mae  fc_wape  fc_bias
fold                                                                         
cv0           3,996.00      1,755.00       2,241.00    2.86     0.49     0.20
cv1           3,531.20      1,469.20       2,062.00    2.74     0.46     0.26
cv2           3,570.60      1,596.60       1,974.00    2.75     0.48     0.48
cv3           3,519.20      1,591.20       1,928.00    2.63     0.47     0.29
  MEAN  competition_cost = 3,654.25  (holding=1,603.00, shortage=2,051.25)
  MEAN  forecast MAE=2.74  WAPE=0.475  bias=+0.31
  VAL   competition_cost = 2,855.20  (holding=1,737.20, shortage=1,118.00)
  VAL   forecast MAE=2.32  WAPE=0.458  bias=+0.86
  SACRED: 3,710.20  (h=1,307.20, s=2,403.00)

Running: Ensemble w_ma=0.5 cov=2 x1.05

=== Ensemble w_ma=0.5 cov=2 x1.05 ===
      competition_cost  comp_holding  comp_shortage  fc_mae  fc_wape  fc_bias
fold                                                                         
cv0           4,016.40      1,597.40       2,419.00    2.83     0.49    -0.06
cv1           3,547.00      1,389.00       2,158.00    2.69     0.45     0.13
cv2           3,646.20      1,742.20       1,904.00    2.85     0.50     0.73
cv3           3,579.40      1,530.40       2,049.00    2.57     0.46     0.22
  MEAN  competition_cost = 3,697.25  (holding=1,564.75, shortage=2,132.50)
  MEAN  forecast MAE=2.73  WAPE=0.473  bias=+0.25
  VAL   competition_cost = 2,838.00  (holding=1,623.00, shortage=1,215.00)
  VAL   forecast MAE=2.25  WAPE=0.444  bias=+0.73
  SACRED: 3,698.20  (h=1,244.20, s=2,454.00)

Running: Ensemble w_ma=0.75 cov=2 x1.05

=== Ensemble w_ma=0.75 cov=2 x1.05 ===
      competition_cost  comp_holding  comp_shortage  fc_mae  fc_wape  fc_bias
fold                                                                         
cv0           4,113.00      1,466.00       2,647.00    2.87     0.49    -0.33
cv1           3,588.20      1,319.20       2,269.00    2.65     0.44     0.01
cv2           3,756.60      1,896.60       1,860.00    3.00     0.52     0.98
cv3           3,656.80      1,503.80       2,153.00    2.56     0.46     0.15
  MEAN  competition_cost = 3,778.65  (holding=1,546.40, shortage=2,232.25)
  MEAN  forecast MAE=2.77  WAPE=0.480  bias=+0.20
  VAL   competition_cost = 2,826.80  (holding=1,552.80, shortage=1,274.00)
  VAL   forecast MAE=2.22  WAPE=0.438  bias=+0.59
  SACRED: 3,716.20  (h=1,233.20, s=2,483.00)

Running: Ensemble w_ma=1.0 cov=2 x1.05

=== Ensemble w_ma=1.0 cov=2 x1.05 ===
      competition_cost  comp_holding  comp_shortage  fc_mae  fc_wape  fc_bias
fold                                                                         
cv0           4,311.40      1,374.40       2,937.00    3.00     0.52    -0.59
cv1           3,684.60      1,282.60       2,402.00    2.65     0.44    -0.12
cv2           3,908.00      2,073.00       1,835.00    3.21     0.56     1.23
cv3           3,789.60      1,504.60       2,285.00    2.60     0.47     0.08
  MEAN  competition_cost = 3,923.40  (holding=1,558.65, shortage=2,364.75)
  MEAN  forecast MAE=2.87  WAPE=0.496  bias=+0.15
  VAL   competition_cost = 2,882.80  (holding=1,506.80, shortage=1,376.00)
  VAL   forecast MAE=2.24  WAPE=0.441  bias=+0.46
  SACRED: 3,771.40  (h=1,237.40, s=2,534.00)

Running: Ensemble w_ma=0.5 cov=2 x1.1

=== Ensemble w_ma=0.5 cov=2 x1.1 ===
      competition_cost  comp_holding  comp_shortage  fc_mae  fc_wape  fc_bias
fold                                                                         
cv0           3,994.40      1,747.40       2,247.00    2.83     0.49    -0.06
cv1           3,504.60      1,540.60       1,964.00    2.69     0.45     0.13
cv2           3,607.40      1,894.40       1,713.00    2.85     0.50     0.73
cv3           3,520.40      1,681.40       1,839.00    2.57     0.46     0.22
  MEAN  competition_cost = 3,656.70  (holding=1,715.95, shortage=1,940.75)
  MEAN  forecast MAE=2.73  WAPE=0.473  bias=+0.25
  VAL   competition_cost = 2,872.20  (holding=1,801.20, shortage=1,071.00)
  VAL   forecast MAE=2.25  WAPE=0.444  bias=+0.73
  SACRED: 3,636.80  (h=1,378.80, s=2,258.00)

================================================================================
  Policy                                                CV mean      VAL   SACRED
  ------------------------------------------------------------------------------
  Ensemble w_ma=0.0 cov=2 x1.05                           3,667    2,945    3,776
  Ensemble w_ma=0.25 cov=2 x1.05                          3,654    2,855    3,710
  Ensemble w_ma=0.5 cov=2 x1.05                           3,697    2,838    3,698
  Ensemble w_ma=0.75 cov=2 x1.05                          3,779    2,827    3,716
  Ensemble w_ma=1.0 cov=2 x1.05                           3,923    2,883    3,771
  Ensemble w_ma=0.5 cov=2 x1.1                            3,657    2,872    3,637
