
>>> diverse5_lgbshare_0.3
    [diverse-share] fitting 5-model forecaster (lgb_share=0.30)...
J:\Toni\Vibing\VN2_Opus\forecaster.py:214: FutureWarning: The previous implementation of stack is deprecated and will be removed in a future version of pandas. See the What's New notes for pandas 2.1.0 for details. Specify future_stack=True to adopt the new implementation and silence this warning.
  long = sales_clean.stack(dropna=False).reset_index()
    [diverse-share] ml_df shape=(599, 11)  (w_lgb=0.100 per, w_cb=0.350 per)
    [diverse-share] backtest for sigma...
J:\Toni\Vibing\VN2_Opus\forecaster.py:214: FutureWarning: The previous implementation of stack is deprecated and will be removed in a future version of pandas. See the What's New notes for pandas 2.1.0 for details. Specify future_stack=True to adopt the new implementation and silence this warning.
  long = sales_clean.stack(dropna=False).reset_index()
    [diverse-share] fit complete.
    [diverse-share] fitting 5-model forecaster (lgb_share=0.30)...
J:\Toni\Vibing\VN2_Opus\forecaster.py:214: FutureWarning: The previous implementation of stack is deprecated and will be removed in a future version of pandas. See the What's New notes for pandas 2.1.0 for details. Specify future_stack=True to adopt the new implementation and silence this warning.
  long = sales_clean.stack(dropna=False).reset_index()
    [diverse-share] ml_df shape=(599, 11)  (w_lgb=0.100 per, w_cb=0.350 per)
    [diverse-share] backtest for sigma...
J:\Toni\Vibing\VN2_Opus\forecaster.py:214: FutureWarning: The previous implementation of stack is deprecated and will be removed in a future version of pandas. See the What's New notes for pandas 2.1.0 for details. Specify future_stack=True to adopt the new implementation and silence this warning.
  long = sales_clean.stack(dropna=False).reset_index()
    [diverse-share] fit complete.
    [diverse-share] fitting 5-model forecaster (lgb_share=0.30)...
J:\Toni\Vibing\VN2_Opus\forecaster.py:214: FutureWarning: The previous implementation of stack is deprecated and will be removed in a future version of pandas. See the What's New notes for pandas 2.1.0 for details. Specify future_stack=True to adopt the new implementation and silence this warning.
  long = sales_clean.stack(dropna=False).reset_index()
    [diverse-share] ml_df shape=(599, 11)  (w_lgb=0.100 per, w_cb=0.350 per)
    [diverse-share] backtest for sigma...
J:\Toni\Vibing\VN2_Opus\forecaster.py:214: FutureWarning: The previous implementation of stack is deprecated and will be removed in a future version of pandas. See the What's New notes for pandas 2.1.0 for details. Specify future_stack=True to adopt the new implementation and silence this warning.
  long = sales_clean.stack(dropna=False).reset_index()
    [diverse-share] fit complete.
    [diverse-share] fitting 5-model forecaster (lgb_share=0.30)...
J:\Toni\Vibing\VN2_Opus\forecaster.py:214: FutureWarning: The previous implementation of stack is deprecated and will be removed in a future version of pandas. See the What's New notes for pandas 2.1.0 for details. Specify future_stack=True to adopt the new implementation and silence this warning.
  long = sales_clean.stack(dropna=False).reset_index()
    [diverse-share] ml_df shape=(599, 11)  (w_lgb=0.100 per, w_cb=0.350 per)
    [diverse-share] backtest for sigma...
J:\Toni\Vibing\VN2_Opus\forecaster.py:214: FutureWarning: The previous implementation of stack is deprecated and will be removed in a future version of pandas. See the What's New notes for pandas 2.1.0 for details. Specify future_stack=True to adopt the new implementation and silence this warning.
  long = sales_clean.stack(dropna=False).reset_index()
    [diverse-share] fit complete.
    [diverse-share] fitting 5-model forecaster (lgb_share=0.30)...
J:\Toni\Vibing\VN2_Opus\forecaster.py:214: FutureWarning: The previous implementation of stack is deprecated and will be removed in a future version of pandas. See the What's New notes for pandas 2.1.0 for details. Specify future_stack=True to adopt the new implementation and silence this warning.
  long = sales_clean.stack(dropna=False).reset_index()
    [diverse-share] ml_df shape=(599, 11)  (w_lgb=0.100 per, w_cb=0.350 per)
    [diverse-share] backtest for sigma...
J:\Toni\Vibing\VN2_Opus\forecaster.py:214: FutureWarning: The previous implementation of stack is deprecated and will be removed in a future version of pandas. See the What's New notes for pandas 2.1.0 for details. Specify future_stack=True to adopt the new implementation and silence this warning.
  long = sales_clean.stack(dropna=False).reset_index()
    [diverse-share] fit complete.
    [diverse-share] fitting 5-model forecaster (lgb_share=0.30)...
J:\Toni\Vibing\VN2_Opus\forecaster.py:214: FutureWarning: The previous implementation of stack is deprecated and will be removed in a future version of pandas. See the What's New notes for pandas 2.1.0 for details. Specify future_stack=True to adopt the new implementation and silence this warning.
  long = sales_clean.stack(dropna=False).reset_index()
    [diverse-share] ml_df shape=(599, 11)  (w_lgb=0.100 per, w_cb=0.350 per)
    [diverse-share] backtest for sigma...
J:\Toni\Vibing\VN2_Opus\forecaster.py:214: FutureWarning: The previous implementation of stack is deprecated and will be removed in a future version of pandas. See the What's New notes for pandas 2.1.0 for details. Specify future_stack=True to adopt the new implementation and silence this warning.
  long = sales_clean.stack(dropna=False).reset_index()
    [diverse-share] fit complete.
    [diverse-share] fitting 5-model forecaster (lgb_share=0.30)...
J:\Toni\Vibing\VN2_Opus\forecaster.py:214: FutureWarning: The previous implementation of stack is deprecated and will be removed in a future version of pandas. See the What's New notes for pandas 2.1.0 for details. Specify future_stack=True to adopt the new implementation and silence this warning.
  long = sales_clean.stack(dropna=False).reset_index()
    [diverse-share] ml_df shape=(599, 11)  (w_lgb=0.100 per, w_cb=0.350 per)
    [diverse-share] backtest for sigma...
J:\Toni\Vibing\VN2_Opus\forecaster.py:214: FutureWarning: The previous implementation of stack is deprecated and will be removed in a future version of pandas. See the What's New notes for pandas 2.1.0 for details. Specify future_stack=True to adopt the new implementation and silence this warning.
  long = sales_clean.stack(dropna=False).reset_index()
    [diverse-share] fit complete.
    [diverse-share] fitting 5-model forecaster (lgb_share=0.30)...
J:\Toni\Vibing\VN2_Opus\forecaster.py:214: FutureWarning: The previous implementation of stack is deprecated and will be removed in a future version of pandas. See the What's New notes for pandas 2.1.0 for details. Specify future_stack=True to adopt the new implementation and silence this warning.
  long = sales_clean.stack(dropna=False).reset_index()
    [diverse-share] ml_df shape=(599, 11)  (w_lgb=0.100 per, w_cb=0.350 per)
    [diverse-share] backtest for sigma...
J:\Toni\Vibing\VN2_Opus\forecaster.py:214: FutureWarning: The previous implementation of stack is deprecated and will be removed in a future version of pandas. See the What's New notes for pandas 2.1.0 for details. Specify future_stack=True to adopt the new implementation and silence this warning.
  long = sales_clean.stack(dropna=False).reset_index()
    [diverse-share] fit complete.
    [diverse-share] fitting 5-model forecaster (lgb_share=0.30)...
J:\Toni\Vibing\VN2_Opus\forecaster.py:214: FutureWarning: The previous implementation of stack is deprecated and will be removed in a future version of pandas. See the What's New notes for pandas 2.1.0 for details. Specify future_stack=True to adopt the new implementation and silence this warning.
  long = sales_clean.stack(dropna=False).reset_index()
    [diverse-share] ml_df shape=(599, 11)  (w_lgb=0.100 per, w_cb=0.350 per)
    [diverse-share] backtest for sigma...
J:\Toni\Vibing\VN2_Opus\forecaster.py:214: FutureWarning: The previous implementation of stack is deprecated and will be removed in a future version of pandas. See the What's New notes for pandas 2.1.0 for details. Specify future_stack=True to adopt the new implementation and silence this warning.
  long = sales_clean.stack(dropna=False).reset_index()
    [diverse-share] fit complete.

=== diverse5_lgbshare_0.3 ===
      competition_cost  comp_holding  comp_shortage  fc_mae  fc_wape  fc_bias  fc_pinball_0.833
fold                                                                                           
cv0           5,811.80      2,173.80       3,638.00    5.72     0.65    -4.65              2.88
cv1           3,592.20      1,527.20       2,065.00    6.29     0.71    -5.95              3.21
cv2           4,215.80      1,117.80       3,098.00    7.77     0.73    -7.59              4.03
cv3           3,274.40      1,564.40       1,710.00    5.95     0.68    -5.70              2.87
cv4           3,289.00      1,368.00       1,921.00    6.26     0.70    -5.91              3.13
cv5           3,074.20      1,520.20       1,554.00    6.50     0.71    -6.06              3.28
cv6           7,509.40      2,164.40       5,345.00   10.46     0.71    -9.84              5.39
cv7           3,261.80      1,507.80       1,754.00    5.96     0.70    -5.56              3.04
  MEAN  competition_cost = 4,253.58  (holding=1,617.95, shortage=2,635.62)
  MEAN  forecast MAE=6.86  WAPE=0.699  bias=-6.41  pinball@0.833=3.480
  VAL   competition_cost = 2,607.20  (holding=1,659.20, shortage=948.00)
  VAL   forecast MAE=5.28  WAPE=0.676  bias=-4.86  pinball@0.833=2.664
[diverse5_lgbshare_0.3] wall-time: 327.4s

>>> diverse5_lgbshare_0.45
    [diverse-share] fitting 5-model forecaster (lgb_share=0.45)...
J:\Toni\Vibing\VN2_Opus\forecaster.py:214: FutureWarning: The previous implementation of stack is deprecated and will be removed in a future version of pandas. See the What's New notes for pandas 2.1.0 for details. Specify future_stack=True to adopt the new implementation and silence this warning.
  long = sales_clean.stack(dropna=False).reset_index()
    [diverse-share] ml_df shape=(599, 11)  (w_lgb=0.150 per, w_cb=0.275 per)
    [diverse-share] backtest for sigma...
J:\Toni\Vibing\VN2_Opus\forecaster.py:214: FutureWarning: The previous implementation of stack is deprecated and will be removed in a future version of pandas. See the What's New notes for pandas 2.1.0 for details. Specify future_stack=True to adopt the new implementation and silence this warning.
  long = sales_clean.stack(dropna=False).reset_index()
    [diverse-share] fit complete.
    [diverse-share] fitting 5-model forecaster (lgb_share=0.45)...
J:\Toni\Vibing\VN2_Opus\forecaster.py:214: FutureWarning: The previous implementation of stack is deprecated and will be removed in a future version of pandas. See the What's New notes for pandas 2.1.0 for details. Specify future_stack=True to adopt the new implementation and silence this warning.
  long = sales_clean.stack(dropna=False).reset_index()
    [diverse-share] ml_df shape=(599, 11)  (w_lgb=0.150 per, w_cb=0.275 per)
    [diverse-share] backtest for sigma...
J:\Toni\Vibing\VN2_Opus\forecaster.py:214: FutureWarning: The previous implementation of stack is deprecated and will be removed in a future version of pandas. See the What's New notes for pandas 2.1.0 for details. Specify future_stack=True to adopt the new implementation and silence this warning.
  long = sales_clean.stack(dropna=False).reset_index()
    [diverse-share] fit complete.
    [diverse-share] fitting 5-model forecaster (lgb_share=0.45)...
J:\Toni\Vibing\VN2_Opus\forecaster.py:214: FutureWarning: The previous implementation of stack is deprecated and will be removed in a future version of pandas. See the What's New notes for pandas 2.1.0 for details. Specify future_stack=True to adopt the new implementation and silence this warning.
  long = sales_clean.stack(dropna=False).reset_index()
    [diverse-share] ml_df shape=(599, 11)  (w_lgb=0.150 per, w_cb=0.275 per)
    [diverse-share] backtest for sigma...
J:\Toni\Vibing\VN2_Opus\forecaster.py:214: FutureWarning: The previous implementation of stack is deprecated and will be removed in a future version of pandas. See the What's New notes for pandas 2.1.0 for details. Specify future_stack=True to adopt the new implementation and silence this warning.
  long = sales_clean.stack(dropna=False).reset_index()
    [diverse-share] fit complete.
    [diverse-share] fitting 5-model forecaster (lgb_share=0.45)...
J:\Toni\Vibing\VN2_Opus\forecaster.py:214: FutureWarning: The previous implementation of stack is deprecated and will be removed in a future version of pandas. See the What's New notes for pandas 2.1.0 for details. Specify future_stack=True to adopt the new implementation and silence this warning.
  long = sales_clean.stack(dropna=False).reset_index()
    [diverse-share] ml_df shape=(599, 11)  (w_lgb=0.150 per, w_cb=0.275 per)
    [diverse-share] backtest for sigma...
J:\Toni\Vibing\VN2_Opus\forecaster.py:214: FutureWarning: The previous implementation of stack is deprecated and will be removed in a future version of pandas. See the What's New notes for pandas 2.1.0 for details. Specify future_stack=True to adopt the new implementation and silence this warning.
  long = sales_clean.stack(dropna=False).reset_index()
    [diverse-share] fit complete.
    [diverse-share] fitting 5-model forecaster (lgb_share=0.45)...
J:\Toni\Vibing\VN2_Opus\forecaster.py:214: FutureWarning: The previous implementation of stack is deprecated and will be removed in a future version of pandas. See the What's New notes for pandas 2.1.0 for details. Specify future_stack=True to adopt the new implementation and silence this warning.
  long = sales_clean.stack(dropna=False).reset_index()
    [diverse-share] ml_df shape=(599, 11)  (w_lgb=0.150 per, w_cb=0.275 per)
    [diverse-share] backtest for sigma...
J:\Toni\Vibing\VN2_Opus\forecaster.py:214: FutureWarning: The previous implementation of stack is deprecated and will be removed in a future version of pandas. See the What's New notes for pandas 2.1.0 for details. Specify future_stack=True to adopt the new implementation and silence this warning.
  long = sales_clean.stack(dropna=False).reset_index()
    [diverse-share] fit complete.
    [diverse-share] fitting 5-model forecaster (lgb_share=0.45)...
J:\Toni\Vibing\VN2_Opus\forecaster.py:214: FutureWarning: The previous implementation of stack is deprecated and will be removed in a future version of pandas. See the What's New notes for pandas 2.1.0 for details. Specify future_stack=True to adopt the new implementation and silence this warning.
  long = sales_clean.stack(dropna=False).reset_index()
    [diverse-share] ml_df shape=(599, 11)  (w_lgb=0.150 per, w_cb=0.275 per)
    [diverse-share] backtest for sigma...
J:\Toni\Vibing\VN2_Opus\forecaster.py:214: FutureWarning: The previous implementation of stack is deprecated and will be removed in a future version of pandas. See the What's New notes for pandas 2.1.0 for details. Specify future_stack=True to adopt the new implementation and silence this warning.
  long = sales_clean.stack(dropna=False).reset_index()
    [diverse-share] fit complete.
    [diverse-share] fitting 5-model forecaster (lgb_share=0.45)...
J:\Toni\Vibing\VN2_Opus\forecaster.py:214: FutureWarning: The previous implementation of stack is deprecated and will be removed in a future version of pandas. See the What's New notes for pandas 2.1.0 for details. Specify future_stack=True to adopt the new implementation and silence this warning.
  long = sales_clean.stack(dropna=False).reset_index()
    [diverse-share] ml_df shape=(599, 11)  (w_lgb=0.150 per, w_cb=0.275 per)
    [diverse-share] backtest for sigma...
J:\Toni\Vibing\VN2_Opus\forecaster.py:214: FutureWarning: The previous implementation of stack is deprecated and will be removed in a future version of pandas. See the What's New notes for pandas 2.1.0 for details. Specify future_stack=True to adopt the new implementation and silence this warning.
  long = sales_clean.stack(dropna=False).reset_index()
    [diverse-share] fit complete.
    [diverse-share] fitting 5-model forecaster (lgb_share=0.45)...
J:\Toni\Vibing\VN2_Opus\forecaster.py:214: FutureWarning: The previous implementation of stack is deprecated and will be removed in a future version of pandas. See the What's New notes for pandas 2.1.0 for details. Specify future_stack=True to adopt the new implementation and silence this warning.
  long = sales_clean.stack(dropna=False).reset_index()
    [diverse-share] ml_df shape=(599, 11)  (w_lgb=0.150 per, w_cb=0.275 per)
    [diverse-share] backtest for sigma...
J:\Toni\Vibing\VN2_Opus\forecaster.py:214: FutureWarning: The previous implementation of stack is deprecated and will be removed in a future version of pandas. See the What's New notes for pandas 2.1.0 for details. Specify future_stack=True to adopt the new implementation and silence this warning.
  long = sales_clean.stack(dropna=False).reset_index()
    [diverse-share] fit complete.
    [diverse-share] fitting 5-model forecaster (lgb_share=0.45)...
J:\Toni\Vibing\VN2_Opus\forecaster.py:214: FutureWarning: The previous implementation of stack is deprecated and will be removed in a future version of pandas. See the What's New notes for pandas 2.1.0 for details. Specify future_stack=True to adopt the new implementation and silence this warning.
  long = sales_clean.stack(dropna=False).reset_index()
    [diverse-share] ml_df shape=(599, 11)  (w_lgb=0.150 per, w_cb=0.275 per)
    [diverse-share] backtest for sigma...
J:\Toni\Vibing\VN2_Opus\forecaster.py:214: FutureWarning: The previous implementation of stack is deprecated and will be removed in a future version of pandas. See the What's New notes for pandas 2.1.0 for details. Specify future_stack=True to adopt the new implementation and silence this warning.
  long = sales_clean.stack(dropna=False).reset_index()
    [diverse-share] fit complete.

=== diverse5_lgbshare_0.45 ===
      competition_cost  comp_holding  comp_shortage  fc_mae  fc_wape  fc_bias  fc_pinball_0.833
fold                                                                                           
cv0           5,837.60      2,180.60       3,657.00    5.73     0.65    -4.65              2.89
cv1           3,607.80      1,511.80       2,096.00    6.30     0.71    -5.97              3.22
cv2           4,198.00      1,130.00       3,068.00    7.76     0.73    -7.57              4.02
cv3           3,279.00      1,565.00       1,714.00    5.95     0.68    -5.70              2.88
cv4           3,275.00      1,376.00       1,899.00    6.24     0.69    -5.89              3.12
cv5           3,066.60      1,520.60       1,546.00    6.50     0.71    -6.06              3.28
cv6           7,409.40      2,157.40       5,252.00   10.44     0.71    -9.82              5.38
cv7           3,259.40      1,525.40       1,734.00    5.95     0.70    -5.55              3.03
  MEAN  competition_cost = 4,241.60  (holding=1,620.85, shortage=2,620.75)
  MEAN  forecast MAE=6.86  WAPE=0.699  bias=-6.40  pinball@0.833=3.477
  VAL   competition_cost = 2,608.00  (holding=1,668.00, shortage=940.00)
  VAL   forecast MAE=5.27  WAPE=0.675  bias=-4.85  pinball@0.833=2.659
[diverse5_lgbshare_0.45] wall-time: 293.5s

>>> diverse5_lgbshare_0.6
    [diverse-share] fitting 5-model forecaster (lgb_share=0.60)...
J:\Toni\Vibing\VN2_Opus\forecaster.py:214: FutureWarning: The previous implementation of stack is deprecated and will be removed in a future version of pandas. See the What's New notes for pandas 2.1.0 for details. Specify future_stack=True to adopt the new implementation and silence this warning.
  long = sales_clean.stack(dropna=False).reset_index()
    [diverse-share] ml_df shape=(599, 11)  (w_lgb=0.200 per, w_cb=0.200 per)
    [diverse-share] backtest for sigma...
J:\Toni\Vibing\VN2_Opus\forecaster.py:214: FutureWarning: The previous implementation of stack is deprecated and will be removed in a future version of pandas. See the What's New notes for pandas 2.1.0 for details. Specify future_stack=True to adopt the new implementation and silence this warning.
  long = sales_clean.stack(dropna=False).reset_index()
    [diverse-share] fit complete.
    [diverse-share] fitting 5-model forecaster (lgb_share=0.60)...
J:\Toni\Vibing\VN2_Opus\forecaster.py:214: FutureWarning: The previous implementation of stack is deprecated and will be removed in a future version of pandas. See the What's New notes for pandas 2.1.0 for details. Specify future_stack=True to adopt the new implementation and silence this warning.
  long = sales_clean.stack(dropna=False).reset_index()
    [diverse-share] ml_df shape=(599, 11)  (w_lgb=0.200 per, w_cb=0.200 per)
    [diverse-share] backtest for sigma...
J:\Toni\Vibing\VN2_Opus\forecaster.py:214: FutureWarning: The previous implementation of stack is deprecated and will be removed in a future version of pandas. See the What's New notes for pandas 2.1.0 for details. Specify future_stack=True to adopt the new implementation and silence this warning.
  long = sales_clean.stack(dropna=False).reset_index()
    [diverse-share] fit complete.
    [diverse-share] fitting 5-model forecaster (lgb_share=0.60)...
J:\Toni\Vibing\VN2_Opus\forecaster.py:214: FutureWarning: The previous implementation of stack is deprecated and will be removed in a future version of pandas. See the What's New notes for pandas 2.1.0 for details. Specify future_stack=True to adopt the new implementation and silence this warning.
  long = sales_clean.stack(dropna=False).reset_index()
    [diverse-share] ml_df shape=(599, 11)  (w_lgb=0.200 per, w_cb=0.200 per)
    [diverse-share] backtest for sigma...
J:\Toni\Vibing\VN2_Opus\forecaster.py:214: FutureWarning: The previous implementation of stack is deprecated and will be removed in a future version of pandas. See the What's New notes for pandas 2.1.0 for details. Specify future_stack=True to adopt the new implementation and silence this warning.
  long = sales_clean.stack(dropna=False).reset_index()
    [diverse-share] fit complete.
    [diverse-share] fitting 5-model forecaster (lgb_share=0.60)...
J:\Toni\Vibing\VN2_Opus\forecaster.py:214: FutureWarning: The previous implementation of stack is deprecated and will be removed in a future version of pandas. See the What's New notes for pandas 2.1.0 for details. Specify future_stack=True to adopt the new implementation and silence this warning.
  long = sales_clean.stack(dropna=False).reset_index()
    [diverse-share] ml_df shape=(599, 11)  (w_lgb=0.200 per, w_cb=0.200 per)
    [diverse-share] backtest for sigma...
J:\Toni\Vibing\VN2_Opus\forecaster.py:214: FutureWarning: The previous implementation of stack is deprecated and will be removed in a future version of pandas. See the What's New notes for pandas 2.1.0 for details. Specify future_stack=True to adopt the new implementation and silence this warning.
  long = sales_clean.stack(dropna=False).reset_index()
    [diverse-share] fit complete.
    [diverse-share] fitting 5-model forecaster (lgb_share=0.60)...
J:\Toni\Vibing\VN2_Opus\forecaster.py:214: FutureWarning: The previous implementation of stack is deprecated and will be removed in a future version of pandas. See the What's New notes for pandas 2.1.0 for details. Specify future_stack=True to adopt the new implementation and silence this warning.
  long = sales_clean.stack(dropna=False).reset_index()
    [diverse-share] ml_df shape=(599, 11)  (w_lgb=0.200 per, w_cb=0.200 per)
    [diverse-share] backtest for sigma...
J:\Toni\Vibing\VN2_Opus\forecaster.py:214: FutureWarning: The previous implementation of stack is deprecated and will be removed in a future version of pandas. See the What's New notes for pandas 2.1.0 for details. Specify future_stack=True to adopt the new implementation and silence this warning.
  long = sales_clean.stack(dropna=False).reset_index()
    [diverse-share] fit complete.
    [diverse-share] fitting 5-model forecaster (lgb_share=0.60)...
J:\Toni\Vibing\VN2_Opus\forecaster.py:214: FutureWarning: The previous implementation of stack is deprecated and will be removed in a future version of pandas. See the What's New notes for pandas 2.1.0 for details. Specify future_stack=True to adopt the new implementation and silence this warning.
  long = sales_clean.stack(dropna=False).reset_index()
    [diverse-share] ml_df shape=(599, 11)  (w_lgb=0.200 per, w_cb=0.200 per)
    [diverse-share] backtest for sigma...
J:\Toni\Vibing\VN2_Opus\forecaster.py:214: FutureWarning: The previous implementation of stack is deprecated and will be removed in a future version of pandas. See the What's New notes for pandas 2.1.0 for details. Specify future_stack=True to adopt the new implementation and silence this warning.
  long = sales_clean.stack(dropna=False).reset_index()
    [diverse-share] fit complete.
    [diverse-share] fitting 5-model forecaster (lgb_share=0.60)...
J:\Toni\Vibing\VN2_Opus\forecaster.py:214: FutureWarning: The previous implementation of stack is deprecated and will be removed in a future version of pandas. See the What's New notes for pandas 2.1.0 for details. Specify future_stack=True to adopt the new implementation and silence this warning.
  long = sales_clean.stack(dropna=False).reset_index()
    [diverse-share] ml_df shape=(599, 11)  (w_lgb=0.200 per, w_cb=0.200 per)
    [diverse-share] backtest for sigma...
J:\Toni\Vibing\VN2_Opus\forecaster.py:214: FutureWarning: The previous implementation of stack is deprecated and will be removed in a future version of pandas. See the What's New notes for pandas 2.1.0 for details. Specify future_stack=True to adopt the new implementation and silence this warning.
  long = sales_clean.stack(dropna=False).reset_index()
    [diverse-share] fit complete.
    [diverse-share] fitting 5-model forecaster (lgb_share=0.60)...
J:\Toni\Vibing\VN2_Opus\forecaster.py:214: FutureWarning: The previous implementation of stack is deprecated and will be removed in a future version of pandas. See the What's New notes for pandas 2.1.0 for details. Specify future_stack=True to adopt the new implementation and silence this warning.
  long = sales_clean.stack(dropna=False).reset_index()
    [diverse-share] ml_df shape=(599, 11)  (w_lgb=0.200 per, w_cb=0.200 per)
    [diverse-share] backtest for sigma...
J:\Toni\Vibing\VN2_Opus\forecaster.py:214: FutureWarning: The previous implementation of stack is deprecated and will be removed in a future version of pandas. See the What's New notes for pandas 2.1.0 for details. Specify future_stack=True to adopt the new implementation and silence this warning.
  long = sales_clean.stack(dropna=False).reset_index()
    [diverse-share] fit complete.
    [diverse-share] fitting 5-model forecaster (lgb_share=0.60)...
J:\Toni\Vibing\VN2_Opus\forecaster.py:214: FutureWarning: The previous implementation of stack is deprecated and will be removed in a future version of pandas. See the What's New notes for pandas 2.1.0 for details. Specify future_stack=True to adopt the new implementation and silence this warning.
  long = sales_clean.stack(dropna=False).reset_index()
    [diverse-share] ml_df shape=(599, 11)  (w_lgb=0.200 per, w_cb=0.200 per)
    [diverse-share] backtest for sigma...
J:\Toni\Vibing\VN2_Opus\forecaster.py:214: FutureWarning: The previous implementation of stack is deprecated and will be removed in a future version of pandas. See the What's New notes for pandas 2.1.0 for details. Specify future_stack=True to adopt the new implementation and silence this warning.
  long = sales_clean.stack(dropna=False).reset_index()
    [diverse-share] fit complete.

=== diverse5_lgbshare_0.6 ===
      competition_cost  comp_holding  comp_shortage  fc_mae  fc_wape  fc_bias  fc_pinball_0.833
fold                                                                                           
cv0           5,857.20      2,180.20       3,677.00    5.74     0.66    -4.65              2.89
cv1           3,622.00      1,498.00       2,124.00    6.31     0.71    -5.98              3.22
cv2           4,186.00      1,147.00       3,039.00    7.74     0.73    -7.56              4.01
cv3           3,283.40      1,571.40       1,712.00    5.95     0.68    -5.69              2.88
cv4           3,261.80      1,384.80       1,877.00    6.23     0.69    -5.88              3.12
cv5           3,066.00      1,521.00       1,545.00    6.50     0.71    -6.05              3.28
cv6           7,340.00      2,155.00       5,185.00   10.43     0.71    -9.80              5.37
cv7           3,241.60      1,535.60       1,706.00    5.93     0.70    -5.53              3.02
  MEAN  competition_cost = 4,232.25  (holding=1,624.12, shortage=2,608.12)
  MEAN  forecast MAE=6.86  WAPE=0.698  bias=-6.39  pinball@0.833=3.475
  VAL   competition_cost = 2,611.40  (holding=1,682.40, shortage=929.00)
  VAL   forecast MAE=5.26  WAPE=0.673  bias=-4.84  pinball@0.833=2.654
[diverse5_lgbshare_0.6] wall-time: 326.4s

>>> diverse5_lgbshare_0.75
    [diverse-share] fitting 5-model forecaster (lgb_share=0.75)...
J:\Toni\Vibing\VN2_Opus\forecaster.py:214: FutureWarning: The previous implementation of stack is deprecated and will be removed in a future version of pandas. See the What's New notes for pandas 2.1.0 for details. Specify future_stack=True to adopt the new implementation and silence this warning.
  long = sales_clean.stack(dropna=False).reset_index()
    [diverse-share] ml_df shape=(599, 11)  (w_lgb=0.250 per, w_cb=0.125 per)
    [diverse-share] backtest for sigma...
J:\Toni\Vibing\VN2_Opus\forecaster.py:214: FutureWarning: The previous implementation of stack is deprecated and will be removed in a future version of pandas. See the What's New notes for pandas 2.1.0 for details. Specify future_stack=True to adopt the new implementation and silence this warning.
  long = sales_clean.stack(dropna=False).reset_index()
    [diverse-share] fit complete.
    [diverse-share] fitting 5-model forecaster (lgb_share=0.75)...
J:\Toni\Vibing\VN2_Opus\forecaster.py:214: FutureWarning: The previous implementation of stack is deprecated and will be removed in a future version of pandas. See the What's New notes for pandas 2.1.0 for details. Specify future_stack=True to adopt the new implementation and silence this warning.
  long = sales_clean.stack(dropna=False).reset_index()
    [diverse-share] ml_df shape=(599, 11)  (w_lgb=0.250 per, w_cb=0.125 per)
    [diverse-share] backtest for sigma...
J:\Toni\Vibing\VN2_Opus\forecaster.py:214: FutureWarning: The previous implementation of stack is deprecated and will be removed in a future version of pandas. See the What's New notes for pandas 2.1.0 for details. Specify future_stack=True to adopt the new implementation and silence this warning.
  long = sales_clean.stack(dropna=False).reset_index()
    [diverse-share] fit complete.
    [diverse-share] fitting 5-model forecaster (lgb_share=0.75)...
J:\Toni\Vibing\VN2_Opus\forecaster.py:214: FutureWarning: The previous implementation of stack is deprecated and will be removed in a future version of pandas. See the What's New notes for pandas 2.1.0 for details. Specify future_stack=True to adopt the new implementation and silence this warning.
  long = sales_clean.stack(dropna=False).reset_index()
    [diverse-share] ml_df shape=(599, 11)  (w_lgb=0.250 per, w_cb=0.125 per)
    [diverse-share] backtest for sigma...
J:\Toni\Vibing\VN2_Opus\forecaster.py:214: FutureWarning: The previous implementation of stack is deprecated and will be removed in a future version of pandas. See the What's New notes for pandas 2.1.0 for details. Specify future_stack=True to adopt the new implementation and silence this warning.
  long = sales_clean.stack(dropna=False).reset_index()
    [diverse-share] fit complete.
    [diverse-share] fitting 5-model forecaster (lgb_share=0.75)...
J:\Toni\Vibing\VN2_Opus\forecaster.py:214: FutureWarning: The previous implementation of stack is deprecated and will be removed in a future version of pandas. See the What's New notes for pandas 2.1.0 for details. Specify future_stack=True to adopt the new implementation and silence this warning.
  long = sales_clean.stack(dropna=False).reset_index()
    [diverse-share] ml_df shape=(599, 11)  (w_lgb=0.250 per, w_cb=0.125 per)
    [diverse-share] backtest for sigma...
J:\Toni\Vibing\VN2_Opus\forecaster.py:214: FutureWarning: The previous implementation of stack is deprecated and will be removed in a future version of pandas. See the What's New notes for pandas 2.1.0 for details. Specify future_stack=True to adopt the new implementation and silence this warning.
  long = sales_clean.stack(dropna=False).reset_index()
    [diverse-share] fit complete.
    [diverse-share] fitting 5-model forecaster (lgb_share=0.75)...
J:\Toni\Vibing\VN2_Opus\forecaster.py:214: FutureWarning: The previous implementation of stack is deprecated and will be removed in a future version of pandas. See the What's New notes for pandas 2.1.0 for details. Specify future_stack=True to adopt the new implementation and silence this warning.
  long = sales_clean.stack(dropna=False).reset_index()
    [diverse-share] ml_df shape=(599, 11)  (w_lgb=0.250 per, w_cb=0.125 per)
    [diverse-share] backtest for sigma...
J:\Toni\Vibing\VN2_Opus\forecaster.py:214: FutureWarning: The previous implementation of stack is deprecated and will be removed in a future version of pandas. See the What's New notes for pandas 2.1.0 for details. Specify future_stack=True to adopt the new implementation and silence this warning.
  long = sales_clean.stack(dropna=False).reset_index()
    [diverse-share] fit complete.
    [diverse-share] fitting 5-model forecaster (lgb_share=0.75)...
J:\Toni\Vibing\VN2_Opus\forecaster.py:214: FutureWarning: The previous implementation of stack is deprecated and will be removed in a future version of pandas. See the What's New notes for pandas 2.1.0 for details. Specify future_stack=True to adopt the new implementation and silence this warning.
  long = sales_clean.stack(dropna=False).reset_index()
    [diverse-share] ml_df shape=(599, 11)  (w_lgb=0.250 per, w_cb=0.125 per)
    [diverse-share] backtest for sigma...
J:\Toni\Vibing\VN2_Opus\forecaster.py:214: FutureWarning: The previous implementation of stack is deprecated and will be removed in a future version of pandas. See the What's New notes for pandas 2.1.0 for details. Specify future_stack=True to adopt the new implementation and silence this warning.
  long = sales_clean.stack(dropna=False).reset_index()
    [diverse-share] fit complete.
    [diverse-share] fitting 5-model forecaster (lgb_share=0.75)...
J:\Toni\Vibing\VN2_Opus\forecaster.py:214: FutureWarning: The previous implementation of stack is deprecated and will be removed in a future version of pandas. See the What's New notes for pandas 2.1.0 for details. Specify future_stack=True to adopt the new implementation and silence this warning.
  long = sales_clean.stack(dropna=False).reset_index()
    [diverse-share] ml_df shape=(599, 11)  (w_lgb=0.250 per, w_cb=0.125 per)
    [diverse-share] backtest for sigma...
J:\Toni\Vibing\VN2_Opus\forecaster.py:214: FutureWarning: The previous implementation of stack is deprecated and will be removed in a future version of pandas. See the What's New notes for pandas 2.1.0 for details. Specify future_stack=True to adopt the new implementation and silence this warning.
  long = sales_clean.stack(dropna=False).reset_index()
    [diverse-share] fit complete.
    [diverse-share] fitting 5-model forecaster (lgb_share=0.75)...
J:\Toni\Vibing\VN2_Opus\forecaster.py:214: FutureWarning: The previous implementation of stack is deprecated and will be removed in a future version of pandas. See the What's New notes for pandas 2.1.0 for details. Specify future_stack=True to adopt the new implementation and silence this warning.
  long = sales_clean.stack(dropna=False).reset_index()
    [diverse-share] ml_df shape=(599, 11)  (w_lgb=0.250 per, w_cb=0.125 per)
    [diverse-share] backtest for sigma...
J:\Toni\Vibing\VN2_Opus\forecaster.py:214: FutureWarning: The previous implementation of stack is deprecated and will be removed in a future version of pandas. See the What's New notes for pandas 2.1.0 for details. Specify future_stack=True to adopt the new implementation and silence this warning.
  long = sales_clean.stack(dropna=False).reset_index()
    [diverse-share] fit complete.
    [diverse-share] fitting 5-model forecaster (lgb_share=0.75)...
J:\Toni\Vibing\VN2_Opus\forecaster.py:214: FutureWarning: The previous implementation of stack is deprecated and will be removed in a future version of pandas. See the What's New notes for pandas 2.1.0 for details. Specify future_stack=True to adopt the new implementation and silence this warning.
  long = sales_clean.stack(dropna=False).reset_index()
    [diverse-share] ml_df shape=(599, 11)  (w_lgb=0.250 per, w_cb=0.125 per)
    [diverse-share] backtest for sigma...
J:\Toni\Vibing\VN2_Opus\forecaster.py:214: FutureWarning: The previous implementation of stack is deprecated and will be removed in a future version of pandas. See the What's New notes for pandas 2.1.0 for details. Specify future_stack=True to adopt the new implementation and silence this warning.
  long = sales_clean.stack(dropna=False).reset_index()
    [diverse-share] fit complete.

=== diverse5_lgbshare_0.75 ===
      competition_cost  comp_holding  comp_shortage  fc_mae  fc_wape  fc_bias  fc_pinball_0.833
fold                                                                                           
cv0           5,887.00      2,190.00       3,697.00    5.75     0.66    -4.65              2.89
cv1           3,631.60      1,481.60       2,150.00    6.32     0.71    -6.00              3.23
cv2           4,179.80      1,160.80       3,019.00    7.73     0.73    -7.54              4.00
cv3           3,284.00      1,571.00       1,713.00    5.95     0.68    -5.69              2.88
cv4           3,242.80      1,390.80       1,852.00    6.22     0.69    -5.87              3.11
cv5           3,056.60      1,517.60       1,539.00    6.49     0.71    -6.05              3.28
cv6           7,243.00      2,157.00       5,086.00   10.42     0.70    -9.78              5.37
cv7           3,225.60      1,547.60       1,678.00    5.92     0.70    -5.52              3.01
  MEAN  competition_cost = 4,218.80  (holding=1,627.05, shortage=2,591.75)
  MEAN  forecast MAE=6.85  WAPE=0.698  bias=-6.39  pinball@0.833=3.472
  VAL   competition_cost = 2,621.60  (holding=1,695.60, shortage=926.00)
  VAL   forecast MAE=5.26  WAPE=0.672  bias=-4.83  pinball@0.833=2.648
[diverse5_lgbshare_0.75] wall-time: 285.1s

>>> diverse5_lgbshare_0.9
    [diverse-share] fitting 5-model forecaster (lgb_share=0.90)...
J:\Toni\Vibing\VN2_Opus\forecaster.py:214: FutureWarning: The previous implementation of stack is deprecated and will be removed in a future version of pandas. See the What's New notes for pandas 2.1.0 for details. Specify future_stack=True to adopt the new implementation and silence this warning.
  long = sales_clean.stack(dropna=False).reset_index()
    [diverse-share] ml_df shape=(599, 11)  (w_lgb=0.300 per, w_cb=0.050 per)
    [diverse-share] backtest for sigma...
J:\Toni\Vibing\VN2_Opus\forecaster.py:214: FutureWarning: The previous implementation of stack is deprecated and will be removed in a future version of pandas. See the What's New notes for pandas 2.1.0 for details. Specify future_stack=True to adopt the new implementation and silence this warning.
  long = sales_clean.stack(dropna=False).reset_index()
    [diverse-share] fit complete.
    [diverse-share] fitting 5-model forecaster (lgb_share=0.90)...
J:\Toni\Vibing\VN2_Opus\forecaster.py:214: FutureWarning: The previous implementation of stack is deprecated and will be removed in a future version of pandas. See the What's New notes for pandas 2.1.0 for details. Specify future_stack=True to adopt the new implementation and silence this warning.
  long = sales_clean.stack(dropna=False).reset_index()
    [diverse-share] ml_df shape=(599, 11)  (w_lgb=0.300 per, w_cb=0.050 per)
    [diverse-share] backtest for sigma...
J:\Toni\Vibing\VN2_Opus\forecaster.py:214: FutureWarning: The previous implementation of stack is deprecated and will be removed in a future version of pandas. See the What's New notes for pandas 2.1.0 for details. Specify future_stack=True to adopt the new implementation and silence this warning.
  long = sales_clean.stack(dropna=False).reset_index()
    [diverse-share] fit complete.
    [diverse-share] fitting 5-model forecaster (lgb_share=0.90)...
J:\Toni\Vibing\VN2_Opus\forecaster.py:214: FutureWarning: The previous implementation of stack is deprecated and will be removed in a future version of pandas. See the What's New notes for pandas 2.1.0 for details. Specify future_stack=True to adopt the new implementation and silence this warning.
  long = sales_clean.stack(dropna=False).reset_index()
    [diverse-share] ml_df shape=(599, 11)  (w_lgb=0.300 per, w_cb=0.050 per)
    [diverse-share] backtest for sigma...
J:\Toni\Vibing\VN2_Opus\forecaster.py:214: FutureWarning: The previous implementation of stack is deprecated and will be removed in a future version of pandas. See the What's New notes for pandas 2.1.0 for details. Specify future_stack=True to adopt the new implementation and silence this warning.
  long = sales_clean.stack(dropna=False).reset_index()
    [diverse-share] fit complete.
    [diverse-share] fitting 5-model forecaster (lgb_share=0.90)...
J:\Toni\Vibing\VN2_Opus\forecaster.py:214: FutureWarning: The previous implementation of stack is deprecated and will be removed in a future version of pandas. See the What's New notes for pandas 2.1.0 for details. Specify future_stack=True to adopt the new implementation and silence this warning.
  long = sales_clean.stack(dropna=False).reset_index()
    [diverse-share] ml_df shape=(599, 11)  (w_lgb=0.300 per, w_cb=0.050 per)
    [diverse-share] backtest for sigma...
J:\Toni\Vibing\VN2_Opus\forecaster.py:214: FutureWarning: The previous implementation of stack is deprecated and will be removed in a future version of pandas. See the What's New notes for pandas 2.1.0 for details. Specify future_stack=True to adopt the new implementation and silence this warning.
  long = sales_clean.stack(dropna=False).reset_index()
    [diverse-share] fit complete.
    [diverse-share] fitting 5-model forecaster (lgb_share=0.90)...
J:\Toni\Vibing\VN2_Opus\forecaster.py:214: FutureWarning: The previous implementation of stack is deprecated and will be removed in a future version of pandas. See the What's New notes for pandas 2.1.0 for details. Specify future_stack=True to adopt the new implementation and silence this warning.
  long = sales_clean.stack(dropna=False).reset_index()
    [diverse-share] ml_df shape=(599, 11)  (w_lgb=0.300 per, w_cb=0.050 per)
    [diverse-share] backtest for sigma...
J:\Toni\Vibing\VN2_Opus\forecaster.py:214: FutureWarning: The previous implementation of stack is deprecated and will be removed in a future version of pandas. See the What's New notes for pandas 2.1.0 for details. Specify future_stack=True to adopt the new implementation and silence this warning.
  long = sales_clean.stack(dropna=False).reset_index()
    [diverse-share] fit complete.
    [diverse-share] fitting 5-model forecaster (lgb_share=0.90)...
J:\Toni\Vibing\VN2_Opus\forecaster.py:214: FutureWarning: The previous implementation of stack is deprecated and will be removed in a future version of pandas. See the What's New notes for pandas 2.1.0 for details. Specify future_stack=True to adopt the new implementation and silence this warning.
  long = sales_clean.stack(dropna=False).reset_index()
    [diverse-share] ml_df shape=(599, 11)  (w_lgb=0.300 per, w_cb=0.050 per)
    [diverse-share] backtest for sigma...
J:\Toni\Vibing\VN2_Opus\forecaster.py:214: FutureWarning: The previous implementation of stack is deprecated and will be removed in a future version of pandas. See the What's New notes for pandas 2.1.0 for details. Specify future_stack=True to adopt the new implementation and silence this warning.
  long = sales_clean.stack(dropna=False).reset_index()
    [diverse-share] fit complete.
    [diverse-share] fitting 5-model forecaster (lgb_share=0.90)...
J:\Toni\Vibing\VN2_Opus\forecaster.py:214: FutureWarning: The previous implementation of stack is deprecated and will be removed in a future version of pandas. See the What's New notes for pandas 2.1.0 for details. Specify future_stack=True to adopt the new implementation and silence this warning.
  long = sales_clean.stack(dropna=False).reset_index()
    [diverse-share] ml_df shape=(599, 11)  (w_lgb=0.300 per, w_cb=0.050 per)
    [diverse-share] backtest for sigma...
J:\Toni\Vibing\VN2_Opus\forecaster.py:214: FutureWarning: The previous implementation of stack is deprecated and will be removed in a future version of pandas. See the What's New notes for pandas 2.1.0 for details. Specify future_stack=True to adopt the new implementation and silence this warning.
  long = sales_clean.stack(dropna=False).reset_index()
    [diverse-share] fit complete.
    [diverse-share] fitting 5-model forecaster (lgb_share=0.90)...
J:\Toni\Vibing\VN2_Opus\forecaster.py:214: FutureWarning: The previous implementation of stack is deprecated and will be removed in a future version of pandas. See the What's New notes for pandas 2.1.0 for details. Specify future_stack=True to adopt the new implementation and silence this warning.
  long = sales_clean.stack(dropna=False).reset_index()
    [diverse-share] ml_df shape=(599, 11)  (w_lgb=0.300 per, w_cb=0.050 per)
    [diverse-share] backtest for sigma...
J:\Toni\Vibing\VN2_Opus\forecaster.py:214: FutureWarning: The previous implementation of stack is deprecated and will be removed in a future version of pandas. See the What's New notes for pandas 2.1.0 for details. Specify future_stack=True to adopt the new implementation and silence this warning.
  long = sales_clean.stack(dropna=False).reset_index()
    [diverse-share] fit complete.
    [diverse-share] fitting 5-model forecaster (lgb_share=0.90)...
J:\Toni\Vibing\VN2_Opus\forecaster.py:214: FutureWarning: The previous implementation of stack is deprecated and will be removed in a future version of pandas. See the What's New notes for pandas 2.1.0 for details. Specify future_stack=True to adopt the new implementation and silence this warning.
  long = sales_clean.stack(dropna=False).reset_index()
    [diverse-share] ml_df shape=(599, 11)  (w_lgb=0.300 per, w_cb=0.050 per)
    [diverse-share] backtest for sigma...
J:\Toni\Vibing\VN2_Opus\forecaster.py:214: FutureWarning: The previous implementation of stack is deprecated and will be removed in a future version of pandas. See the What's New notes for pandas 2.1.0 for details. Specify future_stack=True to adopt the new implementation and silence this warning.
  long = sales_clean.stack(dropna=False).reset_index()
    [diverse-share] fit complete.

=== diverse5_lgbshare_0.9 ===
      competition_cost  comp_holding  comp_shortage  fc_mae  fc_wape  fc_bias  fc_pinball_0.833
fold                                                                                           
cv0           5,914.40      2,202.40       3,712.00    5.76     0.66    -4.65              2.90
cv1           3,658.00      1,472.00       2,186.00    6.34     0.72    -6.01              3.23
cv2           4,169.80      1,177.80       2,992.00    7.71     0.73    -7.53              3.99
cv3           3,290.80      1,576.80       1,714.00    5.95     0.68    -5.69              2.89
cv4           3,239.40      1,402.40       1,837.00    6.21     0.69    -5.85              3.10
cv5           3,065.80      1,522.80       1,543.00    6.49     0.71    -6.05              3.28
cv6           7,167.40      2,155.40       5,012.00   10.41     0.70    -9.75              5.36
cv7           3,219.20      1,560.20       1,659.00    5.91     0.70    -5.51              3.00
  MEAN  competition_cost = 4,215.60  (holding=1,633.73, shortage=2,581.88)
  MEAN  forecast MAE=6.85  WAPE=0.698  bias=-6.38  pinball@0.833=3.470
  VAL   competition_cost = 2,626.60  (holding=1,707.60, shortage=919.00)
  VAL   forecast MAE=5.25  WAPE=0.671  bias=-4.82  pinball@0.833=2.643
[diverse5_lgbshare_0.9] wall-time: 273.8s

=== LGB SHARE SWEEP SUMMARY ===
 lgb_share         cv        val
     0.900   4,215.60   2,626.60
     0.750   4,218.80   2,621.60
     0.600   4,232.25   2,611.40
     0.450   4,241.60   2,608.00
     0.300   4,253.58   2,607.20
