
Running: NegBinom cov=2 alpha=0.5
J:\Toni\Vibing\VN2_Opus\negbinom_policy.py:60: FutureWarning: Support for axis=1 in DataFrame.rolling is deprecated and will be removed in a future version. Use obj.T.rolling(...) instead
  rolling = sales.rolling(window=cov, axis=1, min_periods=cov).sum()
J:\Toni\Vibing\VN2_Opus\negbinom_policy.py:60: FutureWarning: Support for axis=1 in DataFrame.rolling is deprecated and will be removed in a future version. Use obj.T.rolling(...) instead
  rolling = sales.rolling(window=cov, axis=1, min_periods=cov).sum()
J:\Toni\Vibing\VN2_Opus\negbinom_policy.py:60: FutureWarning: Support for axis=1 in DataFrame.rolling is deprecated and will be removed in a future version. Use obj.T.rolling(...) instead
  rolling = sales.rolling(window=cov, axis=1, min_periods=cov).sum()
J:\Toni\Vibing\VN2_Opus\negbinom_policy.py:60: FutureWarning: Support for axis=1 in DataFrame.rolling is deprecated and will be removed in a future version. Use obj.T.rolling(...) instead
  rolling = sales.rolling(window=cov, axis=1, min_periods=cov).sum()
J:\Toni\Vibing\VN2_Opus\negbinom_policy.py:60: FutureWarning: Support for axis=1 in DataFrame.rolling is deprecated and will be removed in a future version. Use obj.T.rolling(...) instead
  rolling = sales.rolling(window=cov, axis=1, min_periods=cov).sum()
J:\Toni\Vibing\VN2_Opus\negbinom_policy.py:60: FutureWarning: Support for axis=1 in DataFrame.rolling is deprecated and will be removed in a future version. Use obj.T.rolling(...) instead
  rolling = sales.rolling(window=cov, axis=1, min_periods=cov).sum()
J:\Toni\Vibing\VN2_Opus\negbinom_policy.py:60: FutureWarning: Support for axis=1 in DataFrame.rolling is deprecated and will be removed in a future version. Use obj.T.rolling(...) instead
  rolling = sales.rolling(window=cov, axis=1, min_periods=cov).sum()
J:\Toni\Vibing\VN2_Opus\negbinom_policy.py:60: FutureWarning: Support for axis=1 in DataFrame.rolling is deprecated and will be removed in a future version. Use obj.T.rolling(...) instead
  rolling = sales.rolling(window=cov, axis=1, min_periods=cov).sum()
J:\Toni\Vibing\VN2_Opus\negbinom_policy.py:60: FutureWarning: Support for axis=1 in DataFrame.rolling is deprecated and will be removed in a future version. Use obj.T.rolling(...) instead
  rolling = sales.rolling(window=cov, axis=1, min_periods=cov).sum()
J:\Toni\Vibing\VN2_Opus\negbinom_policy.py:60: FutureWarning: Support for axis=1 in DataFrame.rolling is deprecated and will be removed in a future version. Use obj.T.rolling(...) instead
  rolling = sales.rolling(window=cov, axis=1, min_periods=cov).sum()
J:\Toni\Vibing\VN2_Opus\negbinom_policy.py:60: FutureWarning: Support for axis=1 in DataFrame.rolling is deprecated and will be removed in a future version. Use obj.T.rolling(...) instead
  rolling = sales.rolling(window=cov, axis=1, min_periods=cov).sum()
J:\Toni\Vibing\VN2_Opus\negbinom_policy.py:60: FutureWarning: Support for axis=1 in DataFrame.rolling is deprecated and will be removed in a future version. Use obj.T.rolling(...) instead
  rolling = sales.rolling(window=cov, axis=1, min_periods=cov).sum()
J:\Toni\Vibing\VN2_Opus\negbinom_policy.py:60: FutureWarning: Support for axis=1 in DataFrame.rolling is deprecated and will be removed in a future version. Use obj.T.rolling(...) instead
  rolling = sales.rolling(window=cov, axis=1, min_periods=cov).sum()
J:\Toni\Vibing\VN2_Opus\negbinom_policy.py:60: FutureWarning: Support for axis=1 in DataFrame.rolling is deprecated and will be removed in a future version. Use obj.T.rolling(...) instead
  rolling = sales.rolling(window=cov, axis=1, min_periods=cov).sum()
J:\Toni\Vibing\VN2_Opus\negbinom_policy.py:60: FutureWarning: Support for axis=1 in DataFrame.rolling is deprecated and will be removed in a future version. Use obj.T.rolling(...) instead
  rolling = sales.rolling(window=cov, axis=1, min_periods=cov).sum()
J:\Toni\Vibing\VN2_Opus\negbinom_policy.py:60: FutureWarning: Support for axis=1 in DataFrame.rolling is deprecated and will be removed in a future version. Use obj.T.rolling(...) instead
  rolling = sales.rolling(window=cov, axis=1, min_periods=cov).sum()
J:\Toni\Vibing\VN2_Opus\negbinom_policy.py:60: FutureWarning: Support for axis=1 in DataFrame.rolling is deprecated and will be removed in a future version. Use obj.T.rolling(...) instead
  rolling = sales.rolling(window=cov, axis=1, min_periods=cov).sum()
J:\Toni\Vibing\VN2_Opus\negbinom_policy.py:60: FutureWarning: Support for axis=1 in DataFrame.rolling is deprecated and will be removed in a future version. Use obj.T.rolling(...) instead
  rolling = sales.rolling(window=cov, axis=1, min_periods=cov).sum()
J:\Toni\Vibing\VN2_Opus\negbinom_policy.py:60: FutureWarning: Support for axis=1 in DataFrame.rolling is deprecated and will be removed in a future version. Use obj.T.rolling(...) instead
  rolling = sales.rolling(window=cov, axis=1, min_periods=cov).sum()
J:\Toni\Vibing\VN2_Opus\negbinom_policy.py:60: FutureWarning: Support for axis=1 in DataFrame.rolling is deprecated and will be removed in a future version. Use obj.T.rolling(...) instead
  rolling = sales.rolling(window=cov, axis=1, min_periods=cov).sum()
J:\Toni\Vibing\VN2_Opus\negbinom_policy.py:60: FutureWarning: Support for axis=1 in DataFrame.rolling is deprecated and will be removed in a future version. Use obj.T.rolling(...) instead
  rolling = sales.rolling(window=cov, axis=1, min_periods=cov).sum()
J:\Toni\Vibing\VN2_Opus\negbinom_policy.py:60: FutureWarning: Support for axis=1 in DataFrame.rolling is deprecated and will be removed in a future version. Use obj.T.rolling(...) instead
  rolling = sales.rolling(window=cov, axis=1, min_periods=cov).sum()
J:\Toni\Vibing\VN2_Opus\negbinom_policy.py:60: FutureWarning: Support for axis=1 in DataFrame.rolling is deprecated and will be removed in a future version. Use obj.T.rolling(...) instead
  rolling = sales.rolling(window=cov, axis=1, min_periods=cov).sum()
J:\Toni\Vibing\VN2_Opus\negbinom_policy.py:60: FutureWarning: Support for axis=1 in DataFrame.rolling is deprecated and will be removed in a future version. Use obj.T.rolling(...) instead
  rolling = sales.rolling(window=cov, axis=1, min_periods=cov).sum()
J:\Toni\Vibing\VN2_Opus\negbinom_policy.py:60: FutureWarning: Support for axis=1 in DataFrame.rolling is deprecated and will be removed in a future version. Use obj.T.rolling(...) instead
  rolling = sales.rolling(window=cov, axis=1, min_periods=cov).sum()
J:\Toni\Vibing\VN2_Opus\negbinom_policy.py:60: FutureWarning: Support for axis=1 in DataFrame.rolling is deprecated and will be removed in a future version. Use obj.T.rolling(...) instead
  rolling = sales.rolling(window=cov, axis=1, min_periods=cov).sum()
J:\Toni\Vibing\VN2_Opus\negbinom_policy.py:60: FutureWarning: Support for axis=1 in DataFrame.rolling is deprecated and will be removed in a future version. Use obj.T.rolling(...) instead
  rolling = sales.rolling(window=cov, axis=1, min_periods=cov).sum()
J:\Toni\Vibing\VN2_Opus\negbinom_policy.py:60: FutureWarning: Support for axis=1 in DataFrame.rolling is deprecated and will be removed in a future version. Use obj.T.rolling(...) instead
  rolling = sales.rolling(window=cov, axis=1, min_periods=cov).sum()
J:\Toni\Vibing\VN2_Opus\negbinom_policy.py:60: FutureWarning: Support for axis=1 in DataFrame.rolling is deprecated and will be removed in a future version. Use obj.T.rolling(...) instead
  rolling = sales.rolling(window=cov, axis=1, min_periods=cov).sum()
J:\Toni\Vibing\VN2_Opus\negbinom_policy.py:60: FutureWarning: Support for axis=1 in DataFrame.rolling is deprecated and will be removed in a future version. Use obj.T.rolling(...) instead
  rolling = sales.rolling(window=cov, axis=1, min_periods=cov).sum()

=== NegBinom cov=2 alpha=0.5 ===
      competition_cost  comp_holding  comp_shortage  fc_mae  fc_wape  fc_bias  fc_pinball_0.833
fold                                                                                           
cv0           5,337.20      1,067.20       4,270.00    3.16     0.54    -0.21              1.66
cv1           4,940.00        818.00       4,122.00    3.04     0.51    -0.25              1.57
cv2           4,677.60        918.60       3,759.00    2.96     0.52     0.02              1.49
cv3           4,613.20      1,131.20       3,482.00    3.10     0.55     0.39              1.54
  MEAN  competition_cost = 4,892.00  (holding=983.75, shortage=3,908.25)
  MEAN  forecast MAE=3.06  WAPE=0.531  bias=-0.01  pinball@0.833=1.562
  VAL   competition_cost = 3,571.60  (holding=1,118.60, shortage=2,453.00)
  VAL   forecast MAE=2.73  WAPE=0.539  bias=+0.91  pinball@0.833=1.278
J:\Toni\Vibing\VN2_Opus\negbinom_policy.py:60: FutureWarning: Support for axis=1 in DataFrame.rolling is deprecated and will be removed in a future version. Use obj.T.rolling(...) instead
  rolling = sales.rolling(window=cov, axis=1, min_periods=cov).sum()
J:\Toni\Vibing\VN2_Opus\negbinom_policy.py:60: FutureWarning: Support for axis=1 in DataFrame.rolling is deprecated and will be removed in a future version. Use obj.T.rolling(...) instead
  rolling = sales.rolling(window=cov, axis=1, min_periods=cov).sum()
J:\Toni\Vibing\VN2_Opus\negbinom_policy.py:60: FutureWarning: Support for axis=1 in DataFrame.rolling is deprecated and will be removed in a future version. Use obj.T.rolling(...) instead
  rolling = sales.rolling(window=cov, axis=1, min_periods=cov).sum()
J:\Toni\Vibing\VN2_Opus\negbinom_policy.py:60: FutureWarning: Support for axis=1 in DataFrame.rolling is deprecated and will be removed in a future version. Use obj.T.rolling(...) instead
  rolling = sales.rolling(window=cov, axis=1, min_periods=cov).sum()
J:\Toni\Vibing\VN2_Opus\negbinom_policy.py:60: FutureWarning: Support for axis=1 in DataFrame.rolling is deprecated and will be removed in a future version. Use obj.T.rolling(...) instead
  rolling = sales.rolling(window=cov, axis=1, min_periods=cov).sum()
J:\Toni\Vibing\VN2_Opus\negbinom_policy.py:60: FutureWarning: Support for axis=1 in DataFrame.rolling is deprecated and will be removed in a future version. Use obj.T.rolling(...) instead
  rolling = sales.rolling(window=cov, axis=1, min_periods=cov).sum()
  SACRED: 4,853.20  (h=960.20, s=3,893.00)

Running: NegBinom cov=2 alpha=0.6
J:\Toni\Vibing\VN2_Opus\negbinom_policy.py:60: FutureWarning: Support for axis=1 in DataFrame.rolling is deprecated and will be removed in a future version. Use obj.T.rolling(...) instead
  rolling = sales.rolling(window=cov, axis=1, min_periods=cov).sum()
J:\Toni\Vibing\VN2_Opus\negbinom_policy.py:60: FutureWarning: Support for axis=1 in DataFrame.rolling is deprecated and will be removed in a future version. Use obj.T.rolling(...) instead
  rolling = sales.rolling(window=cov, axis=1, min_periods=cov).sum()
J:\Toni\Vibing\VN2_Opus\negbinom_policy.py:60: FutureWarning: Support for axis=1 in DataFrame.rolling is deprecated and will be removed in a future version. Use obj.T.rolling(...) instead
  rolling = sales.rolling(window=cov, axis=1, min_periods=cov).sum()
J:\Toni\Vibing\VN2_Opus\negbinom_policy.py:60: FutureWarning: Support for axis=1 in DataFrame.rolling is deprecated and will be removed in a future version. Use obj.T.rolling(...) instead
  rolling = sales.rolling(window=cov, axis=1, min_periods=cov).sum()
J:\Toni\Vibing\VN2_Opus\negbinom_policy.py:60: FutureWarning: Support for axis=1 in DataFrame.rolling is deprecated and will be removed in a future version. Use obj.T.rolling(...) instead
  rolling = sales.rolling(window=cov, axis=1, min_periods=cov).sum()
J:\Toni\Vibing\VN2_Opus\negbinom_policy.py:60: FutureWarning: Support for axis=1 in DataFrame.rolling is deprecated and will be removed in a future version. Use obj.T.rolling(...) instead
  rolling = sales.rolling(window=cov, axis=1, min_periods=cov).sum()
J:\Toni\Vibing\VN2_Opus\negbinom_policy.py:60: FutureWarning: Support for axis=1 in DataFrame.rolling is deprecated and will be removed in a future version. Use obj.T.rolling(...) instead
  rolling = sales.rolling(window=cov, axis=1, min_periods=cov).sum()
J:\Toni\Vibing\VN2_Opus\negbinom_policy.py:60: FutureWarning: Support for axis=1 in DataFrame.rolling is deprecated and will be removed in a future version. Use obj.T.rolling(...) instead
  rolling = sales.rolling(window=cov, axis=1, min_periods=cov).sum()
J:\Toni\Vibing\VN2_Opus\negbinom_policy.py:60: FutureWarning: Support for axis=1 in DataFrame.rolling is deprecated and will be removed in a future version. Use obj.T.rolling(...) instead
  rolling = sales.rolling(window=cov, axis=1, min_periods=cov).sum()
J:\Toni\Vibing\VN2_Opus\negbinom_policy.py:60: FutureWarning: Support for axis=1 in DataFrame.rolling is deprecated and will be removed in a future version. Use obj.T.rolling(...) instead
  rolling = sales.rolling(window=cov, axis=1, min_periods=cov).sum()
J:\Toni\Vibing\VN2_Opus\negbinom_policy.py:60: FutureWarning: Support for axis=1 in DataFrame.rolling is deprecated and will be removed in a future version. Use obj.T.rolling(...) instead
  rolling = sales.rolling(window=cov, axis=1, min_periods=cov).sum()
J:\Toni\Vibing\VN2_Opus\negbinom_policy.py:60: FutureWarning: Support for axis=1 in DataFrame.rolling is deprecated and will be removed in a future version. Use obj.T.rolling(...) instead
  rolling = sales.rolling(window=cov, axis=1, min_periods=cov).sum()
J:\Toni\Vibing\VN2_Opus\negbinom_policy.py:60: FutureWarning: Support for axis=1 in DataFrame.rolling is deprecated and will be removed in a future version. Use obj.T.rolling(...) instead
  rolling = sales.rolling(window=cov, axis=1, min_periods=cov).sum()
J:\Toni\Vibing\VN2_Opus\negbinom_policy.py:60: FutureWarning: Support for axis=1 in DataFrame.rolling is deprecated and will be removed in a future version. Use obj.T.rolling(...) instead
  rolling = sales.rolling(window=cov, axis=1, min_periods=cov).sum()
J:\Toni\Vibing\VN2_Opus\negbinom_policy.py:60: FutureWarning: Support for axis=1 in DataFrame.rolling is deprecated and will be removed in a future version. Use obj.T.rolling(...) instead
  rolling = sales.rolling(window=cov, axis=1, min_periods=cov).sum()
J:\Toni\Vibing\VN2_Opus\negbinom_policy.py:60: FutureWarning: Support for axis=1 in DataFrame.rolling is deprecated and will be removed in a future version. Use obj.T.rolling(...) instead
  rolling = sales.rolling(window=cov, axis=1, min_periods=cov).sum()
J:\Toni\Vibing\VN2_Opus\negbinom_policy.py:60: FutureWarning: Support for axis=1 in DataFrame.rolling is deprecated and will be removed in a future version. Use obj.T.rolling(...) instead
  rolling = sales.rolling(window=cov, axis=1, min_periods=cov).sum()
J:\Toni\Vibing\VN2_Opus\negbinom_policy.py:60: FutureWarning: Support for axis=1 in DataFrame.rolling is deprecated and will be removed in a future version. Use obj.T.rolling(...) instead
  rolling = sales.rolling(window=cov, axis=1, min_periods=cov).sum()
J:\Toni\Vibing\VN2_Opus\negbinom_policy.py:60: FutureWarning: Support for axis=1 in DataFrame.rolling is deprecated and will be removed in a future version. Use obj.T.rolling(...) instead
  rolling = sales.rolling(window=cov, axis=1, min_periods=cov).sum()
J:\Toni\Vibing\VN2_Opus\negbinom_policy.py:60: FutureWarning: Support for axis=1 in DataFrame.rolling is deprecated and will be removed in a future version. Use obj.T.rolling(...) instead
  rolling = sales.rolling(window=cov, axis=1, min_periods=cov).sum()
J:\Toni\Vibing\VN2_Opus\negbinom_policy.py:60: FutureWarning: Support for axis=1 in DataFrame.rolling is deprecated and will be removed in a future version. Use obj.T.rolling(...) instead
  rolling = sales.rolling(window=cov, axis=1, min_periods=cov).sum()
J:\Toni\Vibing\VN2_Opus\negbinom_policy.py:60: FutureWarning: Support for axis=1 in DataFrame.rolling is deprecated and will be removed in a future version. Use obj.T.rolling(...) instead
  rolling = sales.rolling(window=cov, axis=1, min_periods=cov).sum()
J:\Toni\Vibing\VN2_Opus\negbinom_policy.py:60: FutureWarning: Support for axis=1 in DataFrame.rolling is deprecated and will be removed in a future version. Use obj.T.rolling(...) instead
  rolling = sales.rolling(window=cov, axis=1, min_periods=cov).sum()
J:\Toni\Vibing\VN2_Opus\negbinom_policy.py:60: FutureWarning: Support for axis=1 in DataFrame.rolling is deprecated and will be removed in a future version. Use obj.T.rolling(...) instead
  rolling = sales.rolling(window=cov, axis=1, min_periods=cov).sum()
J:\Toni\Vibing\VN2_Opus\negbinom_policy.py:60: FutureWarning: Support for axis=1 in DataFrame.rolling is deprecated and will be removed in a future version. Use obj.T.rolling(...) instead
  rolling = sales.rolling(window=cov, axis=1, min_periods=cov).sum()
J:\Toni\Vibing\VN2_Opus\negbinom_policy.py:60: FutureWarning: Support for axis=1 in DataFrame.rolling is deprecated and will be removed in a future version. Use obj.T.rolling(...) instead
  rolling = sales.rolling(window=cov, axis=1, min_periods=cov).sum()
J:\Toni\Vibing\VN2_Opus\negbinom_policy.py:60: FutureWarning: Support for axis=1 in DataFrame.rolling is deprecated and will be removed in a future version. Use obj.T.rolling(...) instead
  rolling = sales.rolling(window=cov, axis=1, min_periods=cov).sum()
J:\Toni\Vibing\VN2_Opus\negbinom_policy.py:60: FutureWarning: Support for axis=1 in DataFrame.rolling is deprecated and will be removed in a future version. Use obj.T.rolling(...) instead
  rolling = sales.rolling(window=cov, axis=1, min_periods=cov).sum()
J:\Toni\Vibing\VN2_Opus\negbinom_policy.py:60: FutureWarning: Support for axis=1 in DataFrame.rolling is deprecated and will be removed in a future version. Use obj.T.rolling(...) instead
  rolling = sales.rolling(window=cov, axis=1, min_periods=cov).sum()
J:\Toni\Vibing\VN2_Opus\negbinom_policy.py:60: FutureWarning: Support for axis=1 in DataFrame.rolling is deprecated and will be removed in a future version. Use obj.T.rolling(...) instead
  rolling = sales.rolling(window=cov, axis=1, min_periods=cov).sum()

=== NegBinom cov=2 alpha=0.6 ===
      competition_cost  comp_holding  comp_shortage  fc_mae  fc_wape  fc_bias  fc_pinball_0.833
fold                                                                                           
cv0           4,922.80      1,485.80       3,437.00    3.16     0.54    -0.21              1.69
cv1           4,482.60      1,202.60       3,280.00    3.04     0.51    -0.25              1.64
cv2           4,212.80      1,309.80       2,903.00    2.96     0.52     0.02              1.52
cv3           4,214.80      1,590.80       2,624.00    3.10     0.55     0.39              1.55
  MEAN  competition_cost = 4,458.25  (holding=1,397.25, shortage=3,061.00)
  MEAN  forecast MAE=3.06  WAPE=0.531  bias=-0.01  pinball@0.833=1.597
  VAL   competition_cost = 3,373.00  (holding=1,631.00, shortage=1,742.00)
  VAL   forecast MAE=2.73  WAPE=0.539  bias=+0.91  pinball@0.833=1.303
J:\Toni\Vibing\VN2_Opus\negbinom_policy.py:60: FutureWarning: Support for axis=1 in DataFrame.rolling is deprecated and will be removed in a future version. Use obj.T.rolling(...) instead
  rolling = sales.rolling(window=cov, axis=1, min_periods=cov).sum()
J:\Toni\Vibing\VN2_Opus\negbinom_policy.py:60: FutureWarning: Support for axis=1 in DataFrame.rolling is deprecated and will be removed in a future version. Use obj.T.rolling(...) instead
  rolling = sales.rolling(window=cov, axis=1, min_periods=cov).sum()
J:\Toni\Vibing\VN2_Opus\negbinom_policy.py:60: FutureWarning: Support for axis=1 in DataFrame.rolling is deprecated and will be removed in a future version. Use obj.T.rolling(...) instead
  rolling = sales.rolling(window=cov, axis=1, min_periods=cov).sum()
J:\Toni\Vibing\VN2_Opus\negbinom_policy.py:60: FutureWarning: Support for axis=1 in DataFrame.rolling is deprecated and will be removed in a future version. Use obj.T.rolling(...) instead
  rolling = sales.rolling(window=cov, axis=1, min_periods=cov).sum()
J:\Toni\Vibing\VN2_Opus\negbinom_policy.py:60: FutureWarning: Support for axis=1 in DataFrame.rolling is deprecated and will be removed in a future version. Use obj.T.rolling(...) instead
  rolling = sales.rolling(window=cov, axis=1, min_periods=cov).sum()
J:\Toni\Vibing\VN2_Opus\negbinom_policy.py:60: FutureWarning: Support for axis=1 in DataFrame.rolling is deprecated and will be removed in a future version. Use obj.T.rolling(...) instead
  rolling = sales.rolling(window=cov, axis=1, min_periods=cov).sum()
  SACRED: 4,350.80  (h=1,314.80, s=3,036.00)

Running: NegBinom cov=2 alpha=0.7
J:\Toni\Vibing\VN2_Opus\negbinom_policy.py:60: FutureWarning: Support for axis=1 in DataFrame.rolling is deprecated and will be removed in a future version. Use obj.T.rolling(...) instead
  rolling = sales.rolling(window=cov, axis=1, min_periods=cov).sum()
J:\Toni\Vibing\VN2_Opus\negbinom_policy.py:60: FutureWarning: Support for axis=1 in DataFrame.rolling is deprecated and will be removed in a future version. Use obj.T.rolling(...) instead
  rolling = sales.rolling(window=cov, axis=1, min_periods=cov).sum()
J:\Toni\Vibing\VN2_Opus\negbinom_policy.py:60: FutureWarning: Support for axis=1 in DataFrame.rolling is deprecated and will be removed in a future version. Use obj.T.rolling(...) instead
  rolling = sales.rolling(window=cov, axis=1, min_periods=cov).sum()
J:\Toni\Vibing\VN2_Opus\negbinom_policy.py:60: FutureWarning: Support for axis=1 in DataFrame.rolling is deprecated and will be removed in a future version. Use obj.T.rolling(...) instead
  rolling = sales.rolling(window=cov, axis=1, min_periods=cov).sum()
J:\Toni\Vibing\VN2_Opus\negbinom_policy.py:60: FutureWarning: Support for axis=1 in DataFrame.rolling is deprecated and will be removed in a future version. Use obj.T.rolling(...) instead
  rolling = sales.rolling(window=cov, axis=1, min_periods=cov).sum()
J:\Toni\Vibing\VN2_Opus\negbinom_policy.py:60: FutureWarning: Support for axis=1 in DataFrame.rolling is deprecated and will be removed in a future version. Use obj.T.rolling(...) instead
  rolling = sales.rolling(window=cov, axis=1, min_periods=cov).sum()
J:\Toni\Vibing\VN2_Opus\negbinom_policy.py:60: FutureWarning: Support for axis=1 in DataFrame.rolling is deprecated and will be removed in a future version. Use obj.T.rolling(...) instead
  rolling = sales.rolling(window=cov, axis=1, min_periods=cov).sum()
J:\Toni\Vibing\VN2_Opus\negbinom_policy.py:60: FutureWarning: Support for axis=1 in DataFrame.rolling is deprecated and will be removed in a future version. Use obj.T.rolling(...) instead
  rolling = sales.rolling(window=cov, axis=1, min_periods=cov).sum()
J:\Toni\Vibing\VN2_Opus\negbinom_policy.py:60: FutureWarning: Support for axis=1 in DataFrame.rolling is deprecated and will be removed in a future version. Use obj.T.rolling(...) instead
  rolling = sales.rolling(window=cov, axis=1, min_periods=cov).sum()
J:\Toni\Vibing\VN2_Opus\negbinom_policy.py:60: FutureWarning: Support for axis=1 in DataFrame.rolling is deprecated and will be removed in a future version. Use obj.T.rolling(...) instead
  rolling = sales.rolling(window=cov, axis=1, min_periods=cov).sum()
J:\Toni\Vibing\VN2_Opus\negbinom_policy.py:60: FutureWarning: Support for axis=1 in DataFrame.rolling is deprecated and will be removed in a future version. Use obj.T.rolling(...) instead
  rolling = sales.rolling(window=cov, axis=1, min_periods=cov).sum()
J:\Toni\Vibing\VN2_Opus\negbinom_policy.py:60: FutureWarning: Support for axis=1 in DataFrame.rolling is deprecated and will be removed in a future version. Use obj.T.rolling(...) instead
  rolling = sales.rolling(window=cov, axis=1, min_periods=cov).sum()
J:\Toni\Vibing\VN2_Opus\negbinom_policy.py:60: FutureWarning: Support for axis=1 in DataFrame.rolling is deprecated and will be removed in a future version. Use obj.T.rolling(...) instead
  rolling = sales.rolling(window=cov, axis=1, min_periods=cov).sum()
J:\Toni\Vibing\VN2_Opus\negbinom_policy.py:60: FutureWarning: Support for axis=1 in DataFrame.rolling is deprecated and will be removed in a future version. Use obj.T.rolling(...) instead
  rolling = sales.rolling(window=cov, axis=1, min_periods=cov).sum()
J:\Toni\Vibing\VN2_Opus\negbinom_policy.py:60: FutureWarning: Support for axis=1 in DataFrame.rolling is deprecated and will be removed in a future version. Use obj.T.rolling(...) instead
  rolling = sales.rolling(window=cov, axis=1, min_periods=cov).sum()
J:\Toni\Vibing\VN2_Opus\negbinom_policy.py:60: FutureWarning: Support for axis=1 in DataFrame.rolling is deprecated and will be removed in a future version. Use obj.T.rolling(...) instead
  rolling = sales.rolling(window=cov, axis=1, min_periods=cov).sum()
J:\Toni\Vibing\VN2_Opus\negbinom_policy.py:60: FutureWarning: Support for axis=1 in DataFrame.rolling is deprecated and will be removed in a future version. Use obj.T.rolling(...) instead
  rolling = sales.rolling(window=cov, axis=1, min_periods=cov).sum()
J:\Toni\Vibing\VN2_Opus\negbinom_policy.py:60: FutureWarning: Support for axis=1 in DataFrame.rolling is deprecated and will be removed in a future version. Use obj.T.rolling(...) instead
  rolling = sales.rolling(window=cov, axis=1, min_periods=cov).sum()
J:\Toni\Vibing\VN2_Opus\negbinom_policy.py:60: FutureWarning: Support for axis=1 in DataFrame.rolling is deprecated and will be removed in a future version. Use obj.T.rolling(...) instead
  rolling = sales.rolling(window=cov, axis=1, min_periods=cov).sum()
J:\Toni\Vibing\VN2_Opus\negbinom_policy.py:60: FutureWarning: Support for axis=1 in DataFrame.rolling is deprecated and will be removed in a future version. Use obj.T.rolling(...) instead
  rolling = sales.rolling(window=cov, axis=1, min_periods=cov).sum()
J:\Toni\Vibing\VN2_Opus\negbinom_policy.py:60: FutureWarning: Support for axis=1 in DataFrame.rolling is deprecated and will be removed in a future version. Use obj.T.rolling(...) instead
  rolling = sales.rolling(window=cov, axis=1, min_periods=cov).sum()
J:\Toni\Vibing\VN2_Opus\negbinom_policy.py:60: FutureWarning: Support for axis=1 in DataFrame.rolling is deprecated and will be removed in a future version. Use obj.T.rolling(...) instead
  rolling = sales.rolling(window=cov, axis=1, min_periods=cov).sum()
J:\Toni\Vibing\VN2_Opus\negbinom_policy.py:60: FutureWarning: Support for axis=1 in DataFrame.rolling is deprecated and will be removed in a future version. Use obj.T.rolling(...) instead
  rolling = sales.rolling(window=cov, axis=1, min_periods=cov).sum()
J:\Toni\Vibing\VN2_Opus\negbinom_policy.py:60: FutureWarning: Support for axis=1 in DataFrame.rolling is deprecated and will be removed in a future version. Use obj.T.rolling(...) instead
  rolling = sales.rolling(window=cov, axis=1, min_periods=cov).sum()
J:\Toni\Vibing\VN2_Opus\negbinom_policy.py:60: FutureWarning: Support for axis=1 in DataFrame.rolling is deprecated and will be removed in a future version. Use obj.T.rolling(...) instead
  rolling = sales.rolling(window=cov, axis=1, min_periods=cov).sum()
J:\Toni\Vibing\VN2_Opus\negbinom_policy.py:60: FutureWarning: Support for axis=1 in DataFrame.rolling is deprecated and will be removed in a future version. Use obj.T.rolling(...) instead
  rolling = sales.rolling(window=cov, axis=1, min_periods=cov).sum()
J:\Toni\Vibing\VN2_Opus\negbinom_policy.py:60: FutureWarning: Support for axis=1 in DataFrame.rolling is deprecated and will be removed in a future version. Use obj.T.rolling(...) instead
  rolling = sales.rolling(window=cov, axis=1, min_periods=cov).sum()
J:\Toni\Vibing\VN2_Opus\negbinom_policy.py:60: FutureWarning: Support for axis=1 in DataFrame.rolling is deprecated and will be removed in a future version. Use obj.T.rolling(...) instead
  rolling = sales.rolling(window=cov, axis=1, min_periods=cov).sum()
J:\Toni\Vibing\VN2_Opus\negbinom_policy.py:60: FutureWarning: Support for axis=1 in DataFrame.rolling is deprecated and will be removed in a future version. Use obj.T.rolling(...) instead
  rolling = sales.rolling(window=cov, axis=1, min_periods=cov).sum()
J:\Toni\Vibing\VN2_Opus\negbinom_policy.py:60: FutureWarning: Support for axis=1 in DataFrame.rolling is deprecated and will be removed in a future version. Use obj.T.rolling(...) instead
  rolling = sales.rolling(window=cov, axis=1, min_periods=cov).sum()

=== NegBinom cov=2 alpha=0.7 ===
      competition_cost  comp_holding  comp_shortage  fc_mae  fc_wape  fc_bias  fc_pinball_0.833
fold                                                                                           
cv0           4,680.40      2,079.40       2,601.00    3.16     0.54    -0.21              1.61
cv1           4,143.60      1,781.60       2,362.00    3.04     0.51    -0.25              1.55
cv2           3,987.00      1,883.00       2,104.00    2.96     0.52     0.02              1.44
cv3           4,034.00      2,246.00       1,788.00    3.10     0.55     0.39              1.44
  MEAN  competition_cost = 4,211.25  (holding=1,997.50, shortage=2,213.75)
  MEAN  forecast MAE=3.06  WAPE=0.531  bias=-0.01  pinball@0.833=1.509
  VAL   competition_cost = 3,387.00  (holding=2,333.00, shortage=1,054.00)
  VAL   forecast MAE=2.73  WAPE=0.539  bias=+0.91  pinball@0.833=1.220
J:\Toni\Vibing\VN2_Opus\negbinom_policy.py:60: FutureWarning: Support for axis=1 in DataFrame.rolling is deprecated and will be removed in a future version. Use obj.T.rolling(...) instead
  rolling = sales.rolling(window=cov, axis=1, min_periods=cov).sum()
J:\Toni\Vibing\VN2_Opus\negbinom_policy.py:60: FutureWarning: Support for axis=1 in DataFrame.rolling is deprecated and will be removed in a future version. Use obj.T.rolling(...) instead
  rolling = sales.rolling(window=cov, axis=1, min_periods=cov).sum()
J:\Toni\Vibing\VN2_Opus\negbinom_policy.py:60: FutureWarning: Support for axis=1 in DataFrame.rolling is deprecated and will be removed in a future version. Use obj.T.rolling(...) instead
  rolling = sales.rolling(window=cov, axis=1, min_periods=cov).sum()
J:\Toni\Vibing\VN2_Opus\negbinom_policy.py:60: FutureWarning: Support for axis=1 in DataFrame.rolling is deprecated and will be removed in a future version. Use obj.T.rolling(...) instead
  rolling = sales.rolling(window=cov, axis=1, min_periods=cov).sum()
J:\Toni\Vibing\VN2_Opus\negbinom_policy.py:60: FutureWarning: Support for axis=1 in DataFrame.rolling is deprecated and will be removed in a future version. Use obj.T.rolling(...) instead
  rolling = sales.rolling(window=cov, axis=1, min_periods=cov).sum()
J:\Toni\Vibing\VN2_Opus\negbinom_policy.py:60: FutureWarning: Support for axis=1 in DataFrame.rolling is deprecated and will be removed in a future version. Use obj.T.rolling(...) instead
  rolling = sales.rolling(window=cov, axis=1, min_periods=cov).sum()
  SACRED: 4,105.00  (h=1,881.00, s=2,224.00)

Running: NegBinom cov=2 alpha=0.833
J:\Toni\Vibing\VN2_Opus\negbinom_policy.py:60: FutureWarning: Support for axis=1 in DataFrame.rolling is deprecated and will be removed in a future version. Use obj.T.rolling(...) instead
  rolling = sales.rolling(window=cov, axis=1, min_periods=cov).sum()
J:\Toni\Vibing\VN2_Opus\negbinom_policy.py:60: FutureWarning: Support for axis=1 in DataFrame.rolling is deprecated and will be removed in a future version. Use obj.T.rolling(...) instead
  rolling = sales.rolling(window=cov, axis=1, min_periods=cov).sum()
J:\Toni\Vibing\VN2_Opus\negbinom_policy.py:60: FutureWarning: Support for axis=1 in DataFrame.rolling is deprecated and will be removed in a future version. Use obj.T.rolling(...) instead
  rolling = sales.rolling(window=cov, axis=1, min_periods=cov).sum()
J:\Toni\Vibing\VN2_Opus\negbinom_policy.py:60: FutureWarning: Support for axis=1 in DataFrame.rolling is deprecated and will be removed in a future version. Use obj.T.rolling(...) instead
  rolling = sales.rolling(window=cov, axis=1, min_periods=cov).sum()
J:\Toni\Vibing\VN2_Opus\negbinom_policy.py:60: FutureWarning: Support for axis=1 in DataFrame.rolling is deprecated and will be removed in a future version. Use obj.T.rolling(...) instead
  rolling = sales.rolling(window=cov, axis=1, min_periods=cov).sum()
J:\Toni\Vibing\VN2_Opus\negbinom_policy.py:60: FutureWarning: Support for axis=1 in DataFrame.rolling is deprecated and will be removed in a future version. Use obj.T.rolling(...) instead
  rolling = sales.rolling(window=cov, axis=1, min_periods=cov).sum()
J:\Toni\Vibing\VN2_Opus\negbinom_policy.py:60: FutureWarning: Support for axis=1 in DataFrame.rolling is deprecated and will be removed in a future version. Use obj.T.rolling(...) instead
  rolling = sales.rolling(window=cov, axis=1, min_periods=cov).sum()
J:\Toni\Vibing\VN2_Opus\negbinom_policy.py:60: FutureWarning: Support for axis=1 in DataFrame.rolling is deprecated and will be removed in a future version. Use obj.T.rolling(...) instead
  rolling = sales.rolling(window=cov, axis=1, min_periods=cov).sum()
J:\Toni\Vibing\VN2_Opus\negbinom_policy.py:60: FutureWarning: Support for axis=1 in DataFrame.rolling is deprecated and will be removed in a future version. Use obj.T.rolling(...) instead
  rolling = sales.rolling(window=cov, axis=1, min_periods=cov).sum()
J:\Toni\Vibing\VN2_Opus\negbinom_policy.py:60: FutureWarning: Support for axis=1 in DataFrame.rolling is deprecated and will be removed in a future version. Use obj.T.rolling(...) instead
  rolling = sales.rolling(window=cov, axis=1, min_periods=cov).sum()
J:\Toni\Vibing\VN2_Opus\negbinom_policy.py:60: FutureWarning: Support for axis=1 in DataFrame.rolling is deprecated and will be removed in a future version. Use obj.T.rolling(...) instead
  rolling = sales.rolling(window=cov, axis=1, min_periods=cov).sum()
J:\Toni\Vibing\VN2_Opus\negbinom_policy.py:60: FutureWarning: Support for axis=1 in DataFrame.rolling is deprecated and will be removed in a future version. Use obj.T.rolling(...) instead
  rolling = sales.rolling(window=cov, axis=1, min_periods=cov).sum()
J:\Toni\Vibing\VN2_Opus\negbinom_policy.py:60: FutureWarning: Support for axis=1 in DataFrame.rolling is deprecated and will be removed in a future version. Use obj.T.rolling(...) instead
  rolling = sales.rolling(window=cov, axis=1, min_periods=cov).sum()
J:\Toni\Vibing\VN2_Opus\negbinom_policy.py:60: FutureWarning: Support for axis=1 in DataFrame.rolling is deprecated and will be removed in a future version. Use obj.T.rolling(...) instead
  rolling = sales.rolling(window=cov, axis=1, min_periods=cov).sum()
J:\Toni\Vibing\VN2_Opus\negbinom_policy.py:60: FutureWarning: Support for axis=1 in DataFrame.rolling is deprecated and will be removed in a future version. Use obj.T.rolling(...) instead
  rolling = sales.rolling(window=cov, axis=1, min_periods=cov).sum()
J:\Toni\Vibing\VN2_Opus\negbinom_policy.py:60: FutureWarning: Support for axis=1 in DataFrame.rolling is deprecated and will be removed in a future version. Use obj.T.rolling(...) instead
  rolling = sales.rolling(window=cov, axis=1, min_periods=cov).sum()
J:\Toni\Vibing\VN2_Opus\negbinom_policy.py:60: FutureWarning: Support for axis=1 in DataFrame.rolling is deprecated and will be removed in a future version. Use obj.T.rolling(...) instead
  rolling = sales.rolling(window=cov, axis=1, min_periods=cov).sum()
J:\Toni\Vibing\VN2_Opus\negbinom_policy.py:60: FutureWarning: Support for axis=1 in DataFrame.rolling is deprecated and will be removed in a future version. Use obj.T.rolling(...) instead
  rolling = sales.rolling(window=cov, axis=1, min_periods=cov).sum()
J:\Toni\Vibing\VN2_Opus\negbinom_policy.py:60: FutureWarning: Support for axis=1 in DataFrame.rolling is deprecated and will be removed in a future version. Use obj.T.rolling(...) instead
  rolling = sales.rolling(window=cov, axis=1, min_periods=cov).sum()
J:\Toni\Vibing\VN2_Opus\negbinom_policy.py:60: FutureWarning: Support for axis=1 in DataFrame.rolling is deprecated and will be removed in a future version. Use obj.T.rolling(...) instead
  rolling = sales.rolling(window=cov, axis=1, min_periods=cov).sum()
J:\Toni\Vibing\VN2_Opus\negbinom_policy.py:60: FutureWarning: Support for axis=1 in DataFrame.rolling is deprecated and will be removed in a future version. Use obj.T.rolling(...) instead
  rolling = sales.rolling(window=cov, axis=1, min_periods=cov).sum()
J:\Toni\Vibing\VN2_Opus\negbinom_policy.py:60: FutureWarning: Support for axis=1 in DataFrame.rolling is deprecated and will be removed in a future version. Use obj.T.rolling(...) instead
  rolling = sales.rolling(window=cov, axis=1, min_periods=cov).sum()
J:\Toni\Vibing\VN2_Opus\negbinom_policy.py:60: FutureWarning: Support for axis=1 in DataFrame.rolling is deprecated and will be removed in a future version. Use obj.T.rolling(...) instead
  rolling = sales.rolling(window=cov, axis=1, min_periods=cov).sum()
J:\Toni\Vibing\VN2_Opus\negbinom_policy.py:60: FutureWarning: Support for axis=1 in DataFrame.rolling is deprecated and will be removed in a future version. Use obj.T.rolling(...) instead
  rolling = sales.rolling(window=cov, axis=1, min_periods=cov).sum()
J:\Toni\Vibing\VN2_Opus\negbinom_policy.py:60: FutureWarning: Support for axis=1 in DataFrame.rolling is deprecated and will be removed in a future version. Use obj.T.rolling(...) instead
  rolling = sales.rolling(window=cov, axis=1, min_periods=cov).sum()
J:\Toni\Vibing\VN2_Opus\negbinom_policy.py:60: FutureWarning: Support for axis=1 in DataFrame.rolling is deprecated and will be removed in a future version. Use obj.T.rolling(...) instead
  rolling = sales.rolling(window=cov, axis=1, min_periods=cov).sum()
J:\Toni\Vibing\VN2_Opus\negbinom_policy.py:60: FutureWarning: Support for axis=1 in DataFrame.rolling is deprecated and will be removed in a future version. Use obj.T.rolling(...) instead
  rolling = sales.rolling(window=cov, axis=1, min_periods=cov).sum()
J:\Toni\Vibing\VN2_Opus\negbinom_policy.py:60: FutureWarning: Support for axis=1 in DataFrame.rolling is deprecated and will be removed in a future version. Use obj.T.rolling(...) instead
  rolling = sales.rolling(window=cov, axis=1, min_periods=cov).sum()
J:\Toni\Vibing\VN2_Opus\negbinom_policy.py:60: FutureWarning: Support for axis=1 in DataFrame.rolling is deprecated and will be removed in a future version. Use obj.T.rolling(...) instead
  rolling = sales.rolling(window=cov, axis=1, min_periods=cov).sum()
J:\Toni\Vibing\VN2_Opus\negbinom_policy.py:60: FutureWarning: Support for axis=1 in DataFrame.rolling is deprecated and will be removed in a future version. Use obj.T.rolling(...) instead
  rolling = sales.rolling(window=cov, axis=1, min_periods=cov).sum()

=== NegBinom cov=2 alpha=0.833 ===
      competition_cost  comp_holding  comp_shortage  fc_mae  fc_wape  fc_bias  fc_pinball_0.833
fold                                                                                           
cv0           4,798.60      3,413.60       1,385.00    3.16     0.54    -0.21              1.24
cv1           4,308.40      3,095.40       1,213.00    3.04     0.51    -0.25              1.20
cv2           4,200.60      3,197.60       1,003.00    2.96     0.52     0.02              1.10
cv3           4,466.20      3,731.20         735.00    3.10     0.55     0.39              1.07
  MEAN  competition_cost = 4,443.45  (holding=3,359.45, shortage=1,084.00)
  MEAN  forecast MAE=3.06  WAPE=0.531  bias=-0.01  pinball@0.833=1.150
  VAL   competition_cost = 4,291.20  (holding=3,918.20, shortage=373.00)
  VAL   forecast MAE=2.73  WAPE=0.539  bias=+0.91  pinball@0.833=0.985
J:\Toni\Vibing\VN2_Opus\negbinom_policy.py:60: FutureWarning: Support for axis=1 in DataFrame.rolling is deprecated and will be removed in a future version. Use obj.T.rolling(...) instead
  rolling = sales.rolling(window=cov, axis=1, min_periods=cov).sum()
J:\Toni\Vibing\VN2_Opus\negbinom_policy.py:60: FutureWarning: Support for axis=1 in DataFrame.rolling is deprecated and will be removed in a future version. Use obj.T.rolling(...) instead
  rolling = sales.rolling(window=cov, axis=1, min_periods=cov).sum()
J:\Toni\Vibing\VN2_Opus\negbinom_policy.py:60: FutureWarning: Support for axis=1 in DataFrame.rolling is deprecated and will be removed in a future version. Use obj.T.rolling(...) instead
  rolling = sales.rolling(window=cov, axis=1, min_periods=cov).sum()
J:\Toni\Vibing\VN2_Opus\negbinom_policy.py:60: FutureWarning: Support for axis=1 in DataFrame.rolling is deprecated and will be removed in a future version. Use obj.T.rolling(...) instead
  rolling = sales.rolling(window=cov, axis=1, min_periods=cov).sum()
J:\Toni\Vibing\VN2_Opus\negbinom_policy.py:60: FutureWarning: Support for axis=1 in DataFrame.rolling is deprecated and will be removed in a future version. Use obj.T.rolling(...) instead
  rolling = sales.rolling(window=cov, axis=1, min_periods=cov).sum()
J:\Toni\Vibing\VN2_Opus\negbinom_policy.py:60: FutureWarning: Support for axis=1 in DataFrame.rolling is deprecated and will be removed in a future version. Use obj.T.rolling(...) instead
  rolling = sales.rolling(window=cov, axis=1, min_periods=cov).sum()
  SACRED: 4,425.40  (h=3,248.40, s=1,177.00)

Running: NegBinom cov=3 alpha=0.5
J:\Toni\Vibing\VN2_Opus\negbinom_policy.py:60: FutureWarning: Support for axis=1 in DataFrame.rolling is deprecated and will be removed in a future version. Use obj.T.rolling(...) instead
  rolling = sales.rolling(window=cov, axis=1, min_periods=cov).sum()
J:\Toni\Vibing\VN2_Opus\negbinom_policy.py:60: FutureWarning: Support for axis=1 in DataFrame.rolling is deprecated and will be removed in a future version. Use obj.T.rolling(...) instead
  rolling = sales.rolling(window=cov, axis=1, min_periods=cov).sum()
J:\Toni\Vibing\VN2_Opus\negbinom_policy.py:60: FutureWarning: Support for axis=1 in DataFrame.rolling is deprecated and will be removed in a future version. Use obj.T.rolling(...) instead
  rolling = sales.rolling(window=cov, axis=1, min_periods=cov).sum()
J:\Toni\Vibing\VN2_Opus\negbinom_policy.py:60: FutureWarning: Support for axis=1 in DataFrame.rolling is deprecated and will be removed in a future version. Use obj.T.rolling(...) instead
  rolling = sales.rolling(window=cov, axis=1, min_periods=cov).sum()
J:\Toni\Vibing\VN2_Opus\negbinom_policy.py:60: FutureWarning: Support for axis=1 in DataFrame.rolling is deprecated and will be removed in a future version. Use obj.T.rolling(...) instead
  rolling = sales.rolling(window=cov, axis=1, min_periods=cov).sum()
J:\Toni\Vibing\VN2_Opus\negbinom_policy.py:60: FutureWarning: Support for axis=1 in DataFrame.rolling is deprecated and will be removed in a future version. Use obj.T.rolling(...) instead
  rolling = sales.rolling(window=cov, axis=1, min_periods=cov).sum()
J:\Toni\Vibing\VN2_Opus\negbinom_policy.py:60: FutureWarning: Support for axis=1 in DataFrame.rolling is deprecated and will be removed in a future version. Use obj.T.rolling(...) instead
  rolling = sales.rolling(window=cov, axis=1, min_periods=cov).sum()
J:\Toni\Vibing\VN2_Opus\negbinom_policy.py:60: FutureWarning: Support for axis=1 in DataFrame.rolling is deprecated and will be removed in a future version. Use obj.T.rolling(...) instead
  rolling = sales.rolling(window=cov, axis=1, min_periods=cov).sum()
J:\Toni\Vibing\VN2_Opus\negbinom_policy.py:60: FutureWarning: Support for axis=1 in DataFrame.rolling is deprecated and will be removed in a future version. Use obj.T.rolling(...) instead
  rolling = sales.rolling(window=cov, axis=1, min_periods=cov).sum()
J:\Toni\Vibing\VN2_Opus\negbinom_policy.py:60: FutureWarning: Support for axis=1 in DataFrame.rolling is deprecated and will be removed in a future version. Use obj.T.rolling(...) instead
  rolling = sales.rolling(window=cov, axis=1, min_periods=cov).sum()
J:\Toni\Vibing\VN2_Opus\negbinom_policy.py:60: FutureWarning: Support for axis=1 in DataFrame.rolling is deprecated and will be removed in a future version. Use obj.T.rolling(...) instead
  rolling = sales.rolling(window=cov, axis=1, min_periods=cov).sum()
J:\Toni\Vibing\VN2_Opus\negbinom_policy.py:60: FutureWarning: Support for axis=1 in DataFrame.rolling is deprecated and will be removed in a future version. Use obj.T.rolling(...) instead
  rolling = sales.rolling(window=cov, axis=1, min_periods=cov).sum()
J:\Toni\Vibing\VN2_Opus\negbinom_policy.py:60: FutureWarning: Support for axis=1 in DataFrame.rolling is deprecated and will be removed in a future version. Use obj.T.rolling(...) instead
  rolling = sales.rolling(window=cov, axis=1, min_periods=cov).sum()
J:\Toni\Vibing\VN2_Opus\negbinom_policy.py:60: FutureWarning: Support for axis=1 in DataFrame.rolling is deprecated and will be removed in a future version. Use obj.T.rolling(...) instead
  rolling = sales.rolling(window=cov, axis=1, min_periods=cov).sum()
J:\Toni\Vibing\VN2_Opus\negbinom_policy.py:60: FutureWarning: Support for axis=1 in DataFrame.rolling is deprecated and will be removed in a future version. Use obj.T.rolling(...) instead
  rolling = sales.rolling(window=cov, axis=1, min_periods=cov).sum()
J:\Toni\Vibing\VN2_Opus\negbinom_policy.py:60: FutureWarning: Support for axis=1 in DataFrame.rolling is deprecated and will be removed in a future version. Use obj.T.rolling(...) instead
  rolling = sales.rolling(window=cov, axis=1, min_periods=cov).sum()
J:\Toni\Vibing\VN2_Opus\negbinom_policy.py:60: FutureWarning: Support for axis=1 in DataFrame.rolling is deprecated and will be removed in a future version. Use obj.T.rolling(...) instead
  rolling = sales.rolling(window=cov, axis=1, min_periods=cov).sum()
J:\Toni\Vibing\VN2_Opus\negbinom_policy.py:60: FutureWarning: Support for axis=1 in DataFrame.rolling is deprecated and will be removed in a future version. Use obj.T.rolling(...) instead
  rolling = sales.rolling(window=cov, axis=1, min_periods=cov).sum()
J:\Toni\Vibing\VN2_Opus\negbinom_policy.py:60: FutureWarning: Support for axis=1 in DataFrame.rolling is deprecated and will be removed in a future version. Use obj.T.rolling(...) instead
  rolling = sales.rolling(window=cov, axis=1, min_periods=cov).sum()
J:\Toni\Vibing\VN2_Opus\negbinom_policy.py:60: FutureWarning: Support for axis=1 in DataFrame.rolling is deprecated and will be removed in a future version. Use obj.T.rolling(...) instead
  rolling = sales.rolling(window=cov, axis=1, min_periods=cov).sum()
J:\Toni\Vibing\VN2_Opus\negbinom_policy.py:60: FutureWarning: Support for axis=1 in DataFrame.rolling is deprecated and will be removed in a future version. Use obj.T.rolling(...) instead
  rolling = sales.rolling(window=cov, axis=1, min_periods=cov).sum()
J:\Toni\Vibing\VN2_Opus\negbinom_policy.py:60: FutureWarning: Support for axis=1 in DataFrame.rolling is deprecated and will be removed in a future version. Use obj.T.rolling(...) instead
  rolling = sales.rolling(window=cov, axis=1, min_periods=cov).sum()
J:\Toni\Vibing\VN2_Opus\negbinom_policy.py:60: FutureWarning: Support for axis=1 in DataFrame.rolling is deprecated and will be removed in a future version. Use obj.T.rolling(...) instead
  rolling = sales.rolling(window=cov, axis=1, min_periods=cov).sum()
J:\Toni\Vibing\VN2_Opus\negbinom_policy.py:60: FutureWarning: Support for axis=1 in DataFrame.rolling is deprecated and will be removed in a future version. Use obj.T.rolling(...) instead
  rolling = sales.rolling(window=cov, axis=1, min_periods=cov).sum()
J:\Toni\Vibing\VN2_Opus\negbinom_policy.py:60: FutureWarning: Support for axis=1 in DataFrame.rolling is deprecated and will be removed in a future version. Use obj.T.rolling(...) instead
  rolling = sales.rolling(window=cov, axis=1, min_periods=cov).sum()
J:\Toni\Vibing\VN2_Opus\negbinom_policy.py:60: FutureWarning: Support for axis=1 in DataFrame.rolling is deprecated and will be removed in a future version. Use obj.T.rolling(...) instead
  rolling = sales.rolling(window=cov, axis=1, min_periods=cov).sum()
J:\Toni\Vibing\VN2_Opus\negbinom_policy.py:60: FutureWarning: Support for axis=1 in DataFrame.rolling is deprecated and will be removed in a future version. Use obj.T.rolling(...) instead
  rolling = sales.rolling(window=cov, axis=1, min_periods=cov).sum()
J:\Toni\Vibing\VN2_Opus\negbinom_policy.py:60: FutureWarning: Support for axis=1 in DataFrame.rolling is deprecated and will be removed in a future version. Use obj.T.rolling(...) instead
  rolling = sales.rolling(window=cov, axis=1, min_periods=cov).sum()
J:\Toni\Vibing\VN2_Opus\negbinom_policy.py:60: FutureWarning: Support for axis=1 in DataFrame.rolling is deprecated and will be removed in a future version. Use obj.T.rolling(...) instead
  rolling = sales.rolling(window=cov, axis=1, min_periods=cov).sum()
J:\Toni\Vibing\VN2_Opus\negbinom_policy.py:60: FutureWarning: Support for axis=1 in DataFrame.rolling is deprecated and will be removed in a future version. Use obj.T.rolling(...) instead
  rolling = sales.rolling(window=cov, axis=1, min_periods=cov).sum()

=== NegBinom cov=3 alpha=0.5 ===
      competition_cost  comp_holding  comp_shortage  fc_mae  fc_wape  fc_bias  fc_pinball_0.833
fold                                                                                           
cv0           5,287.00      2,473.00       2,814.00    4.34     0.49    -0.43              2.30
cv1           4,785.20      2,170.20       2,615.00    4.18     0.48    -0.24              2.17
cv2           4,462.20      2,237.20       2,225.00    4.49     0.49    -0.52              2.30
cv3           4,627.80      2,586.80       2,041.00    4.36     0.52     0.45              2.18
  MEAN  competition_cost = 4,790.55  (holding=2,366.80, shortage=2,423.75)
  MEAN  forecast MAE=4.34  WAPE=0.493  bias=-0.18  pinball@0.833=2.238
  VAL   competition_cost = 3,939.80  (holding=2,670.80, shortage=1,269.00)
  VAL   forecast MAE=3.94  WAPE=0.504  bias=+1.11  pinball@0.833=1.904
J:\Toni\Vibing\VN2_Opus\negbinom_policy.py:60: FutureWarning: Support for axis=1 in DataFrame.rolling is deprecated and will be removed in a future version. Use obj.T.rolling(...) instead
  rolling = sales.rolling(window=cov, axis=1, min_periods=cov).sum()
J:\Toni\Vibing\VN2_Opus\negbinom_policy.py:60: FutureWarning: Support for axis=1 in DataFrame.rolling is deprecated and will be removed in a future version. Use obj.T.rolling(...) instead
  rolling = sales.rolling(window=cov, axis=1, min_periods=cov).sum()
J:\Toni\Vibing\VN2_Opus\negbinom_policy.py:60: FutureWarning: Support for axis=1 in DataFrame.rolling is deprecated and will be removed in a future version. Use obj.T.rolling(...) instead
  rolling = sales.rolling(window=cov, axis=1, min_periods=cov).sum()
J:\Toni\Vibing\VN2_Opus\negbinom_policy.py:60: FutureWarning: Support for axis=1 in DataFrame.rolling is deprecated and will be removed in a future version. Use obj.T.rolling(...) instead
  rolling = sales.rolling(window=cov, axis=1, min_periods=cov).sum()
J:\Toni\Vibing\VN2_Opus\negbinom_policy.py:60: FutureWarning: Support for axis=1 in DataFrame.rolling is deprecated and will be removed in a future version. Use obj.T.rolling(...) instead
  rolling = sales.rolling(window=cov, axis=1, min_periods=cov).sum()
J:\Toni\Vibing\VN2_Opus\negbinom_policy.py:60: FutureWarning: Support for axis=1 in DataFrame.rolling is deprecated and will be removed in a future version. Use obj.T.rolling(...) instead
  rolling = sales.rolling(window=cov, axis=1, min_periods=cov).sum()
  SACRED: 4,367.20  (h=2,174.20, s=2,193.00)

Running: NegBinom cov=3 alpha=0.6
J:\Toni\Vibing\VN2_Opus\negbinom_policy.py:60: FutureWarning: Support for axis=1 in DataFrame.rolling is deprecated and will be removed in a future version. Use obj.T.rolling(...) instead
  rolling = sales.rolling(window=cov, axis=1, min_periods=cov).sum()
J:\Toni\Vibing\VN2_Opus\negbinom_policy.py:60: FutureWarning: Support for axis=1 in DataFrame.rolling is deprecated and will be removed in a future version. Use obj.T.rolling(...) instead
  rolling = sales.rolling(window=cov, axis=1, min_periods=cov).sum()
J:\Toni\Vibing\VN2_Opus\negbinom_policy.py:60: FutureWarning: Support for axis=1 in DataFrame.rolling is deprecated and will be removed in a future version. Use obj.T.rolling(...) instead
  rolling = sales.rolling(window=cov, axis=1, min_periods=cov).sum()
J:\Toni\Vibing\VN2_Opus\negbinom_policy.py:60: FutureWarning: Support for axis=1 in DataFrame.rolling is deprecated and will be removed in a future version. Use obj.T.rolling(...) instead
  rolling = sales.rolling(window=cov, axis=1, min_periods=cov).sum()
J:\Toni\Vibing\VN2_Opus\negbinom_policy.py:60: FutureWarning: Support for axis=1 in DataFrame.rolling is deprecated and will be removed in a future version. Use obj.T.rolling(...) instead
  rolling = sales.rolling(window=cov, axis=1, min_periods=cov).sum()
J:\Toni\Vibing\VN2_Opus\negbinom_policy.py:60: FutureWarning: Support for axis=1 in DataFrame.rolling is deprecated and will be removed in a future version. Use obj.T.rolling(...) instead
  rolling = sales.rolling(window=cov, axis=1, min_periods=cov).sum()
J:\Toni\Vibing\VN2_Opus\negbinom_policy.py:60: FutureWarning: Support for axis=1 in DataFrame.rolling is deprecated and will be removed in a future version. Use obj.T.rolling(...) instead
  rolling = sales.rolling(window=cov, axis=1, min_periods=cov).sum()
J:\Toni\Vibing\VN2_Opus\negbinom_policy.py:60: FutureWarning: Support for axis=1 in DataFrame.rolling is deprecated and will be removed in a future version. Use obj.T.rolling(...) instead
  rolling = sales.rolling(window=cov, axis=1, min_periods=cov).sum()
J:\Toni\Vibing\VN2_Opus\negbinom_policy.py:60: FutureWarning: Support for axis=1 in DataFrame.rolling is deprecated and will be removed in a future version. Use obj.T.rolling(...) instead
  rolling = sales.rolling(window=cov, axis=1, min_periods=cov).sum()
J:\Toni\Vibing\VN2_Opus\negbinom_policy.py:60: FutureWarning: Support for axis=1 in DataFrame.rolling is deprecated and will be removed in a future version. Use obj.T.rolling(...) instead
  rolling = sales.rolling(window=cov, axis=1, min_periods=cov).sum()
J:\Toni\Vibing\VN2_Opus\negbinom_policy.py:60: FutureWarning: Support for axis=1 in DataFrame.rolling is deprecated and will be removed in a future version. Use obj.T.rolling(...) instead
  rolling = sales.rolling(window=cov, axis=1, min_periods=cov).sum()
J:\Toni\Vibing\VN2_Opus\negbinom_policy.py:60: FutureWarning: Support for axis=1 in DataFrame.rolling is deprecated and will be removed in a future version. Use obj.T.rolling(...) instead
  rolling = sales.rolling(window=cov, axis=1, min_periods=cov).sum()
J:\Toni\Vibing\VN2_Opus\negbinom_policy.py:60: FutureWarning: Support for axis=1 in DataFrame.rolling is deprecated and will be removed in a future version. Use obj.T.rolling(...) instead
  rolling = sales.rolling(window=cov, axis=1, min_periods=cov).sum()
J:\Toni\Vibing\VN2_Opus\negbinom_policy.py:60: FutureWarning: Support for axis=1 in DataFrame.rolling is deprecated and will be removed in a future version. Use obj.T.rolling(...) instead
  rolling = sales.rolling(window=cov, axis=1, min_periods=cov).sum()
J:\Toni\Vibing\VN2_Opus\negbinom_policy.py:60: FutureWarning: Support for axis=1 in DataFrame.rolling is deprecated and will be removed in a future version. Use obj.T.rolling(...) instead
  rolling = sales.rolling(window=cov, axis=1, min_periods=cov).sum()
J:\Toni\Vibing\VN2_Opus\negbinom_policy.py:60: FutureWarning: Support for axis=1 in DataFrame.rolling is deprecated and will be removed in a future version. Use obj.T.rolling(...) instead
  rolling = sales.rolling(window=cov, axis=1, min_periods=cov).sum()
J:\Toni\Vibing\VN2_Opus\negbinom_policy.py:60: FutureWarning: Support for axis=1 in DataFrame.rolling is deprecated and will be removed in a future version. Use obj.T.rolling(...) instead
  rolling = sales.rolling(window=cov, axis=1, min_periods=cov).sum()
J:\Toni\Vibing\VN2_Opus\negbinom_policy.py:60: FutureWarning: Support for axis=1 in DataFrame.rolling is deprecated and will be removed in a future version. Use obj.T.rolling(...) instead
  rolling = sales.rolling(window=cov, axis=1, min_periods=cov).sum()
J:\Toni\Vibing\VN2_Opus\negbinom_policy.py:60: FutureWarning: Support for axis=1 in DataFrame.rolling is deprecated and will be removed in a future version. Use obj.T.rolling(...) instead
  rolling = sales.rolling(window=cov, axis=1, min_periods=cov).sum()
J:\Toni\Vibing\VN2_Opus\negbinom_policy.py:60: FutureWarning: Support for axis=1 in DataFrame.rolling is deprecated and will be removed in a future version. Use obj.T.rolling(...) instead
  rolling = sales.rolling(window=cov, axis=1, min_periods=cov).sum()
J:\Toni\Vibing\VN2_Opus\negbinom_policy.py:60: FutureWarning: Support for axis=1 in DataFrame.rolling is deprecated and will be removed in a future version. Use obj.T.rolling(...) instead
  rolling = sales.rolling(window=cov, axis=1, min_periods=cov).sum()
J:\Toni\Vibing\VN2_Opus\negbinom_policy.py:60: FutureWarning: Support for axis=1 in DataFrame.rolling is deprecated and will be removed in a future version. Use obj.T.rolling(...) instead
  rolling = sales.rolling(window=cov, axis=1, min_periods=cov).sum()
J:\Toni\Vibing\VN2_Opus\negbinom_policy.py:60: FutureWarning: Support for axis=1 in DataFrame.rolling is deprecated and will be removed in a future version. Use obj.T.rolling(...) instead
  rolling = sales.rolling(window=cov, axis=1, min_periods=cov).sum()
J:\Toni\Vibing\VN2_Opus\negbinom_policy.py:60: FutureWarning: Support for axis=1 in DataFrame.rolling is deprecated and will be removed in a future version. Use obj.T.rolling(...) instead
  rolling = sales.rolling(window=cov, axis=1, min_periods=cov).sum()
J:\Toni\Vibing\VN2_Opus\negbinom_policy.py:60: FutureWarning: Support for axis=1 in DataFrame.rolling is deprecated and will be removed in a future version. Use obj.T.rolling(...) instead
  rolling = sales.rolling(window=cov, axis=1, min_periods=cov).sum()
J:\Toni\Vibing\VN2_Opus\negbinom_policy.py:60: FutureWarning: Support for axis=1 in DataFrame.rolling is deprecated and will be removed in a future version. Use obj.T.rolling(...) instead
  rolling = sales.rolling(window=cov, axis=1, min_periods=cov).sum()
J:\Toni\Vibing\VN2_Opus\negbinom_policy.py:60: FutureWarning: Support for axis=1 in DataFrame.rolling is deprecated and will be removed in a future version. Use obj.T.rolling(...) instead
  rolling = sales.rolling(window=cov, axis=1, min_periods=cov).sum()
J:\Toni\Vibing\VN2_Opus\negbinom_policy.py:60: FutureWarning: Support for axis=1 in DataFrame.rolling is deprecated and will be removed in a future version. Use obj.T.rolling(...) instead
  rolling = sales.rolling(window=cov, axis=1, min_periods=cov).sum()
J:\Toni\Vibing\VN2_Opus\negbinom_policy.py:60: FutureWarning: Support for axis=1 in DataFrame.rolling is deprecated and will be removed in a future version. Use obj.T.rolling(...) instead
  rolling = sales.rolling(window=cov, axis=1, min_periods=cov).sum()
J:\Toni\Vibing\VN2_Opus\negbinom_policy.py:60: FutureWarning: Support for axis=1 in DataFrame.rolling is deprecated and will be removed in a future version. Use obj.T.rolling(...) instead
  rolling = sales.rolling(window=cov, axis=1, min_periods=cov).sum()

=== NegBinom cov=3 alpha=0.6 ===
      competition_cost  comp_holding  comp_shortage  fc_mae  fc_wape  fc_bias  fc_pinball_0.833
fold                                                                                           
cv0           5,301.00      3,190.00       2,111.00    4.34     0.49    -0.43              2.34
cv1           4,836.40      2,901.40       1,935.00    4.18     0.48    -0.24              2.23
cv2           4,530.00      2,967.00       1,563.00    4.49     0.49    -0.52              2.35
cv3           4,747.60      3,390.60       1,357.00    4.36     0.52     0.45              2.20
  MEAN  competition_cost = 4,853.75  (holding=3,112.25, shortage=1,741.50)
  MEAN  forecast MAE=4.34  WAPE=0.493  bias=-0.18  pinball@0.833=2.281
  VAL   competition_cost = 4,262.00  (holding=3,522.00, shortage=740.00)
  VAL   forecast MAE=3.94  WAPE=0.504  bias=+1.11  pinball@0.833=1.901
J:\Toni\Vibing\VN2_Opus\negbinom_policy.py:60: FutureWarning: Support for axis=1 in DataFrame.rolling is deprecated and will be removed in a future version. Use obj.T.rolling(...) instead
  rolling = sales.rolling(window=cov, axis=1, min_periods=cov).sum()
J:\Toni\Vibing\VN2_Opus\negbinom_policy.py:60: FutureWarning: Support for axis=1 in DataFrame.rolling is deprecated and will be removed in a future version. Use obj.T.rolling(...) instead
  rolling = sales.rolling(window=cov, axis=1, min_periods=cov).sum()
J:\Toni\Vibing\VN2_Opus\negbinom_policy.py:60: FutureWarning: Support for axis=1 in DataFrame.rolling is deprecated and will be removed in a future version. Use obj.T.rolling(...) instead
  rolling = sales.rolling(window=cov, axis=1, min_periods=cov).sum()
J:\Toni\Vibing\VN2_Opus\negbinom_policy.py:60: FutureWarning: Support for axis=1 in DataFrame.rolling is deprecated and will be removed in a future version. Use obj.T.rolling(...) instead
  rolling = sales.rolling(window=cov, axis=1, min_periods=cov).sum()
J:\Toni\Vibing\VN2_Opus\negbinom_policy.py:60: FutureWarning: Support for axis=1 in DataFrame.rolling is deprecated and will be removed in a future version. Use obj.T.rolling(...) instead
  rolling = sales.rolling(window=cov, axis=1, min_periods=cov).sum()
J:\Toni\Vibing\VN2_Opus\negbinom_policy.py:60: FutureWarning: Support for axis=1 in DataFrame.rolling is deprecated and will be removed in a future version. Use obj.T.rolling(...) instead
  rolling = sales.rolling(window=cov, axis=1, min_periods=cov).sum()
  SACRED: 4,558.60  (h=2,942.60, s=1,616.00)

Running: NegBinom cov=3 alpha=0.7
J:\Toni\Vibing\VN2_Opus\negbinom_policy.py:60: FutureWarning: Support for axis=1 in DataFrame.rolling is deprecated and will be removed in a future version. Use obj.T.rolling(...) instead
  rolling = sales.rolling(window=cov, axis=1, min_periods=cov).sum()
J:\Toni\Vibing\VN2_Opus\negbinom_policy.py:60: FutureWarning: Support for axis=1 in DataFrame.rolling is deprecated and will be removed in a future version. Use obj.T.rolling(...) instead
  rolling = sales.rolling(window=cov, axis=1, min_periods=cov).sum()
J:\Toni\Vibing\VN2_Opus\negbinom_policy.py:60: FutureWarning: Support for axis=1 in DataFrame.rolling is deprecated and will be removed in a future version. Use obj.T.rolling(...) instead
  rolling = sales.rolling(window=cov, axis=1, min_periods=cov).sum()
J:\Toni\Vibing\VN2_Opus\negbinom_policy.py:60: FutureWarning: Support for axis=1 in DataFrame.rolling is deprecated and will be removed in a future version. Use obj.T.rolling(...) instead
  rolling = sales.rolling(window=cov, axis=1, min_periods=cov).sum()
J:\Toni\Vibing\VN2_Opus\negbinom_policy.py:60: FutureWarning: Support for axis=1 in DataFrame.rolling is deprecated and will be removed in a future version. Use obj.T.rolling(...) instead
  rolling = sales.rolling(window=cov, axis=1, min_periods=cov).sum()
J:\Toni\Vibing\VN2_Opus\negbinom_policy.py:60: FutureWarning: Support for axis=1 in DataFrame.rolling is deprecated and will be removed in a future version. Use obj.T.rolling(...) instead
  rolling = sales.rolling(window=cov, axis=1, min_periods=cov).sum()
J:\Toni\Vibing\VN2_Opus\negbinom_policy.py:60: FutureWarning: Support for axis=1 in DataFrame.rolling is deprecated and will be removed in a future version. Use obj.T.rolling(...) instead
  rolling = sales.rolling(window=cov, axis=1, min_periods=cov).sum()
J:\Toni\Vibing\VN2_Opus\negbinom_policy.py:60: FutureWarning: Support for axis=1 in DataFrame.rolling is deprecated and will be removed in a future version. Use obj.T.rolling(...) instead
  rolling = sales.rolling(window=cov, axis=1, min_periods=cov).sum()
J:\Toni\Vibing\VN2_Opus\negbinom_policy.py:60: FutureWarning: Support for axis=1 in DataFrame.rolling is deprecated and will be removed in a future version. Use obj.T.rolling(...) instead
  rolling = sales.rolling(window=cov, axis=1, min_periods=cov).sum()
J:\Toni\Vibing\VN2_Opus\negbinom_policy.py:60: FutureWarning: Support for axis=1 in DataFrame.rolling is deprecated and will be removed in a future version. Use obj.T.rolling(...) instead
  rolling = sales.rolling(window=cov, axis=1, min_periods=cov).sum()
J:\Toni\Vibing\VN2_Opus\negbinom_policy.py:60: FutureWarning: Support for axis=1 in DataFrame.rolling is deprecated and will be removed in a future version. Use obj.T.rolling(...) instead
  rolling = sales.rolling(window=cov, axis=1, min_periods=cov).sum()
J:\Toni\Vibing\VN2_Opus\negbinom_policy.py:60: FutureWarning: Support for axis=1 in DataFrame.rolling is deprecated and will be removed in a future version. Use obj.T.rolling(...) instead
  rolling = sales.rolling(window=cov, axis=1, min_periods=cov).sum()
J:\Toni\Vibing\VN2_Opus\negbinom_policy.py:60: FutureWarning: Support for axis=1 in DataFrame.rolling is deprecated and will be removed in a future version. Use obj.T.rolling(...) instead
  rolling = sales.rolling(window=cov, axis=1, min_periods=cov).sum()
J:\Toni\Vibing\VN2_Opus\negbinom_policy.py:60: FutureWarning: Support for axis=1 in DataFrame.rolling is deprecated and will be removed in a future version. Use obj.T.rolling(...) instead
  rolling = sales.rolling(window=cov, axis=1, min_periods=cov).sum()
J:\Toni\Vibing\VN2_Opus\negbinom_policy.py:60: FutureWarning: Support for axis=1 in DataFrame.rolling is deprecated and will be removed in a future version. Use obj.T.rolling(...) instead
  rolling = sales.rolling(window=cov, axis=1, min_periods=cov).sum()
J:\Toni\Vibing\VN2_Opus\negbinom_policy.py:60: FutureWarning: Support for axis=1 in DataFrame.rolling is deprecated and will be removed in a future version. Use obj.T.rolling(...) instead
  rolling = sales.rolling(window=cov, axis=1, min_periods=cov).sum()
J:\Toni\Vibing\VN2_Opus\negbinom_policy.py:60: FutureWarning: Support for axis=1 in DataFrame.rolling is deprecated and will be removed in a future version. Use obj.T.rolling(...) instead
  rolling = sales.rolling(window=cov, axis=1, min_periods=cov).sum()
J:\Toni\Vibing\VN2_Opus\negbinom_policy.py:60: FutureWarning: Support for axis=1 in DataFrame.rolling is deprecated and will be removed in a future version. Use obj.T.rolling(...) instead
  rolling = sales.rolling(window=cov, axis=1, min_periods=cov).sum()
J:\Toni\Vibing\VN2_Opus\negbinom_policy.py:60: FutureWarning: Support for axis=1 in DataFrame.rolling is deprecated and will be removed in a future version. Use obj.T.rolling(...) instead
  rolling = sales.rolling(window=cov, axis=1, min_periods=cov).sum()
J:\Toni\Vibing\VN2_Opus\negbinom_policy.py:60: FutureWarning: Support for axis=1 in DataFrame.rolling is deprecated and will be removed in a future version. Use obj.T.rolling(...) instead
  rolling = sales.rolling(window=cov, axis=1, min_periods=cov).sum()
J:\Toni\Vibing\VN2_Opus\negbinom_policy.py:60: FutureWarning: Support for axis=1 in DataFrame.rolling is deprecated and will be removed in a future version. Use obj.T.rolling(...) instead
  rolling = sales.rolling(window=cov, axis=1, min_periods=cov).sum()
J:\Toni\Vibing\VN2_Opus\negbinom_policy.py:60: FutureWarning: Support for axis=1 in DataFrame.rolling is deprecated and will be removed in a future version. Use obj.T.rolling(...) instead
  rolling = sales.rolling(window=cov, axis=1, min_periods=cov).sum()
J:\Toni\Vibing\VN2_Opus\negbinom_policy.py:60: FutureWarning: Support for axis=1 in DataFrame.rolling is deprecated and will be removed in a future version. Use obj.T.rolling(...) instead
  rolling = sales.rolling(window=cov, axis=1, min_periods=cov).sum()
J:\Toni\Vibing\VN2_Opus\negbinom_policy.py:60: FutureWarning: Support for axis=1 in DataFrame.rolling is deprecated and will be removed in a future version. Use obj.T.rolling(...) instead
  rolling = sales.rolling(window=cov, axis=1, min_periods=cov).sum()
J:\Toni\Vibing\VN2_Opus\negbinom_policy.py:60: FutureWarning: Support for axis=1 in DataFrame.rolling is deprecated and will be removed in a future version. Use obj.T.rolling(...) instead
  rolling = sales.rolling(window=cov, axis=1, min_periods=cov).sum()
J:\Toni\Vibing\VN2_Opus\negbinom_policy.py:60: FutureWarning: Support for axis=1 in DataFrame.rolling is deprecated and will be removed in a future version. Use obj.T.rolling(...) instead
  rolling = sales.rolling(window=cov, axis=1, min_periods=cov).sum()
J:\Toni\Vibing\VN2_Opus\negbinom_policy.py:60: FutureWarning: Support for axis=1 in DataFrame.rolling is deprecated and will be removed in a future version. Use obj.T.rolling(...) instead
  rolling = sales.rolling(window=cov, axis=1, min_periods=cov).sum()
J:\Toni\Vibing\VN2_Opus\negbinom_policy.py:60: FutureWarning: Support for axis=1 in DataFrame.rolling is deprecated and will be removed in a future version. Use obj.T.rolling(...) instead
  rolling = sales.rolling(window=cov, axis=1, min_periods=cov).sum()
J:\Toni\Vibing\VN2_Opus\negbinom_policy.py:60: FutureWarning: Support for axis=1 in DataFrame.rolling is deprecated and will be removed in a future version. Use obj.T.rolling(...) instead
  rolling = sales.rolling(window=cov, axis=1, min_periods=cov).sum()
J:\Toni\Vibing\VN2_Opus\negbinom_policy.py:60: FutureWarning: Support for axis=1 in DataFrame.rolling is deprecated and will be removed in a future version. Use obj.T.rolling(...) instead
  rolling = sales.rolling(window=cov, axis=1, min_periods=cov).sum()

=== NegBinom cov=3 alpha=0.7 ===
      competition_cost  comp_holding  comp_shortage  fc_mae  fc_wape  fc_bias  fc_pinball_0.833
fold                                                                                           
cv0           5,615.20      4,128.20       1,487.00    4.34     0.49    -0.43              2.20
cv1           5,187.60      3,835.60       1,352.00    4.18     0.48    -0.24              2.13
cv2           4,943.20      3,905.20       1,038.00    4.49     0.49    -0.52              2.24
cv3           5,192.80      4,412.80         780.00    4.36     0.52     0.45              2.02
  MEAN  competition_cost = 5,234.70  (holding=4,070.45, shortage=1,164.25)
  MEAN  forecast MAE=4.34  WAPE=0.493  bias=-0.18  pinball@0.833=2.148
  VAL   competition_cost = 4,996.40  (holding=4,617.40, shortage=379.00)
  VAL   forecast MAE=3.94  WAPE=0.504  bias=+1.11  pinball@0.833=1.767
J:\Toni\Vibing\VN2_Opus\negbinom_policy.py:60: FutureWarning: Support for axis=1 in DataFrame.rolling is deprecated and will be removed in a future version. Use obj.T.rolling(...) instead
  rolling = sales.rolling(window=cov, axis=1, min_periods=cov).sum()
J:\Toni\Vibing\VN2_Opus\negbinom_policy.py:60: FutureWarning: Support for axis=1 in DataFrame.rolling is deprecated and will be removed in a future version. Use obj.T.rolling(...) instead
  rolling = sales.rolling(window=cov, axis=1, min_periods=cov).sum()
J:\Toni\Vibing\VN2_Opus\negbinom_policy.py:60: FutureWarning: Support for axis=1 in DataFrame.rolling is deprecated and will be removed in a future version. Use obj.T.rolling(...) instead
  rolling = sales.rolling(window=cov, axis=1, min_periods=cov).sum()
J:\Toni\Vibing\VN2_Opus\negbinom_policy.py:60: FutureWarning: Support for axis=1 in DataFrame.rolling is deprecated and will be removed in a future version. Use obj.T.rolling(...) instead
  rolling = sales.rolling(window=cov, axis=1, min_periods=cov).sum()
J:\Toni\Vibing\VN2_Opus\negbinom_policy.py:60: FutureWarning: Support for axis=1 in DataFrame.rolling is deprecated and will be removed in a future version. Use obj.T.rolling(...) instead
  rolling = sales.rolling(window=cov, axis=1, min_periods=cov).sum()
J:\Toni\Vibing\VN2_Opus\negbinom_policy.py:60: FutureWarning: Support for axis=1 in DataFrame.rolling is deprecated and will be removed in a future version. Use obj.T.rolling(...) instead
  rolling = sales.rolling(window=cov, axis=1, min_periods=cov).sum()
  SACRED: 5,019.40  (h=3,949.40, s=1,070.00)


================================================================================
  NEGBINOM SUMMARY
================================================================================
  Policy                              CV mean        VAL     SACRED
  ------------------------------------------------------------------------------
  NegBinom cov=2 alpha=0.5              4,892      3,572      4,853
  NegBinom cov=2 alpha=0.6              4,458      3,373      4,351
  NegBinom cov=2 alpha=0.7              4,211      3,387      4,105
  NegBinom cov=2 alpha=0.833            4,443      4,291      4,425
  NegBinom cov=3 alpha=0.5              4,791      3,940      4,367
  NegBinom cov=3 alpha=0.6              4,854      4,262      4,559
  NegBinom cov=3 alpha=0.7              5,235      4,996      5,019
