[I 2026-04-21 16:25:59,925] A new study created in memory with name: no-name-fbfdc8ce-e835-4102-9326-dfe68880e083
J:\Toni\Vibing\VN2_Opus\forecaster.py:57: FutureWarning: The previous implementation of stack is deprecated and will be removed in a future version of pandas. See the What's New notes for pandas 2.1.0 for details. Specify future_stack=True to adopt the new implementation and silence this warning.
  long = sales_clean.stack(dropna=False).reset_index()
J:\Toni\Vibing\VN2_Opus\forecaster.py:57: FutureWarning: The previous implementation of stack is deprecated and will be removed in a future version of pandas. See the What's New notes for pandas 2.1.0 for details. Specify future_stack=True to adopt the new implementation and silence this warning.
  long = sales_clean.stack(dropna=False).reset_index()
J:\Toni\Vibing\VN2_Opus\forecaster.py:57: FutureWarning: The previous implementation of stack is deprecated and will be removed in a future version of pandas. See the What's New notes for pandas 2.1.0 for details. Specify future_stack=True to adopt the new implementation and silence this warning.
  long = sales_clean.stack(dropna=False).reset_index()
J:\Toni\Vibing\VN2_Opus\forecaster.py:57: FutureWarning: The previous implementation of stack is deprecated and will be removed in a future version of pandas. See the What's New notes for pandas 2.1.0 for details. Specify future_stack=True to adopt the new implementation and silence this warning.
  long = sales_clean.stack(dropna=False).reset_index()
[I 2026-04-21 16:26:14,713] Trial 0 finished with value: 3625.55 and parameters: {'w_ma': 0.2875, 'w_lgb_share': 0.6971, 'multiplier': 1.0731, 'safety_units': 0.5962, 'lgb_n_estimators': 200, 'lgb_lr': 0.05, 'lgb_num_leaves': 31, 'lgb_min_child_samples': 10, 'lgb_subsample': 0.8, 'lgb_colsample': 0.8, 'lgb_reg_alpha': 0.0, 'lgb_reg_lambda': 0.0, 'cb_iterations': 200, 'cb_lr': 0.05, 'cb_depth': 6, 'cb_l2': 3.0}. Best is trial 0 with value: 3625.55.
J:\Toni\Vibing\VN2_Opus\forecaster.py:57: FutureWarning: The previous implementation of stack is deprecated and will be removed in a future version of pandas. See the What's New notes for pandas 2.1.0 for details. Specify future_stack=True to adopt the new implementation and silence this warning.
  long = sales_clean.stack(dropna=False).reset_index()
J:\Toni\Vibing\VN2_Opus\forecaster.py:57: FutureWarning: The previous implementation of stack is deprecated and will be removed in a future version of pandas. See the What's New notes for pandas 2.1.0 for details. Specify future_stack=True to adopt the new implementation and silence this warning.
  long = sales_clean.stack(dropna=False).reset_index()
J:\Toni\Vibing\VN2_Opus\forecaster.py:57: FutureWarning: The previous implementation of stack is deprecated and will be removed in a future version of pandas. See the What's New notes for pandas 2.1.0 for details. Specify future_stack=True to adopt the new implementation and silence this warning.
  long = sales_clean.stack(dropna=False).reset_index()
J:\Toni\Vibing\VN2_Opus\forecaster.py:57: FutureWarning: The previous implementation of stack is deprecated and will be removed in a future version of pandas. See the What's New notes for pandas 2.1.0 for details. Specify future_stack=True to adopt the new implementation and silence this warning.
  long = sales_clean.stack(dropna=False).reset_index()
[I 2026-04-21 16:26:25,857] Trial 1 finished with value: 3741.4500000000003 and parameters: {'w_ma': 0.2623620356542088, 'w_lgb_share': 0.9228928685254538, 'multiplier': 1.1097990912717106, 'safety_units': 0.8979877262955549, 'lgb_n_estimators': 181, 'lgb_lr': 0.03619824155310539, 'lgb_num_leaves': 21, 'lgb_min_child_samples': 23, 'lgb_subsample': 0.8502787529358021, 'lgb_colsample': 0.8770181444490113, 'lgb_reg_alpha': 0.010292247147901223, 'lgb_reg_lambda': 0.48495492608099716, 'cb_iterations': 317, 'cb_lr': 0.038739040741088984, 'cb_depth': 5, 'cb_l2': 3.100427059120603}. Best is trial 0 with value: 3625.55.
J:\Toni\Vibing\VN2_Opus\forecaster.py:57: FutureWarning: The previous implementation of stack is deprecated and will be removed in a future version of pandas. See the What's New notes for pandas 2.1.0 for details. Specify future_stack=True to adopt the new implementation and silence this warning.
  long = sales_clean.stack(dropna=False).reset_index()
J:\Toni\Vibing\VN2_Opus\forecaster.py:57: FutureWarning: The previous implementation of stack is deprecated and will be removed in a future version of pandas. See the What's New notes for pandas 2.1.0 for details. Specify future_stack=True to adopt the new implementation and silence this warning.
  long = sales_clean.stack(dropna=False).reset_index()
J:\Toni\Vibing\VN2_Opus\forecaster.py:57: FutureWarning: The previous implementation of stack is deprecated and will be removed in a future version of pandas. See the What's New notes for pandas 2.1.0 for details. Specify future_stack=True to adopt the new implementation and silence this warning.
  long = sales_clean.stack(dropna=False).reset_index()
J:\Toni\Vibing\VN2_Opus\forecaster.py:57: FutureWarning: The previous implementation of stack is deprecated and will be removed in a future version of pandas. See the What's New notes for pandas 2.1.0 for details. Specify future_stack=True to adopt the new implementation and silence this warning.
  long = sales_clean.stack(dropna=False).reset_index()
[I 2026-04-21 16:26:42,219] Trial 2 finished with value: 3621.6499999999996 and parameters: {'w_ma': 0.2412726728878613, 'w_lgb_share': 0.6886160373977308, 'multiplier': 1.0647917527963173, 'safety_units': 0.43684371029706287, 'lgb_n_estimators': 272, 'lgb_lr': 0.0354862109207614, 'lgb_num_leaves': 27, 'lgb_min_child_samples': 14, 'lgb_subsample': 0.814017496054259, 'lgb_colsample': 0.8962939903482534, 'lgb_reg_alpha': 0.09983689107917987, 'lgb_reg_lambda': 0.2571172192068058, 'cb_iterations': 269, 'cb_lr': 0.03172555207457027, 'cb_depth': 7, 'cb_l2': 3.0231447421237494}. Best is trial 2 with value: 3621.6499999999996.
J:\Toni\Vibing\VN2_Opus\forecaster.py:57: FutureWarning: The previous implementation of stack is deprecated and will be removed in a future version of pandas. See the What's New notes for pandas 2.1.0 for details. Specify future_stack=True to adopt the new implementation and silence this warning.
  long = sales_clean.stack(dropna=False).reset_index()
J:\Toni\Vibing\VN2_Opus\forecaster.py:57: FutureWarning: The previous implementation of stack is deprecated and will be removed in a future version of pandas. See the What's New notes for pandas 2.1.0 for details. Specify future_stack=True to adopt the new implementation and silence this warning.
  long = sales_clean.stack(dropna=False).reset_index()
J:\Toni\Vibing\VN2_Opus\forecaster.py:57: FutureWarning: The previous implementation of stack is deprecated and will be removed in a future version of pandas. See the What's New notes for pandas 2.1.0 for details. Specify future_stack=True to adopt the new implementation and silence this warning.
  long = sales_clean.stack(dropna=False).reset_index()
J:\Toni\Vibing\VN2_Opus\forecaster.py:57: FutureWarning: The previous implementation of stack is deprecated and will be removed in a future version of pandas. See the What's New notes for pandas 2.1.0 for details. Specify future_stack=True to adopt the new implementation and silence this warning.
  long = sales_clean.stack(dropna=False).reset_index()
[I 2026-04-21 16:26:53,355] Trial 3 finished with value: 3853.0000000000005 and parameters: {'w_ma': 0.16951547789558385, 'w_lgb_share': 0.9218870454893332, 'multiplier': 1.144844804961184, 'safety_units': 1.2125960221746916, 'lgb_n_estimators': 211, 'lgb_lr': 0.033743639849862894, 'lgb_num_leaves': 37, 'lgb_min_child_samples': 15, 'lgb_subsample': 0.7305095587111947, 'lgb_colsample': 0.8237942275278175, 'lgb_reg_alpha': 0.017194260557609198, 'lgb_reg_lambda': 0.45466020103939103, 'cb_iterations': 202, 'cb_lr': 0.06661009844027113, 'cb_depth': 6, 'cb_l2': 5.120408127066865}. Best is trial 2 with value: 3621.6499999999996.
J:\Toni\Vibing\VN2_Opus\forecaster.py:57: FutureWarning: The previous implementation of stack is deprecated and will be removed in a future version of pandas. See the What's New notes for pandas 2.1.0 for details. Specify future_stack=True to adopt the new implementation and silence this warning.
  long = sales_clean.stack(dropna=False).reset_index()
J:\Toni\Vibing\VN2_Opus\forecaster.py:57: FutureWarning: The previous implementation of stack is deprecated and will be removed in a future version of pandas. See the What's New notes for pandas 2.1.0 for details. Specify future_stack=True to adopt the new implementation and silence this warning.
  long = sales_clean.stack(dropna=False).reset_index()
J:\Toni\Vibing\VN2_Opus\forecaster.py:57: FutureWarning: The previous implementation of stack is deprecated and will be removed in a future version of pandas. See the What's New notes for pandas 2.1.0 for details. Specify future_stack=True to adopt the new implementation and silence this warning.
  long = sales_clean.stack(dropna=False).reset_index()
J:\Toni\Vibing\VN2_Opus\forecaster.py:57: FutureWarning: The previous implementation of stack is deprecated and will be removed in a future version of pandas. See the What's New notes for pandas 2.1.0 for details. Specify future_stack=True to adopt the new implementation and silence this warning.
  long = sales_clean.stack(dropna=False).reset_index()
[I 2026-04-21 16:27:14,570] Trial 4 finished with value: 3800.45 and parameters: {'w_ma': 0.31401308380298387, 'w_lgb_share': 0.5016699505390398, 'multiplier': 1.1454376941646838, 'safety_units': 1.1626992350416718, 'lgb_n_estimators': 338, 'lgb_lr': 0.08810640009855035, 'lgb_num_leaves': 35, 'lgb_min_child_samples': 24, 'lgb_subsample': 0.7221231255129799, 'lgb_colsample': 0.7489957156047863, 'lgb_reg_alpha': 0.022613644455269033, 'lgb_reg_lambda': 0.16266516538163217, 'cb_iterations': 228, 'cb_lr': 0.04159143415786066, 'cb_depth': 8, 'cb_l2': 4.1405199601615355}. Best is trial 2 with value: 3621.6499999999996.
J:\Toni\Vibing\VN2_Opus\forecaster.py:57: FutureWarning: The previous implementation of stack is deprecated and will be removed in a future version of pandas. See the What's New notes for pandas 2.1.0 for details. Specify future_stack=True to adopt the new implementation and silence this warning.
  long = sales_clean.stack(dropna=False).reset_index()
J:\Toni\Vibing\VN2_Opus\forecaster.py:57: FutureWarning: The previous implementation of stack is deprecated and will be removed in a future version of pandas. See the What's New notes for pandas 2.1.0 for details. Specify future_stack=True to adopt the new implementation and silence this warning.
  long = sales_clean.stack(dropna=False).reset_index()
J:\Toni\Vibing\VN2_Opus\forecaster.py:57: FutureWarning: The previous implementation of stack is deprecated and will be removed in a future version of pandas. See the What's New notes for pandas 2.1.0 for details. Specify future_stack=True to adopt the new implementation and silence this warning.
  long = sales_clean.stack(dropna=False).reset_index()
J:\Toni\Vibing\VN2_Opus\forecaster.py:57: FutureWarning: The previous implementation of stack is deprecated and will be removed in a future version of pandas. See the What's New notes for pandas 2.1.0 for details. Specify future_stack=True to adopt the new implementation and silence this warning.
  long = sales_clean.stack(dropna=False).reset_index()
[I 2026-04-21 16:27:27,615] Trial 5 finished with value: 3729.3 and parameters: {'w_ma': 0.23428035290621424, 'w_lgb_share': 0.6984828457370367, 'multiplier': 1.0211386337462143, 'safety_units': 1.2032954711310595, 'lgb_n_estimators': 164, 'lgb_lr': 0.09843362018737845, 'lgb_num_leaves': 40, 'lgb_min_child_samples': 11, 'lgb_subsample': 0.7013805292809006, 'lgb_colsample': 0.9038653571137085, 'lgb_reg_alpha': 0.35342867192380856, 'lgb_reg_lambda': 0.36450358402049365, 'cb_iterations': 305, 'cb_lr': 0.032797265029146275, 'cb_depth': 6, 'cb_l2': 2.6952143571507783}. Best is trial 2 with value: 3621.6499999999996.
J:\Toni\Vibing\VN2_Opus\forecaster.py:57: FutureWarning: The previous implementation of stack is deprecated and will be removed in a future version of pandas. See the What's New notes for pandas 2.1.0 for details. Specify future_stack=True to adopt the new implementation and silence this warning.
  long = sales_clean.stack(dropna=False).reset_index()
J:\Toni\Vibing\VN2_Opus\forecaster.py:57: FutureWarning: The previous implementation of stack is deprecated and will be removed in a future version of pandas. See the What's New notes for pandas 2.1.0 for details. Specify future_stack=True to adopt the new implementation and silence this warning.
  long = sales_clean.stack(dropna=False).reset_index()
J:\Toni\Vibing\VN2_Opus\forecaster.py:57: FutureWarning: The previous implementation of stack is deprecated and will be removed in a future version of pandas. See the What's New notes for pandas 2.1.0 for details. Specify future_stack=True to adopt the new implementation and silence this warning.
  long = sales_clean.stack(dropna=False).reset_index()
J:\Toni\Vibing\VN2_Opus\forecaster.py:57: FutureWarning: The previous implementation of stack is deprecated and will be removed in a future version of pandas. See the What's New notes for pandas 2.1.0 for details. Specify future_stack=True to adopt the new implementation and silence this warning.
  long = sales_clean.stack(dropna=False).reset_index()
[I 2026-04-21 16:27:53,169] Trial 6 finished with value: 3694.55 and parameters: {'w_ma': 0.4089310277626781, 'w_lgb_share': 0.7428139697551568, 'multiplier': 1.0496347037278972, 'safety_units': 0.09533752542903545, 'lgb_n_estimators': 212, 'lgb_lr': 0.04437646484324404, 'lgb_num_leaves': 38, 'lgb_min_child_samples': 19, 'lgb_subsample': 0.9218031856440816, 'lgb_colsample': 0.8180537312904873, 'lgb_reg_alpha': 0.05979712296915085, 'lgb_reg_lambda': 0.3566223936114975, 'cb_iterations': 302, 'cb_lr': 0.058965932579073885, 'cb_depth': 8, 'cb_l2': 4.9627735781863445}. Best is trial 2 with value: 3621.6499999999996.
J:\Toni\Vibing\VN2_Opus\forecaster.py:57: FutureWarning: The previous implementation of stack is deprecated and will be removed in a future version of pandas. See the What's New notes for pandas 2.1.0 for details. Specify future_stack=True to adopt the new implementation and silence this warning.
  long = sales_clean.stack(dropna=False).reset_index()
J:\Toni\Vibing\VN2_Opus\forecaster.py:57: FutureWarning: The previous implementation of stack is deprecated and will be removed in a future version of pandas. See the What's New notes for pandas 2.1.0 for details. Specify future_stack=True to adopt the new implementation and silence this warning.
  long = sales_clean.stack(dropna=False).reset_index()
J:\Toni\Vibing\VN2_Opus\forecaster.py:57: FutureWarning: The previous implementation of stack is deprecated and will be removed in a future version of pandas. See the What's New notes for pandas 2.1.0 for details. Specify future_stack=True to adopt the new implementation and silence this warning.
  long = sales_clean.stack(dropna=False).reset_index()
J:\Toni\Vibing\VN2_Opus\forecaster.py:57: FutureWarning: The previous implementation of stack is deprecated and will be removed in a future version of pandas. See the What's New notes for pandas 2.1.0 for details. Specify future_stack=True to adopt the new implementation and silence this warning.
  long = sales_clean.stack(dropna=False).reset_index()
[I 2026-04-21 16:28:03,714] Trial 7 finished with value: 3682.05 and parameters: {'w_ma': 0.30681984881459823, 'w_lgb_share': 0.6351475600972023, 'multiplier': 1.0038128690116144, 'safety_units': 0.16183714048995668, 'lgb_n_estimators': 156, 'lgb_lr': 0.06454858584898995, 'lgb_num_leaves': 28, 'lgb_min_child_samples': 17, 'lgb_subsample': 0.9268916184815232, 'lgb_colsample': 0.7623230572872187, 'lgb_reg_alpha': 0.20519146151781487, 'lgb_reg_lambda': 0.37777556927152434, 'cb_iterations': 195, 'cb_lr': 0.03291337465318178, 'cb_depth': 6, 'cb_l2': 2.9673277235240265}. Best is trial 2 with value: 3621.6499999999996.
J:\Toni\Vibing\VN2_Opus\forecaster.py:57: FutureWarning: The previous implementation of stack is deprecated and will be removed in a future version of pandas. See the What's New notes for pandas 2.1.0 for details. Specify future_stack=True to adopt the new implementation and silence this warning.
  long = sales_clean.stack(dropna=False).reset_index()
J:\Toni\Vibing\VN2_Opus\forecaster.py:57: FutureWarning: The previous implementation of stack is deprecated and will be removed in a future version of pandas. See the What's New notes for pandas 2.1.0 for details. Specify future_stack=True to adopt the new implementation and silence this warning.
  long = sales_clean.stack(dropna=False).reset_index()
J:\Toni\Vibing\VN2_Opus\forecaster.py:57: FutureWarning: The previous implementation of stack is deprecated and will be removed in a future version of pandas. See the What's New notes for pandas 2.1.0 for details. Specify future_stack=True to adopt the new implementation and silence this warning.
  long = sales_clean.stack(dropna=False).reset_index()
J:\Toni\Vibing\VN2_Opus\forecaster.py:57: FutureWarning: The previous implementation of stack is deprecated and will be removed in a future version of pandas. See the What's New notes for pandas 2.1.0 for details. Specify future_stack=True to adopt the new implementation and silence this warning.
  long = sales_clean.stack(dropna=False).reset_index()
[I 2026-04-21 16:28:25,491] Trial 8 finished with value: 3784.4 and parameters: {'w_ma': 0.4289092957027719, 'w_lgb_share': 0.8444662087604293, 'multiplier': 1.0950105634765634, 'safety_units': 1.3071908852815766, 'lgb_n_estimators': 311, 'lgb_lr': 0.037555605899398575, 'lgb_num_leaves': 43, 'lgb_min_child_samples': 17, 'lgb_subsample': 0.9018600387910156, 'lgb_colsample': 0.9240228249808733, 'lgb_reg_alpha': 0.15900173748593194, 'lgb_reg_lambda': 0.05502596226383838, 'cb_iterations': 195, 'cb_lr': 0.05017031633226902, 'cb_depth': 8, 'cb_l2': 7.164383499538061}. Best is trial 2 with value: 3621.6499999999996.
J:\Toni\Vibing\VN2_Opus\forecaster.py:57: FutureWarning: The previous implementation of stack is deprecated and will be removed in a future version of pandas. See the What's New notes for pandas 2.1.0 for details. Specify future_stack=True to adopt the new implementation and silence this warning.
  long = sales_clean.stack(dropna=False).reset_index()
J:\Toni\Vibing\VN2_Opus\forecaster.py:57: FutureWarning: The previous implementation of stack is deprecated and will be removed in a future version of pandas. See the What's New notes for pandas 2.1.0 for details. Specify future_stack=True to adopt the new implementation and silence this warning.
  long = sales_clean.stack(dropna=False).reset_index()
J:\Toni\Vibing\VN2_Opus\forecaster.py:57: FutureWarning: The previous implementation of stack is deprecated and will be removed in a future version of pandas. See the What's New notes for pandas 2.1.0 for details. Specify future_stack=True to adopt the new implementation and silence this warning.
  long = sales_clean.stack(dropna=False).reset_index()
J:\Toni\Vibing\VN2_Opus\forecaster.py:57: FutureWarning: The previous implementation of stack is deprecated and will be removed in a future version of pandas. See the What's New notes for pandas 2.1.0 for details. Specify future_stack=True to adopt the new implementation and silence this warning.
  long = sales_clean.stack(dropna=False).reset_index()
[I 2026-04-21 16:28:39,791] Trial 9 finished with value: 3657.9000000000005 and parameters: {'w_ma': 0.15208563915935722, 'w_lgb_share': 0.6809110164176612, 'multiplier': 1.0626116504723169, 'safety_units': 0.3331617157060954, 'lgb_n_estimators': 174, 'lgb_lr': 0.04504567010596105, 'lgb_num_leaves': 44, 'lgb_min_child_samples': 13, 'lgb_subsample': 0.8296976554358415, 'lgb_colsample': 0.8757547397237944, 'lgb_reg_alpha': 0.181814801189647, 'lgb_reg_lambda': 0.48589104136048034, 'cb_iterations': 343, 'cb_lr': 0.040623081643287436, 'cb_depth': 6, 'cb_l2': 3.805269858900618}. Best is trial 2 with value: 3621.6499999999996.
J:\Toni\Vibing\VN2_Opus\forecaster.py:57: FutureWarning: The previous implementation of stack is deprecated and will be removed in a future version of pandas. See the What's New notes for pandas 2.1.0 for details. Specify future_stack=True to adopt the new implementation and silence this warning.
  long = sales_clean.stack(dropna=False).reset_index()
J:\Toni\Vibing\VN2_Opus\forecaster.py:57: FutureWarning: The previous implementation of stack is deprecated and will be removed in a future version of pandas. See the What's New notes for pandas 2.1.0 for details. Specify future_stack=True to adopt the new implementation and silence this warning.
  long = sales_clean.stack(dropna=False).reset_index()
J:\Toni\Vibing\VN2_Opus\forecaster.py:57: FutureWarning: The previous implementation of stack is deprecated and will be removed in a future version of pandas. See the What's New notes for pandas 2.1.0 for details. Specify future_stack=True to adopt the new implementation and silence this warning.
  long = sales_clean.stack(dropna=False).reset_index()
J:\Toni\Vibing\VN2_Opus\forecaster.py:57: FutureWarning: The previous implementation of stack is deprecated and will be removed in a future version of pandas. See the What's New notes for pandas 2.1.0 for details. Specify future_stack=True to adopt the new implementation and silence this warning.
  long = sales_clean.stack(dropna=False).reset_index()
[I 2026-04-21 16:28:55,203] Trial 10 finished with value: 3632.65 and parameters: {'w_ma': 0.37470146622083356, 'w_lgb_share': 0.4032984506256995, 'multiplier': 1.0375821839526562, 'safety_units': 0.5774020509375275, 'lgb_n_estimators': 276, 'lgb_lr': 0.06887106177341837, 'lgb_num_leaves': 23, 'lgb_min_child_samples': 8, 'lgb_subsample': 0.7793425073446506, 'lgb_colsample': 0.7030777923912344, 'lgb_reg_alpha': 0.4837682171881089, 'lgb_reg_lambda': 0.21997460226414123, 'cb_iterations': 260, 'cb_lr': 0.09267985480780709, 'cb_depth': 7, 'cb_l2': 6.716448625177554}. Best is trial 2 with value: 3621.6499999999996.
J:\Toni\Vibing\VN2_Opus\forecaster.py:57: FutureWarning: The previous implementation of stack is deprecated and will be removed in a future version of pandas. See the What's New notes for pandas 2.1.0 for details. Specify future_stack=True to adopt the new implementation and silence this warning.
  long = sales_clean.stack(dropna=False).reset_index()
J:\Toni\Vibing\VN2_Opus\forecaster.py:57: FutureWarning: The previous implementation of stack is deprecated and will be removed in a future version of pandas. See the What's New notes for pandas 2.1.0 for details. Specify future_stack=True to adopt the new implementation and silence this warning.
  long = sales_clean.stack(dropna=False).reset_index()
J:\Toni\Vibing\VN2_Opus\forecaster.py:57: FutureWarning: The previous implementation of stack is deprecated and will be removed in a future version of pandas. See the What's New notes for pandas 2.1.0 for details. Specify future_stack=True to adopt the new implementation and silence this warning.
  long = sales_clean.stack(dropna=False).reset_index()
J:\Toni\Vibing\VN2_Opus\forecaster.py:57: FutureWarning: The previous implementation of stack is deprecated and will be removed in a future version of pandas. See the What's New notes for pandas 2.1.0 for details. Specify future_stack=True to adopt the new implementation and silence this warning.
  long = sales_clean.stack(dropna=False).reset_index()
[I 2026-04-21 16:29:07,120] Trial 11 finished with value: 3622.55 and parameters: {'w_ma': 0.25255202750975225, 'w_lgb_share': 0.5737296858874217, 'multiplier': 1.0817372972348562, 'safety_units': 0.5813913060959415, 'lgb_n_estimators': 257, 'lgb_lr': 0.05101034724277597, 'lgb_num_leaves': 30, 'lgb_min_child_samples': 9, 'lgb_subsample': 0.7869083576241456, 'lgb_colsample': 0.9471102889462563, 'lgb_reg_alpha': 0.10930391177539876, 'lgb_reg_lambda': 0.04800879616285846, 'cb_iterations': 165, 'cb_lr': 0.09153271812090918, 'cb_depth': 7, 'cb_l2': 2.0295242801296838}. Best is trial 2 with value: 3621.6499999999996.
J:\Toni\Vibing\VN2_Opus\forecaster.py:57: FutureWarning: The previous implementation of stack is deprecated and will be removed in a future version of pandas. See the What's New notes for pandas 2.1.0 for details. Specify future_stack=True to adopt the new implementation and silence this warning.
  long = sales_clean.stack(dropna=False).reset_index()
J:\Toni\Vibing\VN2_Opus\forecaster.py:57: FutureWarning: The previous implementation of stack is deprecated and will be removed in a future version of pandas. See the What's New notes for pandas 2.1.0 for details. Specify future_stack=True to adopt the new implementation and silence this warning.
  long = sales_clean.stack(dropna=False).reset_index()
J:\Toni\Vibing\VN2_Opus\forecaster.py:57: FutureWarning: The previous implementation of stack is deprecated and will be removed in a future version of pandas. See the What's New notes for pandas 2.1.0 for details. Specify future_stack=True to adopt the new implementation and silence this warning.
  long = sales_clean.stack(dropna=False).reset_index()
J:\Toni\Vibing\VN2_Opus\forecaster.py:57: FutureWarning: The previous implementation of stack is deprecated and will be removed in a future version of pandas. See the What's New notes for pandas 2.1.0 for details. Specify future_stack=True to adopt the new implementation and silence this warning.
  long = sales_clean.stack(dropna=False).reset_index()
[I 2026-04-21 16:29:20,270] Trial 12 finished with value: 3642.0 and parameters: {'w_ma': 0.2125365047810452, 'w_lgb_share': 0.5653757520231861, 'multiplier': 1.094998443311157, 'safety_units': 0.4650558406584023, 'lgb_n_estimators': 259, 'lgb_lr': 0.05951994421516335, 'lgb_num_leaves': 26, 'lgb_min_child_samples': 8, 'lgb_subsample': 0.7817170990586831, 'lgb_colsample': 0.9423958413181036, 'lgb_reg_alpha': 0.12305998322298536, 'lgb_reg_lambda': 0.12974457212271603, 'cb_iterations': 166, 'cb_lr': 0.09566334584810225, 'cb_depth': 7, 'cb_l2': 2.0146350912704336}. Best is trial 2 with value: 3621.6499999999996.
J:\Toni\Vibing\VN2_Opus\forecaster.py:57: FutureWarning: The previous implementation of stack is deprecated and will be removed in a future version of pandas. See the What's New notes for pandas 2.1.0 for details. Specify future_stack=True to adopt the new implementation and silence this warning.
  long = sales_clean.stack(dropna=False).reset_index()
J:\Toni\Vibing\VN2_Opus\forecaster.py:57: FutureWarning: The previous implementation of stack is deprecated and will be removed in a future version of pandas. See the What's New notes for pandas 2.1.0 for details. Specify future_stack=True to adopt the new implementation and silence this warning.
  long = sales_clean.stack(dropna=False).reset_index()
J:\Toni\Vibing\VN2_Opus\forecaster.py:57: FutureWarning: The previous implementation of stack is deprecated and will be removed in a future version of pandas. See the What's New notes for pandas 2.1.0 for details. Specify future_stack=True to adopt the new implementation and silence this warning.
  long = sales_clean.stack(dropna=False).reset_index()
J:\Toni\Vibing\VN2_Opus\forecaster.py:57: FutureWarning: The previous implementation of stack is deprecated and will be removed in a future version of pandas. See the What's New notes for pandas 2.1.0 for details. Specify future_stack=True to adopt the new implementation and silence this warning.
  long = sales_clean.stack(dropna=False).reset_index()
[I 2026-04-21 16:29:36,504] Trial 13 finished with value: 3696.2000000000003 and parameters: {'w_ma': 0.2103213629121215, 'w_lgb_share': 0.5695813733395935, 'multiplier': 1.114306993225152, 'safety_units': 0.8594087358349092, 'lgb_n_estimators': 288, 'lgb_lr': 0.031468480952940366, 'lgb_num_leaves': 31, 'lgb_min_child_samples': 13, 'lgb_subsample': 0.8620686695388826, 'lgb_colsample': 0.8803533410037404, 'lgb_reg_alpha': 0.29547903151062715, 'lgb_reg_lambda': 0.2659539935040305, 'cb_iterations': 266, 'cb_lr': 0.07198394964142925, 'cb_depth': 7, 'cb_l2': 2.058770404235542}. Best is trial 2 with value: 3621.6499999999996.
J:\Toni\Vibing\VN2_Opus\forecaster.py:57: FutureWarning: The previous implementation of stack is deprecated and will be removed in a future version of pandas. See the What's New notes for pandas 2.1.0 for details. Specify future_stack=True to adopt the new implementation and silence this warning.
  long = sales_clean.stack(dropna=False).reset_index()
J:\Toni\Vibing\VN2_Opus\forecaster.py:57: FutureWarning: The previous implementation of stack is deprecated and will be removed in a future version of pandas. See the What's New notes for pandas 2.1.0 for details. Specify future_stack=True to adopt the new implementation and silence this warning.
  long = sales_clean.stack(dropna=False).reset_index()
J:\Toni\Vibing\VN2_Opus\forecaster.py:57: FutureWarning: The previous implementation of stack is deprecated and will be removed in a future version of pandas. See the What's New notes for pandas 2.1.0 for details. Specify future_stack=True to adopt the new implementation and silence this warning.
  long = sales_clean.stack(dropna=False).reset_index()
J:\Toni\Vibing\VN2_Opus\forecaster.py:57: FutureWarning: The previous implementation of stack is deprecated and will be removed in a future version of pandas. See the What's New notes for pandas 2.1.0 for details. Specify future_stack=True to adopt the new implementation and silence this warning.
  long = sales_clean.stack(dropna=False).reset_index()
[I 2026-04-21 16:29:50,600] Trial 14 finished with value: 3684.75 and parameters: {'w_ma': 0.3474870047749844, 'w_lgb_share': 0.7841792391784613, 'multiplier': 1.0855886030800606, 'safety_units': 0.761237646209035, 'lgb_n_estimators': 240, 'lgb_lr': 0.04194284973189465, 'lgb_num_leaves': 26, 'lgb_min_child_samples': 20, 'lgb_subsample': 0.7547945045891832, 'lgb_colsample': 0.9413081294697986, 'lgb_reg_alpha': 0.10217848168103105, 'lgb_reg_lambda': 0.2523441088810436, 'cb_iterations': 152, 'cb_lr': 0.0811844021406037, 'cb_depth': 7, 'cb_l2': 3.9749046739167233}. Best is trial 2 with value: 3621.6499999999996.
J:\Toni\Vibing\VN2_Opus\forecaster.py:57: FutureWarning: The previous implementation of stack is deprecated and will be removed in a future version of pandas. See the What's New notes for pandas 2.1.0 for details. Specify future_stack=True to adopt the new implementation and silence this warning.
  long = sales_clean.stack(dropna=False).reset_index()
J:\Toni\Vibing\VN2_Opus\forecaster.py:57: FutureWarning: The previous implementation of stack is deprecated and will be removed in a future version of pandas. See the What's New notes for pandas 2.1.0 for details. Specify future_stack=True to adopt the new implementation and silence this warning.
  long = sales_clean.stack(dropna=False).reset_index()
J:\Toni\Vibing\VN2_Opus\forecaster.py:57: FutureWarning: The previous implementation of stack is deprecated and will be removed in a future version of pandas. See the What's New notes for pandas 2.1.0 for details. Specify future_stack=True to adopt the new implementation and silence this warning.
  long = sales_clean.stack(dropna=False).reset_index()
J:\Toni\Vibing\VN2_Opus\forecaster.py:57: FutureWarning: The previous implementation of stack is deprecated and will be removed in a future version of pandas. See the What's New notes for pandas 2.1.0 for details. Specify future_stack=True to adopt the new implementation and silence this warning.
  long = sales_clean.stack(dropna=False).reset_index()
[I 2026-04-21 16:30:03,833] Trial 15 finished with value: 3617.4500000000003 and parameters: {'w_ma': 0.2606457279368368, 'w_lgb_share': 0.5871221975359431, 'multiplier': 1.0566316410456784, 'safety_units': 0.3020454313843244, 'lgb_n_estimators': 236, 'lgb_lr': 0.051958094807713705, 'lgb_num_leaves': 33, 'lgb_min_child_samples': 12, 'lgb_subsample': 0.8134151339375717, 'lgb_colsample': 0.8997690668786013, 'lgb_reg_alpha': 0.23451813894614454, 'lgb_reg_lambda': 0.10667342974418059, 'cb_iterations': 241, 'cb_lr': 0.059211597598653985, 'cb_depth': 5, 'cb_l2': 5.839080032346741}. Best is trial 15 with value: 3617.4500000000003.
J:\Toni\Vibing\VN2_Opus\forecaster.py:57: FutureWarning: The previous implementation of stack is deprecated and will be removed in a future version of pandas. See the What's New notes for pandas 2.1.0 for details. Specify future_stack=True to adopt the new implementation and silence this warning.
  long = sales_clean.stack(dropna=False).reset_index()
J:\Toni\Vibing\VN2_Opus\forecaster.py:57: FutureWarning: The previous implementation of stack is deprecated and will be removed in a future version of pandas. See the What's New notes for pandas 2.1.0 for details. Specify future_stack=True to adopt the new implementation and silence this warning.
  long = sales_clean.stack(dropna=False).reset_index()
J:\Toni\Vibing\VN2_Opus\forecaster.py:57: FutureWarning: The previous implementation of stack is deprecated and will be removed in a future version of pandas. See the What's New notes for pandas 2.1.0 for details. Specify future_stack=True to adopt the new implementation and silence this warning.
  long = sales_clean.stack(dropna=False).reset_index()
J:\Toni\Vibing\VN2_Opus\forecaster.py:57: FutureWarning: The previous implementation of stack is deprecated and will be removed in a future version of pandas. See the What's New notes for pandas 2.1.0 for details. Specify future_stack=True to adopt the new implementation and silence this warning.
  long = sales_clean.stack(dropna=False).reset_index()
[I 2026-04-21 16:30:15,374] Trial 16 finished with value: 3621.3500000000004 and parameters: {'w_ma': 0.19321088792499538, 'w_lgb_share': 0.4774581124690911, 'multiplier': 1.0484242496147125, 'safety_units': 0.2925354872020189, 'lgb_n_estimators': 238, 'lgb_lr': 0.0779401757053905, 'lgb_num_leaves': 24, 'lgb_min_child_samples': 13, 'lgb_subsample': 0.879684883323062, 'lgb_colsample': 0.8448540568445341, 'lgb_reg_alpha': 0.2694963128338979, 'lgb_reg_lambda': 0.16618382268736898, 'cb_iterations': 239, 'cb_lr': 0.05739087456177081, 'cb_depth': 5, 'cb_l2': 6.066197320027573}. Best is trial 15 with value: 3617.4500000000003.
J:\Toni\Vibing\VN2_Opus\forecaster.py:57: FutureWarning: The previous implementation of stack is deprecated and will be removed in a future version of pandas. See the What's New notes for pandas 2.1.0 for details. Specify future_stack=True to adopt the new implementation and silence this warning.
  long = sales_clean.stack(dropna=False).reset_index()
J:\Toni\Vibing\VN2_Opus\forecaster.py:57: FutureWarning: The previous implementation of stack is deprecated and will be removed in a future version of pandas. See the What's New notes for pandas 2.1.0 for details. Specify future_stack=True to adopt the new implementation and silence this warning.
  long = sales_clean.stack(dropna=False).reset_index()
J:\Toni\Vibing\VN2_Opus\forecaster.py:57: FutureWarning: The previous implementation of stack is deprecated and will be removed in a future version of pandas. See the What's New notes for pandas 2.1.0 for details. Specify future_stack=True to adopt the new implementation and silence this warning.
  long = sales_clean.stack(dropna=False).reset_index()
J:\Toni\Vibing\VN2_Opus\forecaster.py:57: FutureWarning: The previous implementation of stack is deprecated and will be removed in a future version of pandas. See the What's New notes for pandas 2.1.0 for details. Specify future_stack=True to adopt the new implementation and silence this warning.
  long = sales_clean.stack(dropna=False).reset_index()
[I 2026-04-21 16:30:34,241] Trial 17 finished with value: 3645.6500000000005 and parameters: {'w_ma': 0.18516967755901942, 'w_lgb_share': 0.43408048042440395, 'multiplier': 1.0361061641665383, 'safety_units': 0.25179697268795753, 'lgb_n_estimators': 233, 'lgb_lr': 0.0789338478138121, 'lgb_num_leaves': 34, 'lgb_min_child_samples': 12, 'lgb_subsample': 0.8699897395118878, 'lgb_colsample': 0.8479280862124833, 'lgb_reg_alpha': 0.27519320994692575, 'lgb_reg_lambda': 0.14857866133738187, 'cb_iterations': 240, 'cb_lr': 0.058827302679524955, 'cb_depth': 5, 'cb_l2': 6.18655816395949}. Best is trial 15 with value: 3617.4500000000003.
J:\Toni\Vibing\VN2_Opus\forecaster.py:57: FutureWarning: The previous implementation of stack is deprecated and will be removed in a future version of pandas. See the What's New notes for pandas 2.1.0 for details. Specify future_stack=True to adopt the new implementation and silence this warning.
  long = sales_clean.stack(dropna=False).reset_index()
J:\Toni\Vibing\VN2_Opus\forecaster.py:57: FutureWarning: The previous implementation of stack is deprecated and will be removed in a future version of pandas. See the What's New notes for pandas 2.1.0 for details. Specify future_stack=True to adopt the new implementation and silence this warning.
  long = sales_clean.stack(dropna=False).reset_index()
J:\Toni\Vibing\VN2_Opus\forecaster.py:57: FutureWarning: The previous implementation of stack is deprecated and will be removed in a future version of pandas. See the What's New notes for pandas 2.1.0 for details. Specify future_stack=True to adopt the new implementation and silence this warning.
  long = sales_clean.stack(dropna=False).reset_index()
J:\Toni\Vibing\VN2_Opus\forecaster.py:57: FutureWarning: The previous implementation of stack is deprecated and will be removed in a future version of pandas. See the What's New notes for pandas 2.1.0 for details. Specify future_stack=True to adopt the new implementation and silence this warning.
  long = sales_clean.stack(dropna=False).reset_index()
[I 2026-04-21 16:30:45,984] Trial 18 finished with value: 3664.3999999999996 and parameters: {'w_ma': 0.19791569295589817, 'w_lgb_share': 0.48298516236214295, 'multiplier': 1.0475050408598743, 'safety_units': 0.03608916691070435, 'lgb_n_estimators': 233, 'lgb_lr': 0.07437690973855969, 'lgb_num_leaves': 23, 'lgb_min_child_samples': 15, 'lgb_subsample': 0.8980089429729894, 'lgb_colsample': 0.8480689452865229, 'lgb_reg_alpha': 0.3634251981592478, 'lgb_reg_lambda': 0.10081888584047599, 'cb_iterations': 231, 'cb_lr': 0.06836419157833218, 'cb_depth': 5, 'cb_l2': 7.839590077362333}. Best is trial 15 with value: 3617.4500000000003.
J:\Toni\Vibing\VN2_Opus\forecaster.py:57: FutureWarning: The previous implementation of stack is deprecated and will be removed in a future version of pandas. See the What's New notes for pandas 2.1.0 for details. Specify future_stack=True to adopt the new implementation and silence this warning.
  long = sales_clean.stack(dropna=False).reset_index()
J:\Toni\Vibing\VN2_Opus\forecaster.py:57: FutureWarning: The previous implementation of stack is deprecated and will be removed in a future version of pandas. See the What's New notes for pandas 2.1.0 for details. Specify future_stack=True to adopt the new implementation and silence this warning.
  long = sales_clean.stack(dropna=False).reset_index()
J:\Toni\Vibing\VN2_Opus\forecaster.py:57: FutureWarning: The previous implementation of stack is deprecated and will be removed in a future version of pandas. See the What's New notes for pandas 2.1.0 for details. Specify future_stack=True to adopt the new implementation and silence this warning.
  long = sales_clean.stack(dropna=False).reset_index()
J:\Toni\Vibing\VN2_Opus\forecaster.py:57: FutureWarning: The previous implementation of stack is deprecated and will be removed in a future version of pandas. See the What's New notes for pandas 2.1.0 for details. Specify future_stack=True to adopt the new implementation and silence this warning.
  long = sales_clean.stack(dropna=False).reset_index()
[I 2026-04-21 16:31:02,945] Trial 19 finished with value: 3653.0500000000006 and parameters: {'w_ma': 0.275868352726695, 'w_lgb_share': 0.5070684709809017, 'multiplier': 1.0218220383710774, 'safety_units': 0.2892595647402004, 'lgb_n_estimators': 304, 'lgb_lr': 0.05748110886977218, 'lgb_num_leaves': 20, 'lgb_min_child_samples': 11, 'lgb_subsample': 0.8345291893432413, 'lgb_colsample': 0.7896695880462968, 'lgb_reg_alpha': 0.23084756173292895, 'lgb_reg_lambda': 0.18414304984562058, 'cb_iterations': 284, 'cb_lr': 0.04695840676013579, 'cb_depth': 5, 'cb_l2': 5.709304058530321}. Best is trial 15 with value: 3617.4500000000003.
J:\Toni\Vibing\VN2_Opus\forecaster.py:57: FutureWarning: The previous implementation of stack is deprecated and will be removed in a future version of pandas. See the What's New notes for pandas 2.1.0 for details. Specify future_stack=True to adopt the new implementation and silence this warning.
  long = sales_clean.stack(dropna=False).reset_index()
J:\Toni\Vibing\VN2_Opus\forecaster.py:57: FutureWarning: The previous implementation of stack is deprecated and will be removed in a future version of pandas. See the What's New notes for pandas 2.1.0 for details. Specify future_stack=True to adopt the new implementation and silence this warning.
  long = sales_clean.stack(dropna=False).reset_index()
J:\Toni\Vibing\VN2_Opus\forecaster.py:57: FutureWarning: The previous implementation of stack is deprecated and will be removed in a future version of pandas. See the What's New notes for pandas 2.1.0 for details. Specify future_stack=True to adopt the new implementation and silence this warning.
  long = sales_clean.stack(dropna=False).reset_index()
J:\Toni\Vibing\VN2_Opus\forecaster.py:57: FutureWarning: The previous implementation of stack is deprecated and will be removed in a future version of pandas. See the What's New notes for pandas 2.1.0 for details. Specify future_stack=True to adopt the new implementation and silence this warning.
  long = sales_clean.stack(dropna=False).reset_index()
[I 2026-04-21 16:31:14,703] Trial 20 finished with value: 3755.4000000000005 and parameters: {'w_ma': 0.22823758848117107, 'w_lgb_share': 0.6026109936199172, 'multiplier': 1.0038102899062191, 'safety_units': 0.00834631618979964, 'lgb_n_estimators': 189, 'lgb_lr': 0.08732658187930051, 'lgb_num_leaves': 34, 'lgb_min_child_samples': 20, 'lgb_subsample': 0.9470728645241978, 'lgb_colsample': 0.853115152592539, 'lgb_reg_alpha': 0.3211383683152219, 'lgb_reg_lambda': 0.30667023878271665, 'cb_iterations': 217, 'cb_lr': 0.057235677385808224, 'cb_depth': 5, 'cb_l2': 5.715352325820639}. Best is trial 15 with value: 3617.4500000000003.
J:\Toni\Vibing\VN2_Opus\forecaster.py:57: FutureWarning: The previous implementation of stack is deprecated and will be removed in a future version of pandas. See the What's New notes for pandas 2.1.0 for details. Specify future_stack=True to adopt the new implementation and silence this warning.
  long = sales_clean.stack(dropna=False).reset_index()
J:\Toni\Vibing\VN2_Opus\forecaster.py:57: FutureWarning: The previous implementation of stack is deprecated and will be removed in a future version of pandas. See the What's New notes for pandas 2.1.0 for details. Specify future_stack=True to adopt the new implementation and silence this warning.
  long = sales_clean.stack(dropna=False).reset_index()
J:\Toni\Vibing\VN2_Opus\forecaster.py:57: FutureWarning: The previous implementation of stack is deprecated and will be removed in a future version of pandas. See the What's New notes for pandas 2.1.0 for details. Specify future_stack=True to adopt the new implementation and silence this warning.
  long = sales_clean.stack(dropna=False).reset_index()
J:\Toni\Vibing\VN2_Opus\forecaster.py:57: FutureWarning: The previous implementation of stack is deprecated and will be removed in a future version of pandas. See the What's New notes for pandas 2.1.0 for details. Specify future_stack=True to adopt the new implementation and silence this warning.
  long = sales_clean.stack(dropna=False).reset_index()
[I 2026-04-21 16:31:28,269] Trial 21 finished with value: 3628.3500000000004 and parameters: {'w_ma': 0.23813622710142388, 'w_lgb_share': 0.628128831776596, 'multiplier': 1.0625911823830565, 'safety_units': 0.42420507770578053, 'lgb_n_estimators': 272, 'lgb_lr': 0.03964337901191778, 'lgb_num_leaves': 26, 'lgb_min_child_samples': 15, 'lgb_subsample': 0.8157354586345856, 'lgb_colsample': 0.9050660364401393, 'lgb_reg_alpha': 0.2553094523096271, 'lgb_reg_lambda': 0.2059771845711414, 'cb_iterations': 273, 'cb_lr': 0.045423462009329736, 'cb_depth': 5, 'cb_l2': 4.783538125480706}. Best is trial 15 with value: 3617.4500000000003.
J:\Toni\Vibing\VN2_Opus\forecaster.py:57: FutureWarning: The previous implementation of stack is deprecated and will be removed in a future version of pandas. See the What's New notes for pandas 2.1.0 for details. Specify future_stack=True to adopt the new implementation and silence this warning.
  long = sales_clean.stack(dropna=False).reset_index()
J:\Toni\Vibing\VN2_Opus\forecaster.py:57: FutureWarning: The previous implementation of stack is deprecated and will be removed in a future version of pandas. See the What's New notes for pandas 2.1.0 for details. Specify future_stack=True to adopt the new implementation and silence this warning.
  long = sales_clean.stack(dropna=False).reset_index()
J:\Toni\Vibing\VN2_Opus\forecaster.py:57: FutureWarning: The previous implementation of stack is deprecated and will be removed in a future version of pandas. See the What's New notes for pandas 2.1.0 for details. Specify future_stack=True to adopt the new implementation and silence this warning.
  long = sales_clean.stack(dropna=False).reset_index()
J:\Toni\Vibing\VN2_Opus\forecaster.py:57: FutureWarning: The previous implementation of stack is deprecated and will be removed in a future version of pandas. See the What's New notes for pandas 2.1.0 for details. Specify future_stack=True to adopt the new implementation and silence this warning.
  long = sales_clean.stack(dropna=False).reset_index()
[I 2026-04-21 16:31:43,578] Trial 22 finished with value: 3636.05 and parameters: {'w_ma': 0.3385580683205146, 'w_lgb_share': 0.5286990576661988, 'multiplier': 1.0624001643462133, 'safety_units': 0.46031605304469514, 'lgb_n_estimators': 218, 'lgb_lr': 0.054476677812313454, 'lgb_num_leaves': 28, 'lgb_min_child_samples': 14, 'lgb_subsample': 0.8767103989410748, 'lgb_colsample': 0.9030037812171734, 'lgb_reg_alpha': 0.3642169635218125, 'lgb_reg_lambda': 0.08989303730126905, 'cb_iterations': 249, 'cb_lr': 0.030197808573809517, 'cb_depth': 6, 'cb_l2': 6.482374357897328}. Best is trial 15 with value: 3617.4500000000003.
J:\Toni\Vibing\VN2_Opus\forecaster.py:57: FutureWarning: The previous implementation of stack is deprecated and will be removed in a future version of pandas. See the What's New notes for pandas 2.1.0 for details. Specify future_stack=True to adopt the new implementation and silence this warning.
  long = sales_clean.stack(dropna=False).reset_index()
J:\Toni\Vibing\VN2_Opus\forecaster.py:57: FutureWarning: The previous implementation of stack is deprecated and will be removed in a future version of pandas. See the What's New notes for pandas 2.1.0 for details. Specify future_stack=True to adopt the new implementation and silence this warning.
  long = sales_clean.stack(dropna=False).reset_index()
J:\Toni\Vibing\VN2_Opus\forecaster.py:57: FutureWarning: The previous implementation of stack is deprecated and will be removed in a future version of pandas. See the What's New notes for pandas 2.1.0 for details. Specify future_stack=True to adopt the new implementation and silence this warning.
  long = sales_clean.stack(dropna=False).reset_index()
J:\Toni\Vibing\VN2_Opus\forecaster.py:57: FutureWarning: The previous implementation of stack is deprecated and will be removed in a future version of pandas. See the What's New notes for pandas 2.1.0 for details. Specify future_stack=True to adopt the new implementation and silence this warning.
  long = sales_clean.stack(dropna=False).reset_index()
[I 2026-04-21 16:31:58,224] Trial 23 finished with value: 3627.25 and parameters: {'w_ma': 0.18121509047525108, 'w_lgb_share': 0.7816460458058598, 'multiplier': 1.0515424491447296, 'safety_units': 0.19559730310452622, 'lgb_n_estimators': 250, 'lgb_lr': 0.03080966715275005, 'lgb_num_leaves': 28, 'lgb_min_child_samples': 12, 'lgb_subsample': 0.8129369909118689, 'lgb_colsample': 0.8689530468606287, 'lgb_reg_alpha': 0.15248513174293576, 'lgb_reg_lambda': 0.2999884353743616, 'cb_iterations': 284, 'cb_lr': 0.06394667181840662, 'cb_depth': 5, 'cb_l2': 5.587336762906353}. Best is trial 15 with value: 3617.4500000000003.
J:\Toni\Vibing\VN2_Opus\forecaster.py:57: FutureWarning: The previous implementation of stack is deprecated and will be removed in a future version of pandas. See the What's New notes for pandas 2.1.0 for details. Specify future_stack=True to adopt the new implementation and silence this warning.
  long = sales_clean.stack(dropna=False).reset_index()
J:\Toni\Vibing\VN2_Opus\forecaster.py:57: FutureWarning: The previous implementation of stack is deprecated and will be removed in a future version of pandas. See the What's New notes for pandas 2.1.0 for details. Specify future_stack=True to adopt the new implementation and silence this warning.
  long = sales_clean.stack(dropna=False).reset_index()
J:\Toni\Vibing\VN2_Opus\forecaster.py:57: FutureWarning: The previous implementation of stack is deprecated and will be removed in a future version of pandas. See the What's New notes for pandas 2.1.0 for details. Specify future_stack=True to adopt the new implementation and silence this warning.
  long = sales_clean.stack(dropna=False).reset_index()
J:\Toni\Vibing\VN2_Opus\forecaster.py:57: FutureWarning: The previous implementation of stack is deprecated and will be removed in a future version of pandas. See the What's New notes for pandas 2.1.0 for details. Specify future_stack=True to adopt the new implementation and silence this warning.
  long = sales_clean.stack(dropna=False).reset_index()
[I 2026-04-21 16:32:10,781] Trial 24 finished with value: 3645.7999999999997 and parameters: {'w_ma': 0.2521266257039219, 'w_lgb_share': 0.45934906149131344, 'multiplier': 1.025430030421608, 'safety_units': 0.3409730730008394, 'lgb_n_estimators': 295, 'lgb_lr': 0.06469487196220665, 'lgb_num_leaves': 23, 'lgb_min_child_samples': 16, 'lgb_subsample': 0.8424133873924528, 'lgb_colsample': 0.9182760999139205, 'lgb_reg_alpha': 0.4443096783813314, 'lgb_reg_lambda': 0.22039954966787778, 'cb_iterations': 249, 'cb_lr': 0.0743330875747062, 'cb_depth': 6, 'cb_l2': 7.240550605928713}. Best is trial 15 with value: 3617.4500000000003.
J:\Toni\Vibing\VN2_Opus\forecaster.py:57: FutureWarning: The previous implementation of stack is deprecated and will be removed in a future version of pandas. See the What's New notes for pandas 2.1.0 for details. Specify future_stack=True to adopt the new implementation and silence this warning.
  long = sales_clean.stack(dropna=False).reset_index()
J:\Toni\Vibing\VN2_Opus\forecaster.py:57: FutureWarning: The previous implementation of stack is deprecated and will be removed in a future version of pandas. See the What's New notes for pandas 2.1.0 for details. Specify future_stack=True to adopt the new implementation and silence this warning.
  long = sales_clean.stack(dropna=False).reset_index()
J:\Toni\Vibing\VN2_Opus\forecaster.py:57: FutureWarning: The previous implementation of stack is deprecated and will be removed in a future version of pandas. See the What's New notes for pandas 2.1.0 for details. Specify future_stack=True to adopt the new implementation and silence this warning.
  long = sales_clean.stack(dropna=False).reset_index()
J:\Toni\Vibing\VN2_Opus\forecaster.py:57: FutureWarning: The previous implementation of stack is deprecated and will be removed in a future version of pandas. See the What's New notes for pandas 2.1.0 for details. Specify future_stack=True to adopt the new implementation and silence this warning.
  long = sales_clean.stack(dropna=False).reset_index()
[I 2026-04-21 16:32:26,065] Trial 25 finished with value: 3653.2 and parameters: {'w_ma': 0.1512807574895122, 'w_lgb_share': 0.6420735189268175, 'multiplier': 1.0673849309304815, 'safety_units': 0.4273848179802556, 'lgb_n_estimators': 321, 'lgb_lr': 0.048267441470276846, 'lgb_num_leaves': 32, 'lgb_min_child_samples': 13, 'lgb_subsample': 0.7602140863072124, 'lgb_colsample': 0.8389766584499533, 'lgb_reg_alpha': 0.21586665553869194, 'lgb_reg_lambda': 0.1261271086752085, 'cb_iterations': 218, 'cb_lr': 0.05266937690999994, 'cb_depth': 7, 'cb_l2': 4.526434121509218}. Best is trial 15 with value: 3617.4500000000003.
J:\Toni\Vibing\VN2_Opus\forecaster.py:57: FutureWarning: The previous implementation of stack is deprecated and will be removed in a future version of pandas. See the What's New notes for pandas 2.1.0 for details. Specify future_stack=True to adopt the new implementation and silence this warning.
  long = sales_clean.stack(dropna=False).reset_index()
J:\Toni\Vibing\VN2_Opus\forecaster.py:57: FutureWarning: The previous implementation of stack is deprecated and will be removed in a future version of pandas. See the What's New notes for pandas 2.1.0 for details. Specify future_stack=True to adopt the new implementation and silence this warning.
  long = sales_clean.stack(dropna=False).reset_index()
J:\Toni\Vibing\VN2_Opus\forecaster.py:57: FutureWarning: The previous implementation of stack is deprecated and will be removed in a future version of pandas. See the What's New notes for pandas 2.1.0 for details. Specify future_stack=True to adopt the new implementation and silence this warning.
  long = sales_clean.stack(dropna=False).reset_index()
J:\Toni\Vibing\VN2_Opus\forecaster.py:57: FutureWarning: The previous implementation of stack is deprecated and will be removed in a future version of pandas. See the What's New notes for pandas 2.1.0 for details. Specify future_stack=True to adopt the new implementation and silence this warning.
  long = sales_clean.stack(dropna=False).reset_index()
[I 2026-04-21 16:32:38,421] Trial 26 finished with value: 3637.75 and parameters: {'w_ma': 0.2768411906118262, 'w_lgb_share': 0.5360484595064049, 'multiplier': 1.0412194782913167, 'safety_units': 0.6955543602538596, 'lgb_n_estimators': 270, 'lgb_lr': 0.07434947615053172, 'lgb_num_leaves': 25, 'lgb_min_child_samples': 10, 'lgb_subsample': 0.888613110554936, 'lgb_colsample': 0.8855820340853083, 'lgb_reg_alpha': 0.40856863605145577, 'lgb_reg_lambda': 0.28857757037391396, 'cb_iterations': 277, 'cb_lr': 0.03715398005522043, 'cb_depth': 5, 'cb_l2': 6.092462154010146}. Best is trial 15 with value: 3617.4500000000003.
J:\Toni\Vibing\VN2_Opus\forecaster.py:57: FutureWarning: The previous implementation of stack is deprecated and will be removed in a future version of pandas. See the What's New notes for pandas 2.1.0 for details. Specify future_stack=True to adopt the new implementation and silence this warning.
  long = sales_clean.stack(dropna=False).reset_index()
J:\Toni\Vibing\VN2_Opus\forecaster.py:57: FutureWarning: The previous implementation of stack is deprecated and will be removed in a future version of pandas. See the What's New notes for pandas 2.1.0 for details. Specify future_stack=True to adopt the new implementation and silence this warning.
  long = sales_clean.stack(dropna=False).reset_index()
J:\Toni\Vibing\VN2_Opus\forecaster.py:57: FutureWarning: The previous implementation of stack is deprecated and will be removed in a future version of pandas. See the What's New notes for pandas 2.1.0 for details. Specify future_stack=True to adopt the new implementation and silence this warning.
  long = sales_clean.stack(dropna=False).reset_index()
J:\Toni\Vibing\VN2_Opus\forecaster.py:57: FutureWarning: The previous implementation of stack is deprecated and will be removed in a future version of pandas. See the What's New notes for pandas 2.1.0 for details. Specify future_stack=True to adopt the new implementation and silence this warning.
  long = sales_clean.stack(dropna=False).reset_index()
[I 2026-04-21 16:33:00,417] Trial 27 finished with value: 3721.55 and parameters: {'w_ma': 0.21383146267436837, 'w_lgb_share': 0.7350150739232268, 'multiplier': 1.0550583766887132, 'safety_units': 1.0020425627710932, 'lgb_n_estimators': 229, 'lgb_lr': 0.09679960339295929, 'lgb_num_leaves': 29, 'lgb_min_child_samples': 18, 'lgb_subsample': 0.8051399917078293, 'lgb_colsample': 0.8623885151378567, 'lgb_reg_alpha': 0.07017357890662504, 'lgb_reg_lambda': 0.18488297316576185, 'cb_iterations': 259, 'cb_lr': 0.054354687352074396, 'cb_depth': 8, 'cb_l2': 5.423128334554249}. Best is trial 15 with value: 3617.4500000000003.
J:\Toni\Vibing\VN2_Opus\forecaster.py:57: FutureWarning: The previous implementation of stack is deprecated and will be removed in a future version of pandas. See the What's New notes for pandas 2.1.0 for details. Specify future_stack=True to adopt the new implementation and silence this warning.
  long = sales_clean.stack(dropna=False).reset_index()
J:\Toni\Vibing\VN2_Opus\forecaster.py:57: FutureWarning: The previous implementation of stack is deprecated and will be removed in a future version of pandas. See the What's New notes for pandas 2.1.0 for details. Specify future_stack=True to adopt the new implementation and silence this warning.
  long = sales_clean.stack(dropna=False).reset_index()
J:\Toni\Vibing\VN2_Opus\forecaster.py:57: FutureWarning: The previous implementation of stack is deprecated and will be removed in a future version of pandas. See the What's New notes for pandas 2.1.0 for details. Specify future_stack=True to adopt the new implementation and silence this warning.
  long = sales_clean.stack(dropna=False).reset_index()
J:\Toni\Vibing\VN2_Opus\forecaster.py:57: FutureWarning: The previous implementation of stack is deprecated and will be removed in a future version of pandas. See the What's New notes for pandas 2.1.0 for details. Specify future_stack=True to adopt the new implementation and silence this warning.
  long = sales_clean.stack(dropna=False).reset_index()
[I 2026-04-21 16:33:14,697] Trial 28 finished with value: 3621.1000000000004 and parameters: {'w_ma': 0.31215051923640685, 'w_lgb_share': 0.5973434896112119, 'multiplier': 1.0750382414278776, 'safety_units': 0.16805673757008188, 'lgb_n_estimators': 248, 'lgb_lr': 0.03535400386645625, 'lgb_num_leaves': 24, 'lgb_min_child_samples': 14, 'lgb_subsample': 0.8571370615096641, 'lgb_colsample': 0.8900442041044305, 'lgb_reg_alpha': 0.2881110488839376, 'lgb_reg_lambda': 0.07829509249822378, 'cb_iterations': 295, 'cb_lr': 0.08078515370486598, 'cb_depth': 6, 'cb_l2': 3.4839967851824376}. Best is trial 15 with value: 3617.4500000000003.
J:\Toni\Vibing\VN2_Opus\forecaster.py:57: FutureWarning: The previous implementation of stack is deprecated and will be removed in a future version of pandas. See the What's New notes for pandas 2.1.0 for details. Specify future_stack=True to adopt the new implementation and silence this warning.
  long = sales_clean.stack(dropna=False).reset_index()
J:\Toni\Vibing\VN2_Opus\forecaster.py:57: FutureWarning: The previous implementation of stack is deprecated and will be removed in a future version of pandas. See the What's New notes for pandas 2.1.0 for details. Specify future_stack=True to adopt the new implementation and silence this warning.
  long = sales_clean.stack(dropna=False).reset_index()
J:\Toni\Vibing\VN2_Opus\forecaster.py:57: FutureWarning: The previous implementation of stack is deprecated and will be removed in a future version of pandas. See the What's New notes for pandas 2.1.0 for details. Specify future_stack=True to adopt the new implementation and silence this warning.
  long = sales_clean.stack(dropna=False).reset_index()
J:\Toni\Vibing\VN2_Opus\forecaster.py:57: FutureWarning: The previous implementation of stack is deprecated and will be removed in a future version of pandas. See the What's New notes for pandas 2.1.0 for details. Specify future_stack=True to adopt the new implementation and silence this warning.
  long = sales_clean.stack(dropna=False).reset_index()
[I 2026-04-21 16:33:27,276] Trial 29 finished with value: 3625.8500000000004 and parameters: {'w_ma': 0.29368964381695867, 'w_lgb_share': 0.4443104677078753, 'multiplier': 1.076548217677396, 'safety_units': 0.15040960252893346, 'lgb_n_estimators': 199, 'lgb_lr': 0.04992564896884001, 'lgb_num_leaves': 21, 'lgb_min_child_samples': 10, 'lgb_subsample': 0.855166441867744, 'lgb_colsample': 0.8013362688854444, 'lgb_reg_alpha': 0.3120132243465881, 'lgb_reg_lambda': 0.012071668733417362, 'cb_iterations': 322, 'cb_lr': 0.08427450385641065, 'cb_depth': 6, 'cb_l2': 3.6266017457424318}. Best is trial 15 with value: 3617.4500000000003.
J:\Toni\Vibing\VN2_Opus\forecaster.py:57: FutureWarning: The previous implementation of stack is deprecated and will be removed in a future version of pandas. See the What's New notes for pandas 2.1.0 for details. Specify future_stack=True to adopt the new implementation and silence this warning.
  long = sales_clean.stack(dropna=False).reset_index()
J:\Toni\Vibing\VN2_Opus\forecaster.py:57: FutureWarning: The previous implementation of stack is deprecated and will be removed in a future version of pandas. See the What's New notes for pandas 2.1.0 for details. Specify future_stack=True to adopt the new implementation and silence this warning.
  long = sales_clean.stack(dropna=False).reset_index()
J:\Toni\Vibing\VN2_Opus\forecaster.py:57: FutureWarning: The previous implementation of stack is deprecated and will be removed in a future version of pandas. See the What's New notes for pandas 2.1.0 for details. Specify future_stack=True to adopt the new implementation and silence this warning.
  long = sales_clean.stack(dropna=False).reset_index()
J:\Toni\Vibing\VN2_Opus\forecaster.py:57: FutureWarning: The previous implementation of stack is deprecated and will be removed in a future version of pandas. See the What's New notes for pandas 2.1.0 for details. Specify future_stack=True to adopt the new implementation and silence this warning.
  long = sales_clean.stack(dropna=False).reset_index()
[I 2026-04-21 16:33:38,426] Trial 30 finished with value: 3639.9000000000005 and parameters: {'w_ma': 0.33545164821548445, 'w_lgb_share': 0.5877393784224649, 'multiplier': 1.0925112057744417, 'safety_units': 0.6900371228402675, 'lgb_n_estimators': 250, 'lgb_lr': 0.05535148029093087, 'lgb_num_leaves': 24, 'lgb_min_child_samples': 11, 'lgb_subsample': 0.8805470039359236, 'lgb_colsample': 0.9226130205306817, 'lgb_reg_alpha': 0.24610890580703026, 'lgb_reg_lambda': 0.0673560664855112, 'cb_iterations': 293, 'cb_lr': 0.08037570370326934, 'cb_depth': 5, 'cb_l2': 4.289940905488516}. Best is trial 15 with value: 3617.4500000000003.
J:\Toni\Vibing\VN2_Opus\forecaster.py:57: FutureWarning: The previous implementation of stack is deprecated and will be removed in a future version of pandas. See the What's New notes for pandas 2.1.0 for details. Specify future_stack=True to adopt the new implementation and silence this warning.
  long = sales_clean.stack(dropna=False).reset_index()
J:\Toni\Vibing\VN2_Opus\forecaster.py:57: FutureWarning: The previous implementation of stack is deprecated and will be removed in a future version of pandas. See the What's New notes for pandas 2.1.0 for details. Specify future_stack=True to adopt the new implementation and silence this warning.
  long = sales_clean.stack(dropna=False).reset_index()
J:\Toni\Vibing\VN2_Opus\forecaster.py:57: FutureWarning: The previous implementation of stack is deprecated and will be removed in a future version of pandas. See the What's New notes for pandas 2.1.0 for details. Specify future_stack=True to adopt the new implementation and silence this warning.
  long = sales_clean.stack(dropna=False).reset_index()
