J:\Toni\Vibing\VN2_Opus\tcn_forecaster.py:369: FutureWarning: Downcasting object dtype arrays on .fillna, .ffill, .bfill is deprecated and will change in a future version. Call result.infer_objects(copy=False) instead. To opt-in to the future behavior, set `pd.set_option('future.no_silent_downcasting', True)`
  in_stock_a = in_stock_a.fillna(True).astype(bool)
J:\Toni\Vibing\VN2_Opus\tcn_forecaster.py:369: FutureWarning: Downcasting object dtype arrays on .fillna, .ffill, .bfill is deprecated and will change in a future version. Call result.infer_objects(copy=False) instead. To opt-in to the future behavior, set `pd.set_option('future.no_silent_downcasting', True)`
  in_stock_a = in_stock_a.fillna(True).astype(bool)
J:\Toni\Vibing\VN2_Opus\tcn_forecaster.py:369: FutureWarning: Downcasting object dtype arrays on .fillna, .ffill, .bfill is deprecated and will change in a future version. Call result.infer_objects(copy=False) instead. To opt-in to the future behavior, set `pd.set_option('future.no_silent_downcasting', True)`
  in_stock_a = in_stock_a.fillna(True).astype(bool)
J:\Toni\Vibing\VN2_Opus\tcn_forecaster.py:369: FutureWarning: Downcasting object dtype arrays on .fillna, .ffill, .bfill is deprecated and will change in a future version. Call result.infer_objects(copy=False) instead. To opt-in to the future behavior, set `pd.set_option('future.no_silent_downcasting', True)`
  in_stock_a = in_stock_a.fillna(True).astype(bool)
J:\Toni\Vibing\VN2_Opus\tcn_forecaster.py:369: FutureWarning: Downcasting object dtype arrays on .fillna, .ffill, .bfill is deprecated and will change in a future version. Call result.infer_objects(copy=False) instead. To opt-in to the future behavior, set `pd.set_option('future.no_silent_downcasting', True)`
  in_stock_a = in_stock_a.fillna(True).astype(bool)
J:\Toni\Vibing\VN2_Opus\tcn_forecaster.py:369: FutureWarning: Downcasting object dtype arrays on .fillna, .ffill, .bfill is deprecated and will change in a future version. Call result.infer_objects(copy=False) instead. To opt-in to the future behavior, set `pd.set_option('future.no_silent_downcasting', True)`
  in_stock_a = in_stock_a.fillna(True).astype(bool)
J:\Toni\Vibing\VN2_Opus\tcn_forecaster.py:369: FutureWarning: Downcasting object dtype arrays on .fillna, .ffill, .bfill is deprecated and will change in a future version. Call result.infer_objects(copy=False) instead. To opt-in to the future behavior, set `pd.set_option('future.no_silent_downcasting', True)`
  in_stock_a = in_stock_a.fillna(True).astype(bool)
J:\Toni\Vibing\VN2_Opus\tcn_forecaster.py:369: FutureWarning: Downcasting object dtype arrays on .fillna, .ffill, .bfill is deprecated and will change in a future version. Call result.infer_objects(copy=False) instead. To opt-in to the future behavior, set `pd.set_option('future.no_silent_downcasting', True)`
  in_stock_a = in_stock_a.fillna(True).astype(bool)
J:\Toni\Vibing\VN2_Opus\tcn_forecaster.py:369: FutureWarning: Downcasting object dtype arrays on .fillna, .ffill, .bfill is deprecated and will change in a future version. Call result.infer_objects(copy=False) instead. To opt-in to the future behavior, set `pd.set_option('future.no_silent_downcasting', True)`
  in_stock_a = in_stock_a.fillna(True).astype(bool)
J:\Toni\Vibing\VN2_Opus\tcn_forecaster.py:369: FutureWarning: Downcasting object dtype arrays on .fillna, .ffill, .bfill is deprecated and will change in a future version. Call result.infer_objects(copy=False) instead. To opt-in to the future behavior, set `pd.set_option('future.no_silent_downcasting', True)`
  in_stock_a = in_stock_a.fillna(True).astype(bool)
J:\Toni\Vibing\VN2_Opus\tcn_forecaster.py:369: FutureWarning: Downcasting object dtype arrays on .fillna, .ffill, .bfill is deprecated and will change in a future version. Call result.infer_objects(copy=False) instead. To opt-in to the future behavior, set `pd.set_option('future.no_silent_downcasting', True)`
  in_stock_a = in_stock_a.fillna(True).astype(bool)
J:\Toni\Vibing\VN2_Opus\tcn_forecaster.py:369: FutureWarning: Downcasting object dtype arrays on .fillna, .ffill, .bfill is deprecated and will change in a future version. Call result.infer_objects(copy=False) instead. To opt-in to the future behavior, set `pd.set_option('future.no_silent_downcasting', True)`
  in_stock_a = in_stock_a.fillna(True).astype(bool)
J:\Toni\Vibing\VN2_Opus\tcn_forecaster.py:369: FutureWarning: Downcasting object dtype arrays on .fillna, .ffill, .bfill is deprecated and will change in a future version. Call result.infer_objects(copy=False) instead. To opt-in to the future behavior, set `pd.set_option('future.no_silent_downcasting', True)`
  in_stock_a = in_stock_a.fillna(True).astype(bool)
J:\Toni\Vibing\VN2_Opus\tcn_forecaster.py:369: FutureWarning: Downcasting object dtype arrays on .fillna, .ffill, .bfill is deprecated and will change in a future version. Call result.infer_objects(copy=False) instead. To opt-in to the future behavior, set `pd.set_option('future.no_silent_downcasting', True)`
  in_stock_a = in_stock_a.fillna(True).astype(bool)
J:\Toni\Vibing\VN2_Opus\tcn_forecaster.py:369: FutureWarning: Downcasting object dtype arrays on .fillna, .ffill, .bfill is deprecated and will change in a future version. Call result.infer_objects(copy=False) instead. To opt-in to the future behavior, set `pd.set_option('future.no_silent_downcasting', True)`
  in_stock_a = in_stock_a.fillna(True).astype(bool)
J:\Toni\Vibing\VN2_Opus\tcn_forecaster.py:369: FutureWarning: Downcasting object dtype arrays on .fillna, .ffill, .bfill is deprecated and will change in a future version. Call result.infer_objects(copy=False) instead. To opt-in to the future behavior, set `pd.set_option('future.no_silent_downcasting', True)`
  in_stock_a = in_stock_a.fillna(True).astype(bool)
J:\Toni\Vibing\VN2_Opus\tcn_forecaster.py:369: FutureWarning: Downcasting object dtype arrays on .fillna, .ffill, .bfill is deprecated and will change in a future version. Call result.infer_objects(copy=False) instead. To opt-in to the future behavior, set `pd.set_option('future.no_silent_downcasting', True)`
  in_stock_a = in_stock_a.fillna(True).astype(bool)
J:\Toni\Vibing\VN2_Opus\tcn_forecaster.py:369: FutureWarning: Downcasting object dtype arrays on .fillna, .ffill, .bfill is deprecated and will change in a future version. Call result.infer_objects(copy=False) instead. To opt-in to the future behavior, set `pd.set_option('future.no_silent_downcasting', True)`
  in_stock_a = in_stock_a.fillna(True).astype(bool)
J:\Toni\Vibing\VN2_Opus\tcn_forecaster.py:369: FutureWarning: Downcasting object dtype arrays on .fillna, .ffill, .bfill is deprecated and will change in a future version. Call result.infer_objects(copy=False) instead. To opt-in to the future behavior, set `pd.set_option('future.no_silent_downcasting', True)`
  in_stock_a = in_stock_a.fillna(True).astype(bool)
J:\Toni\Vibing\VN2_Opus\tcn_forecaster.py:369: FutureWarning: Downcasting object dtype arrays on .fillna, .ffill, .bfill is deprecated and will change in a future version. Call result.infer_objects(copy=False) instead. To opt-in to the future behavior, set `pd.set_option('future.no_silent_downcasting', True)`
  in_stock_a = in_stock_a.fillna(True).astype(bool)
J:\Toni\Vibing\VN2_Opus\tcn_forecaster.py:369: FutureWarning: Downcasting object dtype arrays on .fillna, .ffill, .bfill is deprecated and will change in a future version. Call result.infer_objects(copy=False) instead. To opt-in to the future behavior, set `pd.set_option('future.no_silent_downcasting', True)`
  in_stock_a = in_stock_a.fillna(True).astype(bool)
J:\Toni\Vibing\VN2_Opus\tcn_forecaster.py:369: FutureWarning: Downcasting object dtype arrays on .fillna, .ffill, .bfill is deprecated and will change in a future version. Call result.infer_objects(copy=False) instead. To opt-in to the future behavior, set `pd.set_option('future.no_silent_downcasting', True)`
  in_stock_a = in_stock_a.fillna(True).astype(bool)
J:\Toni\Vibing\VN2_Opus\tcn_forecaster.py:369: FutureWarning: Downcasting object dtype arrays on .fillna, .ffill, .bfill is deprecated and will change in a future version. Call result.infer_objects(copy=False) instead. To opt-in to the future behavior, set `pd.set_option('future.no_silent_downcasting', True)`
  in_stock_a = in_stock_a.fillna(True).astype(bool)
J:\Toni\Vibing\VN2_Opus\tcn_forecaster.py:369: FutureWarning: Downcasting object dtype arrays on .fillna, .ffill, .bfill is deprecated and will change in a future version. Call result.infer_objects(copy=False) instead. To opt-in to the future behavior, set `pd.set_option('future.no_silent_downcasting', True)`
  in_stock_a = in_stock_a.fillna(True).astype(bool)
J:\Toni\Vibing\VN2_Opus\tcn_forecaster.py:369: FutureWarning: Downcasting object dtype arrays on .fillna, .ffill, .bfill is deprecated and will change in a future version. Call result.infer_objects(copy=False) instead. To opt-in to the future behavior, set `pd.set_option('future.no_silent_downcasting', True)`
  in_stock_a = in_stock_a.fillna(True).astype(bool)
J:\Toni\Vibing\VN2_Opus\tcn_forecaster.py:369: FutureWarning: Downcasting object dtype arrays on .fillna, .ffill, .bfill is deprecated and will change in a future version. Call result.infer_objects(copy=False) instead. To opt-in to the future behavior, set `pd.set_option('future.no_silent_downcasting', True)`
  in_stock_a = in_stock_a.fillna(True).astype(bool)
J:\Toni\Vibing\VN2_Opus\tcn_forecaster.py:369: FutureWarning: Downcasting object dtype arrays on .fillna, .ffill, .bfill is deprecated and will change in a future version. Call result.infer_objects(copy=False) instead. To opt-in to the future behavior, set `pd.set_option('future.no_silent_downcasting', True)`
  in_stock_a = in_stock_a.fillna(True).astype(bool)
J:\Toni\Vibing\VN2_Opus\tcn_forecaster.py:369: FutureWarning: Downcasting object dtype arrays on .fillna, .ffill, .bfill is deprecated and will change in a future version. Call result.infer_objects(copy=False) instead. To opt-in to the future behavior, set `pd.set_option('future.no_silent_downcasting', True)`
  in_stock_a = in_stock_a.fillna(True).astype(bool)
J:\Toni\Vibing\VN2_Opus\tcn_forecaster.py:369: FutureWarning: Downcasting object dtype arrays on .fillna, .ffill, .bfill is deprecated and will change in a future version. Call result.infer_objects(copy=False) instead. To opt-in to the future behavior, set `pd.set_option('future.no_silent_downcasting', True)`
  in_stock_a = in_stock_a.fillna(True).astype(bool)
J:\Toni\Vibing\VN2_Opus\tcn_forecaster.py:369: FutureWarning: Downcasting object dtype arrays on .fillna, .ffill, .bfill is deprecated and will change in a future version. Call result.infer_objects(copy=False) instead. To opt-in to the future behavior, set `pd.set_option('future.no_silent_downcasting', True)`
  in_stock_a = in_stock_a.fillna(True).astype(bool)
J:\Toni\Vibing\VN2_Opus\tcn_forecaster.py:369: FutureWarning: Downcasting object dtype arrays on .fillna, .ffill, .bfill is deprecated and will change in a future version. Call result.infer_objects(copy=False) instead. To opt-in to the future behavior, set `pd.set_option('future.no_silent_downcasting', True)`
  in_stock_a = in_stock_a.fillna(True).astype(bool)
J:\Toni\Vibing\VN2_Opus\tcn_forecaster.py:369: FutureWarning: Downcasting object dtype arrays on .fillna, .ffill, .bfill is deprecated and will change in a future version. Call result.infer_objects(copy=False) instead. To opt-in to the future behavior, set `pd.set_option('future.no_silent_downcasting', True)`
  in_stock_a = in_stock_a.fillna(True).astype(bool)
J:\Toni\Vibing\VN2_Opus\tcn_forecaster.py:369: FutureWarning: Downcasting object dtype arrays on .fillna, .ffill, .bfill is deprecated and will change in a future version. Call result.infer_objects(copy=False) instead. To opt-in to the future behavior, set `pd.set_option('future.no_silent_downcasting', True)`
  in_stock_a = in_stock_a.fillna(True).astype(bool)
J:\Toni\Vibing\VN2_Opus\tcn_forecaster.py:369: FutureWarning: Downcasting object dtype arrays on .fillna, .ffill, .bfill is deprecated and will change in a future version. Call result.infer_objects(copy=False) instead. To opt-in to the future behavior, set `pd.set_option('future.no_silent_downcasting', True)`
  in_stock_a = in_stock_a.fillna(True).astype(bool)
J:\Toni\Vibing\VN2_Opus\tcn_forecaster.py:369: FutureWarning: Downcasting object dtype arrays on .fillna, .ffill, .bfill is deprecated and will change in a future version. Call result.infer_objects(copy=False) instead. To opt-in to the future behavior, set `pd.set_option('future.no_silent_downcasting', True)`
  in_stock_a = in_stock_a.fillna(True).astype(bool)
[tcn_cov2_m1.10_fast] folds=['cv0', 'cv1', 'cv2', 'cv3'] val=True cov=2 mult=1.1 cfg_horizon=5 hidden=64

=== tcn_cov2_m1.10_fast ===
      competition_cost  comp_holding  comp_shortage  fc_mae  fc_wape  fc_bias
fold                                                                         
cv0           4,034.00      1,296.00       2,738.00    2.84     0.49    -0.94
cv1           3,474.60      1,518.60       1,956.00    2.56     0.43     0.03
cv2           3,556.60      1,468.60       2,088.00    2.52     0.44    -0.08
cv3           3,632.60      1,928.60       1,704.00    2.79     0.50     0.40
  MEAN  competition_cost = 3,674.45  (holding=1,552.95, shortage=2,121.50)
  MEAN  forecast MAE=2.68  WAPE=0.464  bias=-0.15
  VAL   competition_cost = 2,850.80  (holding=1,735.80, shortage=1,115.00)
  VAL   forecast MAE=2.29  WAPE=0.450  bias=+0.60

[tcn_cov2_m1.10_fast] total wall-time: 2556.2s
