J:\Toni\Vibing\VN2_Opus\tcn_forecaster.py:444: FutureWarning: Downcasting object dtype arrays on .fillna, .ffill, .bfill is deprecated and will change in a future version. Call result.infer_objects(copy=False) instead. To opt-in to the future behavior, set `pd.set_option('future.no_silent_downcasting', True)`
  in_stock_a = in_stock_a.fillna(True).astype(bool)
J:\Toni\Vibing\VN2_Opus\tcn_forecaster.py:444: FutureWarning: Downcasting object dtype arrays on .fillna, .ffill, .bfill is deprecated and will change in a future version. Call result.infer_objects(copy=False) instead. To opt-in to the future behavior, set `pd.set_option('future.no_silent_downcasting', True)`
  in_stock_a = in_stock_a.fillna(True).astype(bool)
J:\Toni\Vibing\VN2_Opus\tcn_forecaster.py:444: FutureWarning: Downcasting object dtype arrays on .fillna, .ffill, .bfill is deprecated and will change in a future version. Call result.infer_objects(copy=False) instead. To opt-in to the future behavior, set `pd.set_option('future.no_silent_downcasting', True)`
  in_stock_a = in_stock_a.fillna(True).astype(bool)
J:\Toni\Vibing\VN2_Opus\tcn_forecaster.py:444: FutureWarning: Downcasting object dtype arrays on .fillna, .ffill, .bfill is deprecated and will change in a future version. Call result.infer_objects(copy=False) instead. To opt-in to the future behavior, set `pd.set_option('future.no_silent_downcasting', True)`
  in_stock_a = in_stock_a.fillna(True).astype(bool)
J:\Toni\Vibing\VN2_Opus\tcn_forecaster.py:444: FutureWarning: Downcasting object dtype arrays on .fillna, .ffill, .bfill is deprecated and will change in a future version. Call result.infer_objects(copy=False) instead. To opt-in to the future behavior, set `pd.set_option('future.no_silent_downcasting', True)`
  in_stock_a = in_stock_a.fillna(True).astype(bool)
J:\Toni\Vibing\VN2_Opus\tcn_forecaster.py:444: FutureWarning: Downcasting object dtype arrays on .fillna, .ffill, .bfill is deprecated and will change in a future version. Call result.infer_objects(copy=False) instead. To opt-in to the future behavior, set `pd.set_option('future.no_silent_downcasting', True)`
  in_stock_a = in_stock_a.fillna(True).astype(bool)
J:\Toni\Vibing\VN2_Opus\tcn_forecaster.py:444: FutureWarning: Downcasting object dtype arrays on .fillna, .ffill, .bfill is deprecated and will change in a future version. Call result.infer_objects(copy=False) instead. To opt-in to the future behavior, set `pd.set_option('future.no_silent_downcasting', True)`
  in_stock_a = in_stock_a.fillna(True).astype(bool)
J:\Toni\Vibing\VN2_Opus\tcn_forecaster.py:444: FutureWarning: Downcasting object dtype arrays on .fillna, .ffill, .bfill is deprecated and will change in a future version. Call result.infer_objects(copy=False) instead. To opt-in to the future behavior, set `pd.set_option('future.no_silent_downcasting', True)`
  in_stock_a = in_stock_a.fillna(True).astype(bool)
J:\Toni\Vibing\VN2_Opus\tcn_forecaster.py:444: FutureWarning: Downcasting object dtype arrays on .fillna, .ffill, .bfill is deprecated and will change in a future version. Call result.infer_objects(copy=False) instead. To opt-in to the future behavior, set `pd.set_option('future.no_silent_downcasting', True)`
  in_stock_a = in_stock_a.fillna(True).astype(bool)
J:\Toni\Vibing\VN2_Opus\tcn_forecaster.py:444: FutureWarning: Downcasting object dtype arrays on .fillna, .ffill, .bfill is deprecated and will change in a future version. Call result.infer_objects(copy=False) instead. To opt-in to the future behavior, set `pd.set_option('future.no_silent_downcasting', True)`
  in_stock_a = in_stock_a.fillna(True).astype(bool)
J:\Toni\Vibing\VN2_Opus\tcn_forecaster.py:444: FutureWarning: Downcasting object dtype arrays on .fillna, .ffill, .bfill is deprecated and will change in a future version. Call result.infer_objects(copy=False) instead. To opt-in to the future behavior, set `pd.set_option('future.no_silent_downcasting', True)`
  in_stock_a = in_stock_a.fillna(True).astype(bool)
J:\Toni\Vibing\VN2_Opus\tcn_forecaster.py:444: FutureWarning: Downcasting object dtype arrays on .fillna, .ffill, .bfill is deprecated and will change in a future version. Call result.infer_objects(copy=False) instead. To opt-in to the future behavior, set `pd.set_option('future.no_silent_downcasting', True)`
  in_stock_a = in_stock_a.fillna(True).astype(bool)
J:\Toni\Vibing\VN2_Opus\tcn_forecaster.py:444: FutureWarning: Downcasting object dtype arrays on .fillna, .ffill, .bfill is deprecated and will change in a future version. Call result.infer_objects(copy=False) instead. To opt-in to the future behavior, set `pd.set_option('future.no_silent_downcasting', True)`
  in_stock_a = in_stock_a.fillna(True).astype(bool)
J:\Toni\Vibing\VN2_Opus\tcn_forecaster.py:444: FutureWarning: Downcasting object dtype arrays on .fillna, .ffill, .bfill is deprecated and will change in a future version. Call result.infer_objects(copy=False) instead. To opt-in to the future behavior, set `pd.set_option('future.no_silent_downcasting', True)`
  in_stock_a = in_stock_a.fillna(True).astype(bool)
J:\Toni\Vibing\VN2_Opus\tcn_forecaster.py:444: FutureWarning: Downcasting object dtype arrays on .fillna, .ffill, .bfill is deprecated and will change in a future version. Call result.infer_objects(copy=False) instead. To opt-in to the future behavior, set `pd.set_option('future.no_silent_downcasting', True)`
  in_stock_a = in_stock_a.fillna(True).astype(bool)
J:\Toni\Vibing\VN2_Opus\tcn_forecaster.py:444: FutureWarning: Downcasting object dtype arrays on .fillna, .ffill, .bfill is deprecated and will change in a future version. Call result.infer_objects(copy=False) instead. To opt-in to the future behavior, set `pd.set_option('future.no_silent_downcasting', True)`
  in_stock_a = in_stock_a.fillna(True).astype(bool)
J:\Toni\Vibing\VN2_Opus\tcn_forecaster.py:444: FutureWarning: Downcasting object dtype arrays on .fillna, .ffill, .bfill is deprecated and will change in a future version. Call result.infer_objects(copy=False) instead. To opt-in to the future behavior, set `pd.set_option('future.no_silent_downcasting', True)`
  in_stock_a = in_stock_a.fillna(True).astype(bool)
J:\Toni\Vibing\VN2_Opus\tcn_forecaster.py:444: FutureWarning: Downcasting object dtype arrays on .fillna, .ffill, .bfill is deprecated and will change in a future version. Call result.infer_objects(copy=False) instead. To opt-in to the future behavior, set `pd.set_option('future.no_silent_downcasting', True)`
  in_stock_a = in_stock_a.fillna(True).astype(bool)
J:\Toni\Vibing\VN2_Opus\tcn_forecaster.py:444: FutureWarning: Downcasting object dtype arrays on .fillna, .ffill, .bfill is deprecated and will change in a future version. Call result.infer_objects(copy=False) instead. To opt-in to the future behavior, set `pd.set_option('future.no_silent_downcasting', True)`
  in_stock_a = in_stock_a.fillna(True).astype(bool)
J:\Toni\Vibing\VN2_Opus\tcn_forecaster.py:444: FutureWarning: Downcasting object dtype arrays on .fillna, .ffill, .bfill is deprecated and will change in a future version. Call result.infer_objects(copy=False) instead. To opt-in to the future behavior, set `pd.set_option('future.no_silent_downcasting', True)`
  in_stock_a = in_stock_a.fillna(True).astype(bool)
J:\Toni\Vibing\VN2_Opus\tcn_forecaster.py:444: FutureWarning: Downcasting object dtype arrays on .fillna, .ffill, .bfill is deprecated and will change in a future version. Call result.infer_objects(copy=False) instead. To opt-in to the future behavior, set `pd.set_option('future.no_silent_downcasting', True)`
  in_stock_a = in_stock_a.fillna(True).astype(bool)
J:\Toni\Vibing\VN2_Opus\tcn_forecaster.py:444: FutureWarning: Downcasting object dtype arrays on .fillna, .ffill, .bfill is deprecated and will change in a future version. Call result.infer_objects(copy=False) instead. To opt-in to the future behavior, set `pd.set_option('future.no_silent_downcasting', True)`
  in_stock_a = in_stock_a.fillna(True).astype(bool)
J:\Toni\Vibing\VN2_Opus\tcn_forecaster.py:444: FutureWarning: Downcasting object dtype arrays on .fillna, .ffill, .bfill is deprecated and will change in a future version. Call result.infer_objects(copy=False) instead. To opt-in to the future behavior, set `pd.set_option('future.no_silent_downcasting', True)`
  in_stock_a = in_stock_a.fillna(True).astype(bool)
J:\Toni\Vibing\VN2_Opus\tcn_forecaster.py:444: FutureWarning: Downcasting object dtype arrays on .fillna, .ffill, .bfill is deprecated and will change in a future version. Call result.infer_objects(copy=False) instead. To opt-in to the future behavior, set `pd.set_option('future.no_silent_downcasting', True)`
  in_stock_a = in_stock_a.fillna(True).astype(bool)
J:\Toni\Vibing\VN2_Opus\tcn_forecaster.py:444: FutureWarning: Downcasting object dtype arrays on .fillna, .ffill, .bfill is deprecated and will change in a future version. Call result.infer_objects(copy=False) instead. To opt-in to the future behavior, set `pd.set_option('future.no_silent_downcasting', True)`
  in_stock_a = in_stock_a.fillna(True).astype(bool)
J:\Toni\Vibing\VN2_Opus\tcn_forecaster.py:444: FutureWarning: Downcasting object dtype arrays on .fillna, .ffill, .bfill is deprecated and will change in a future version. Call result.infer_objects(copy=False) instead. To opt-in to the future behavior, set `pd.set_option('future.no_silent_downcasting', True)`
  in_stock_a = in_stock_a.fillna(True).astype(bool)
J:\Toni\Vibing\VN2_Opus\tcn_forecaster.py:444: FutureWarning: Downcasting object dtype arrays on .fillna, .ffill, .bfill is deprecated and will change in a future version. Call result.infer_objects(copy=False) instead. To opt-in to the future behavior, set `pd.set_option('future.no_silent_downcasting', True)`
  in_stock_a = in_stock_a.fillna(True).astype(bool)
J:\Toni\Vibing\VN2_Opus\tcn_forecaster.py:444: FutureWarning: Downcasting object dtype arrays on .fillna, .ffill, .bfill is deprecated and will change in a future version. Call result.infer_objects(copy=False) instead. To opt-in to the future behavior, set `pd.set_option('future.no_silent_downcasting', True)`
  in_stock_a = in_stock_a.fillna(True).astype(bool)
J:\Toni\Vibing\VN2_Opus\tcn_forecaster.py:444: FutureWarning: Downcasting object dtype arrays on .fillna, .ffill, .bfill is deprecated and will change in a future version. Call result.infer_objects(copy=False) instead. To opt-in to the future behavior, set `pd.set_option('future.no_silent_downcasting', True)`
  in_stock_a = in_stock_a.fillna(True).astype(bool)
J:\Toni\Vibing\VN2_Opus\tcn_forecaster.py:444: FutureWarning: Downcasting object dtype arrays on .fillna, .ffill, .bfill is deprecated and will change in a future version. Call result.infer_objects(copy=False) instead. To opt-in to the future behavior, set `pd.set_option('future.no_silent_downcasting', True)`
  in_stock_a = in_stock_a.fillna(True).astype(bool)
J:\Toni\Vibing\VN2_Opus\tcn_forecaster.py:444: FutureWarning: Downcasting object dtype arrays on .fillna, .ffill, .bfill is deprecated and will change in a future version. Call result.infer_objects(copy=False) instead. To opt-in to the future behavior, set `pd.set_option('future.no_silent_downcasting', True)`
  in_stock_a = in_stock_a.fillna(True).astype(bool)
J:\Toni\Vibing\VN2_Opus\tcn_forecaster.py:444: FutureWarning: Downcasting object dtype arrays on .fillna, .ffill, .bfill is deprecated and will change in a future version. Call result.infer_objects(copy=False) instead. To opt-in to the future behavior, set `pd.set_option('future.no_silent_downcasting', True)`
  in_stock_a = in_stock_a.fillna(True).astype(bool)
J:\Toni\Vibing\VN2_Opus\tcn_forecaster.py:444: FutureWarning: Downcasting object dtype arrays on .fillna, .ffill, .bfill is deprecated and will change in a future version. Call result.infer_objects(copy=False) instead. To opt-in to the future behavior, set `pd.set_option('future.no_silent_downcasting', True)`
  in_stock_a = in_stock_a.fillna(True).astype(bool)
J:\Toni\Vibing\VN2_Opus\tcn_forecaster.py:444: FutureWarning: Downcasting object dtype arrays on .fillna, .ffill, .bfill is deprecated and will change in a future version. Call result.infer_objects(copy=False) instead. To opt-in to the future behavior, set `pd.set_option('future.no_silent_downcasting', True)`
  in_stock_a = in_stock_a.fillna(True).astype(bool)
J:\Toni\Vibing\VN2_Opus\tcn_forecaster.py:444: FutureWarning: Downcasting object dtype arrays on .fillna, .ffill, .bfill is deprecated and will change in a future version. Call result.infer_objects(copy=False) instead. To opt-in to the future behavior, set `pd.set_option('future.no_silent_downcasting', True)`
  in_stock_a = in_stock_a.fillna(True).astype(bool)
[tcn_v2_nosoftplus_cov2_m1.10] folds=['cv0', 'cv1', 'cv2', 'cv3'] val=True cov=2 mult=1.1 cfg_horizon=5 hidden=64

=== tcn_v2_nosoftplus_cov2_m1.10 ===
      competition_cost  comp_holding  comp_shortage  fc_mae  fc_wape  fc_bias
fold                                                                         
cv0           3,993.60      1,383.60       2,610.00    2.81     0.48    -0.68
cv1           3,579.40      1,420.40       2,159.00    2.59     0.43    -0.17
cv2           3,833.40      1,800.40       2,033.00    2.86     0.50     0.37
cv3           3,743.00      1,645.00       2,098.00    2.76     0.49    -0.13
  MEAN  competition_cost = 3,787.35  (holding=1,562.35, shortage=2,225.00)
  MEAN  forecast MAE=2.76  WAPE=0.478  bias=-0.15
  VAL   competition_cost = 2,869.20  (holding=1,620.20, shortage=1,249.00)
  VAL   forecast MAE=2.25  WAPE=0.444  bias=+0.40

[tcn_v2_nosoftplus_cov2_m1.10] total wall-time: 1642.3s
